This file contains any messages produced by compilers while
running configure, to aid debugging if configure makes a mistake.

It was created by libzyre configure 1.1.0, which was
generated by GNU Autoconf 2.65.  Invocation command line was

  $ ./configure 

## --------- ##
## Platform. ##
## --------- ##

hostname = ubuntu
uname -m = x86_64
uname -r = 3.13.0-32-generic
uname -s = Linux
uname -v = #57-Ubuntu SMP Tue Jul 15 03:51:08 UTC 2014

/usr/bin/uname -p = unknown
/bin/uname -X     = unknown

/bin/arch              = unknown
/usr/bin/arch -k       = unknown
/usr/convex/getsysinfo = unknown
/usr/bin/hostinfo      = unknown
/bin/machine           = unknown
/usr/bin/oslevel       = unknown
/bin/universe          = unknown

PATH: /usr/local/sbin
PATH: /usr/local/bin
PATH: /usr/sbin
PATH: /usr/bin
PATH: /sbin
PATH: /bin
PATH: /usr/games
PATH: /usr/local/games


## ----------- ##
## Core tests. ##
## ----------- ##

configure:2472: checking for a BSD-compatible install
configure:2540: result: /usr/bin/install -c
configure:2551: checking whether build environment is sane
configure:2601: result: yes
configure:2742: checking for a thread-safe mkdir -p
configure:2781: result: /bin/mkdir -p
configure:2794: checking for gawk
configure:2824: result: no
configure:2794: checking for mawk
configure:2810: found /usr/bin/mawk
configure:2821: result: mawk
configure:2832: checking whether make sets $(MAKE)
configure:2854: result: yes
configure:2929: checking how to create a ustar tar archive
configure:2942: tar --version
tar (GNU tar) 1.27.1
Copyright (C) 2013 Free Software Foundation, Inc.
License GPLv3+: GNU GPL version 3 or later <http://gnu.org/licenses/gpl.html>.
This is free software: you are free to change and redistribute it.
There is NO WARRANTY, to the extent permitted by law.

Written by John Gilmore and Jay Fenlason.
configure:2945: $? = 0
configure:2985: tardir=conftest.dir && eval tar --format=ustar -chf - "$tardir" >conftest.tar
configure:2988: $? = 0
configure:2992: tar -xf - <conftest.tar
configure:2995: $? = 0
configure:3008: result: gnutar
configure:3101: checking for gcc
configure:3117: found /usr/bin/gcc
configure:3128: result: gcc
configure:3357: checking for C compiler version
configure:3366: gcc --version >&5
gcc (Ubuntu 4.8.2-19ubuntu1) 4.8.2
Copyright (C) 2013 Free Software Foundation, Inc.
This is free software; see the source for copying conditions.  There is NO
warranty; not even for MERCHANTABILITY or FITNESS FOR A PARTICULAR PURPOSE.

configure:3377: $? = 0
configure:3366: gcc -v >&5
Using built-in specs.
COLLECT_GCC=gcc
COLLECT_LTO_WRAPPER=/usr/lib/gcc/x86_64-linux-gnu/4.8/lto-wrapper
Target: x86_64-linux-gnu
Configured with: ../src/configure -v --with-pkgversion='Ubuntu 4.8.2-19ubuntu1' --with-bugurl=file:///usr/share/doc/gcc-4.8/README.Bugs --enable-languages=c,c++,java,go,d,fortran,objc,obj-c++ --prefix=/usr --program-suffix=-4.8 --enable-shared --enable-linker-build-id --libexecdir=/usr/lib --without-included-gettext --enable-threads=posix --with-gxx-include-dir=/usr/include/c++/4.8 --libdir=/usr/lib --enable-nls --with-sysroot=/ --enable-clocale=gnu --enable-libstdcxx-debug --enable-libstdcxx-time=yes --enable-gnu-unique-object --disable-libmudflap --enable-plugin --with-system-zlib --disable-browser-plugin --enable-java-awt=gtk --enable-gtk-cairo --with-java-home=/usr/lib/jvm/java-1.5.0-gcj-4.8-amd64/jre --enable-java-home --with-jvm-root-dir=/usr/lib/jvm/java-1.5.0-gcj-4.8-amd64 --with-jvm-jar-dir=/usr/lib/jvm-exports/java-1.5.0-gcj-4.8-amd64 --with-arch-directory=amd64 --with-ecj-jar=/usr/share/java/eclipse-ecj.jar --enable-objc-gc --enable-multiarch --disable-werror --with-arch-32=i686 --with-abi=m64 --with-multilib-list=m32,m64,mx32 --with-tune=generic --enable-checking=release --build=x86_64-linux-gnu --host=x86_64-linux-gnu --target=x86_64-linux-gnu
Thread model: posix
gcc version 4.8.2 (Ubuntu 4.8.2-19ubuntu1) 
configure:3377: $? = 0
configure:3366: gcc -V >&5
gcc: error: unrecognized command line option '-V'
gcc: fatal error: no input files
compilation terminated.
configure:3377: $? = 4
configure:3366: gcc -qversion >&5
gcc: error: unrecognized command line option '-qversion'
gcc: fatal error: no input files
compilation terminated.
configure:3377: $? = 4
configure:3397: checking whether the C compiler works
configure:3419: gcc    conftest.c  >&5
configure:3423: $? = 0
configure:3472: result: yes
configure:3475: checking for C compiler default output file name
configure:3477: result: a.out
configure:3483: checking for suffix of executables
configure:3490: gcc -o conftest    conftest.c  >&5
configure:3494: $? = 0
configure:3516: result: 
configure:3538: checking whether we are cross compiling
configure:3546: gcc -o conftest    conftest.c  >&5
configure:3550: $? = 0
configure:3557: ./conftest
configure:3561: $? = 0
configure:3576: result: no
configure:3581: checking for suffix of object files
configure:3603: gcc -c   conftest.c >&5
configure:3607: $? = 0
configure:3628: result: o
configure:3632: checking whether we are using the GNU C compiler
configure:3651: gcc -c   conftest.c >&5
configure:3651: $? = 0
configure:3660: result: yes
configure:3669: checking whether gcc accepts -g
configure:3689: gcc -c -g  conftest.c >&5
configure:3689: $? = 0
configure:3730: result: yes
configure:3747: checking for gcc option to accept ISO C89
configure:3811: gcc  -c -g -O2  conftest.c >&5
configure:3811: $? = 0
configure:3824: result: none needed
configure:3855: checking for style of include used by make
configure:3883: result: GNU
configure:3908: checking dependency style of gcc
configure:4018: result: gcc3
configure:4033: checking for gcc option to accept ISO C99
configure:4182: gcc  -c -g -O2  conftest.c >&5
conftest.c:64:29: error: expected ';', ',' or ')' before 'text'
 test_restrict (ccp restrict text)
                             ^
conftest.c: In function 'main':
conftest.c:118:18: error: expected '=', ',', ';', 'asm' or '__attribute__' before 'newvar'
   char *restrict newvar = "Another string";
                  ^
conftest.c:118:18: error: 'newvar' undeclared (first use in this function)
conftest.c:118:18: note: each undeclared identifier is reported only once for each function it appears in
conftest.c:128:3: error: 'for' loop initial declarations are only allowed in C99 mode
   for (int i = 0; i < ia->datasize; ++i)
   ^
conftest.c:128:3: note: use option -std=c99 or -std=gnu99 to compile your code
configure:4182: $? = 1
configure: failed program was:
| /* confdefs.h */
| #define PACKAGE_NAME "libzyre"
| #define PACKAGE_TARNAME "libzyre"
| #define PACKAGE_VERSION "1.1.0"
| #define PACKAGE_STRING "libzyre 1.1.0"
| #define PACKAGE_BUGREPORT "zeromq-dev@lists.zeromq.org"
| #define PACKAGE_URL ""
| #define PACKAGE "libzyre"
| #define VERSION "1.1.0"
| #define PACKAGE_VERSION_MAJOR 1
| #define PACKAGE_VERSION_MINOR 1
| #define PACKAGE_VERSION_PATCH 0
| /* end confdefs.h.  */
| #include <stdarg.h>
| #include <stdbool.h>
| #include <stdlib.h>
| #include <wchar.h>
| #include <stdio.h>
| 
| // Check varargs macros.  These examples are taken from C99 6.10.3.5.
| #define debug(...) fprintf (stderr, __VA_ARGS__)
| #define showlist(...) puts (#__VA_ARGS__)
| #define report(test,...) ((test) ? puts (#test) : printf (__VA_ARGS__))
| static void
| test_varargs_macros (void)
| {
|   int x = 1234;
|   int y = 5678;
|   debug ("Flag");
|   debug ("X = %d\n", x);
|   showlist (The first, second, and third items.);
|   report (x>y, "x is %d but y is %d", x, y);
| }
| 
| // Check long long types.
| #define BIG64 18446744073709551615ull
| #define BIG32 4294967295ul
| #define BIG_OK (BIG64 / BIG32 == 4294967297ull && BIG64 % BIG32 == 0)
| #if !BIG_OK
|   your preprocessor is broken;
| #endif
| #if BIG_OK
| #else
|   your preprocessor is broken;
| #endif
| static long long int bignum = -9223372036854775807LL;
| static unsigned long long int ubignum = BIG64;
| 
| struct incomplete_array
| {
|   int datasize;
|   double data[];
| };
| 
| struct named_init {
|   int number;
|   const wchar_t *name;
|   double average;
| };
| 
| typedef const char *ccp;
| 
| static inline int
| test_restrict (ccp restrict text)
| {
|   // See if C++-style comments work.
|   // Iterate through items via the restricted pointer.
|   // Also check for declarations in for loops.
|   for (unsigned int i = 0; *(text+i) != '\0'; ++i)
|     continue;
|   return 0;
| }
| 
| // Check varargs and va_copy.
| static void
| test_varargs (const char *format, ...)
| {
|   va_list args;
|   va_start (args, format);
|   va_list args_copy;
|   va_copy (args_copy, args);
| 
|   const char *str;
|   int number;
|   float fnumber;
| 
|   while (*format)
|     {
|       switch (*format++)
| 	{
| 	case 's': // string
| 	  str = va_arg (args_copy, const char *);
| 	  break;
| 	case 'd': // int
| 	  number = va_arg (args_copy, int);
| 	  break;
| 	case 'f': // float
| 	  fnumber = va_arg (args_copy, double);
| 	  break;
| 	default:
| 	  break;
| 	}
|     }
|   va_end (args_copy);
|   va_end (args);
| }
| 
| int
| main ()
| {
| 
|   // Check bool.
|   _Bool success = false;
| 
|   // Check restrict.
|   if (test_restrict ("String literal") == 0)
|     success = true;
|   char *restrict newvar = "Another string";
| 
|   // Check varargs.
|   test_varargs ("s, d' f .", "string", 65, 34.234);
|   test_varargs_macros ();
| 
|   // Check flexible array members.
|   struct incomplete_array *ia =
|     malloc (sizeof (struct incomplete_array) + (sizeof (double) * 10));
|   ia->datasize = 10;
|   for (int i = 0; i < ia->datasize; ++i)
|     ia->data[i] = i * 1.234;
| 
|   // Check named initializers.
|   struct named_init ni = {
|     .number = 34,
|     .name = L"Test wide string",
|     .average = 543.34343,
|   };
| 
|   ni.number = 58;
| 
|   int dynamic_array[ni.number];
|   dynamic_array[ni.number - 1] = 543;
| 
|   // work around unused variable warnings
|   return (!success || bignum == 0LL || ubignum == 0uLL || newvar[0] == 'x'
| 	  || dynamic_array[ni.number - 1] != 543);
| 
|   ;
|   return 0;
| }
configure:4182: gcc -std=gnu99 -c -g -O2  conftest.c >&5
configure:4182: $? = 0
configure:4202: result: -std=gnu99
configure:4211: checking whether gcc -std=gnu99 and cc understand -c and -o together
configure:4242: gcc -std=gnu99 -c conftest.c -o conftest2.o >&5
configure:4246: $? = 0
configure:4252: gcc -std=gnu99 -c conftest.c -o conftest2.o >&5
configure:4256: $? = 0
configure:4267: cc -c conftest.c >&5
configure:4271: $? = 0
configure:4279: cc -c conftest.c -o conftest2.o >&5
configure:4283: $? = 0
configure:4289: cc -c conftest.c -o conftest2.o >&5
configure:4293: $? = 0
configure:4311: result: yes
configure:4340: checking build system type
configure:4354: result: x86_64-unknown-linux-gnu
configure:4374: checking host system type
configure:4387: result: x86_64-unknown-linux-gnu
configure:4735: checking for a sed that does not truncate output
configure:4799: result: /bin/sed
configure:4817: checking for grep that handles long lines and -e
configure:4875: result: /bin/grep
configure:4880: checking for egrep
configure:4942: result: /bin/grep -E
configure:4947: checking for fgrep
configure:5009: result: /bin/grep -F
configure:5044: checking for ld used by gcc -std=gnu99
configure:5111: result: /usr/bin/ld
configure:5118: checking if the linker (/usr/bin/ld) is GNU ld
configure:5133: result: yes
configure:5145: checking for BSD- or MS-compatible name lister (nm)
configure:5194: result: /usr/bin/nm -B
configure:5312: checking the name lister (/usr/bin/nm -B) interface
configure:5319: gcc -std=gnu99 -c -g -O2  conftest.c >&5
configure:5322: /usr/bin/nm -B "conftest.o"
configure:5325: output
0000000000000000 B some_variable
configure:5332: result: BSD nm
configure:5335: checking whether ln -s works
configure:5339: result: yes
configure:5347: checking the maximum length of command line arguments
configure:5467: result: 1572864
configure:5484: checking whether the shell understands some XSI constructs
configure:5494: result: yes
configure:5498: checking whether the shell understands "+="
configure:5504: result: yes
configure:5539: checking for /usr/bin/ld option to reload object files
configure:5546: result: -r
configure:5615: checking for objdump
configure:5642: result: objdump
configure:5671: checking how to recognize dependent libraries
configure:5867: result: pass_all
configure:5927: checking for ar
configure:5943: found /usr/bin/ar
configure:5954: result: ar
configure:6032: checking for strip
configure:6048: found /usr/bin/strip
configure:6059: result: strip
configure:6131: checking for ranlib
configure:6147: found /usr/bin/ranlib
configure:6158: result: ranlib
configure:6248: checking command to parse /usr/bin/nm -B output from gcc -std=gnu99 object
configure:6366: gcc -std=gnu99 -c -g -O2  conftest.c >&5
configure:6369: $? = 0
configure:6373: /usr/bin/nm -B conftest.o \| sed -n -e 's/^.*[	 ]\([ABCDGIRSTW][ABCDGIRSTW]*\)[	 ][	 ]*\([_A-Za-z][_A-Za-z0-9]*\)$/\1 \2 \2/p' \> conftest.nm
configure:6376: $? = 0
configure:6430: gcc -std=gnu99 -o conftest -g -O2   conftest.c conftstm.o >&5
configure:6433: $? = 0
configure:6471: result: ok
configure:6567: gcc -std=gnu99 -c -g -O2  conftest.c >&5
configure:6570: $? = 0
configure:7280: checking how to run the C preprocessor
configure:7311: gcc -std=gnu99 -E  conftest.c
configure:7311: $? = 0
configure:7325: gcc -std=gnu99 -E  conftest.c
conftest.c:14:28: fatal error: ac_nonexistent.h: No such file or directory
 #include <ac_nonexistent.h>
                            ^
compilation terminated.
configure:7325: $? = 1
configure: failed program was:
| /* confdefs.h */
| #define PACKAGE_NAME "libzyre"
| #define PACKAGE_TARNAME "libzyre"
| #define PACKAGE_VERSION "1.1.0"
| #define PACKAGE_STRING "libzyre 1.1.0"
| #define PACKAGE_BUGREPORT "zeromq-dev@lists.zeromq.org"
| #define PACKAGE_URL ""
| #define PACKAGE "libzyre"
| #define VERSION "1.1.0"
| #define PACKAGE_VERSION_MAJOR 1
| #define PACKAGE_VERSION_MINOR 1
| #define PACKAGE_VERSION_PATCH 0
| /* end confdefs.h.  */
| #include <ac_nonexistent.h>
configure:7350: result: gcc -std=gnu99 -E
configure:7370: gcc -std=gnu99 -E  conftest.c
configure:7370: $? = 0
configure:7384: gcc -std=gnu99 -E  conftest.c
conftest.c:14:28: fatal error: ac_nonexistent.h: No such file or directory
 #include <ac_nonexistent.h>
                            ^
compilation terminated.
configure:7384: $? = 1
configure: failed program was:
| /* confdefs.h */
| #define PACKAGE_NAME "libzyre"
| #define PACKAGE_TARNAME "libzyre"
| #define PACKAGE_VERSION "1.1.0"
| #define PACKAGE_STRING "libzyre 1.1.0"
| #define PACKAGE_BUGREPORT "zeromq-dev@lists.zeromq.org"
| #define PACKAGE_URL ""
| #define PACKAGE "libzyre"
| #define VERSION "1.1.0"
| #define PACKAGE_VERSION_MAJOR 1
| #define PACKAGE_VERSION_MINOR 1
| #define PACKAGE_VERSION_PATCH 0
| /* end confdefs.h.  */
| #include <ac_nonexistent.h>
configure:7413: checking for ANSI C header files
configure:7433: gcc -std=gnu99 -c -g -O2  conftest.c >&5
configure:7433: $? = 0
configure:7506: gcc -std=gnu99 -o conftest -g -O2   conftest.c  >&5
configure:7506: $? = 0
configure:7506: ./conftest
configure:7506: $? = 0
configure:7517: result: yes
configure:7530: checking for sys/types.h
configure:7530: gcc -std=gnu99 -c -g -O2  conftest.c >&5
configure:7530: $? = 0
configure:7530: result: yes
configure:7530: checking for sys/stat.h
configure:7530: gcc -std=gnu99 -c -g -O2  conftest.c >&5
configure:7530: $? = 0
configure:7530: result: yes
configure:7530: checking for stdlib.h
configure:7530: gcc -std=gnu99 -c -g -O2  conftest.c >&5
configure:7530: $? = 0
configure:7530: result: yes
configure:7530: checking for string.h
configure:7530: gcc -std=gnu99 -c -g -O2  conftest.c >&5
configure:7530: $? = 0
configure:7530: result: yes
configure:7530: checking for memory.h
configure:7530: gcc -std=gnu99 -c -g -O2  conftest.c >&5
configure:7530: $? = 0
configure:7530: result: yes
configure:7530: checking for strings.h
configure:7530: gcc -std=gnu99 -c -g -O2  conftest.c >&5
configure:7530: $? = 0
configure:7530: result: yes
configure:7530: checking for inttypes.h
configure:7530: gcc -std=gnu99 -c -g -O2  conftest.c >&5
configure:7530: $? = 0
configure:7530: result: yes
configure:7530: checking for stdint.h
configure:7530: gcc -std=gnu99 -c -g -O2  conftest.c >&5
configure:7530: $? = 0
configure:7530: result: yes
configure:7530: checking for unistd.h
configure:7530: gcc -std=gnu99 -c -g -O2  conftest.c >&5
configure:7530: $? = 0
configure:7530: result: yes
configure:7545: checking for dlfcn.h
configure:7545: gcc -std=gnu99 -c -g -O2  conftest.c >&5
configure:7545: $? = 0
configure:7545: result: yes
configure:7727: checking for objdir
configure:7742: result: .libs
configure:8038: checking if gcc -std=gnu99 supports -fno-rtti -fno-exceptions
configure:8056: gcc -std=gnu99 -c -g -O2  -fno-rtti -fno-exceptions conftest.c >&5
cc1: warning: command line option '-fno-rtti' is valid for C++/ObjC++ but not for C [enabled by default]
configure:8060: $? = 0
configure:8073: result: no
configure:8093: checking for gcc -std=gnu99 option to produce PIC
configure:8365: result: -fPIC -DPIC
configure:8377: checking if gcc -std=gnu99 PIC flag -fPIC -DPIC works
configure:8395: gcc -std=gnu99 -c -g -O2  -fPIC -DPIC -DPIC conftest.c >&5
configure:8399: $? = 0
configure:8412: result: yes
configure:8436: checking if gcc -std=gnu99 static flag -static works
configure:8464: result: yes
configure:8479: checking if gcc -std=gnu99 supports -c -o file.o
configure:8500: gcc -std=gnu99 -c -g -O2  -o out/conftest2.o conftest.c >&5
configure:8504: $? = 0
configure:8526: result: yes
configure:8534: checking if gcc -std=gnu99 supports -c -o file.o
configure:8581: result: yes
configure:8614: checking whether the gcc -std=gnu99 linker (/usr/bin/ld -m elf_x86_64) supports shared libraries
configure:9605: result: yes
configure:9642: checking whether -lc should be explicitly linked in
configure:9647: gcc -std=gnu99 -c -g -O2  conftest.c >&5
configure:9650: $? = 0
configure:9665: gcc -std=gnu99 -shared conftest.o  -v -Wl,-soname -Wl,conftest -o conftest 2\>\&1 \| /bin/grep  -lc  \>/dev/null 2\>\&1
configure:9668: $? = 0
configure:9680: result: no
configure:9844: checking dynamic linker characteristics
configure:10277: gcc -std=gnu99 -o conftest -g -O2   -Wl,-rpath -Wl,/foo conftest.c  >&5
configure:10277: $? = 0
configure:10507: result: GNU/Linux ld.so
configure:10609: checking how to hardcode library paths into programs
configure:10634: result: immediate
configure:11154: checking whether stripping libraries is possible
configure:11159: result: yes
configure:11194: checking if libtool supports shared libraries
configure:11196: result: yes
configure:11199: checking whether to build shared libraries
configure:11220: result: yes
configure:11223: checking whether to build static libraries
configure:11227: result: yes
configure:11262: checking for a sed that does not truncate output
configure:11326: result: /bin/sed
configure:11335: checking for gawk
configure:11362: result: mawk
configure:11407: checking for zmq_init in -lzmq
configure:11432: gcc -std=gnu99 -o conftest -g -O2   conftest.c -lzmq   >&5
configure:11432: $? = 0
configure:11441: result: yes
configure:11450: checking whether libzmq installation works
configure:11463: gcc -std=gnu99 -o conftest -g -O2   conftest.c -lzmq  >&5
configure:11463: $? = 0
configure:11464: result: yes
configure:11489: checking for zctx_test in -lczmq
configure:11514: gcc -std=gnu99 -o conftest -g -O2   conftest.c -lczmq  -lzmq  >&5
configure:11514: $? = 0
configure:11523: result: yes
configure:11532: checking whether libczmq installation works
configure:11545: gcc -std=gnu99 -o conftest -g -O2   conftest.c -lczmq -lzmq  >&5
configure:11545: $? = 0
configure:11546: result: yes
configure:11568: checking for asciidoc
configure:11596: result: no
configure:11606: checking for xmlto
configure:11634: result: no
configure:11647: WARNING: You are building an unreleased version of libzyre and asciidoc or xmlto are not installed.
configure:11649: WARNING: Documentation will not be built and manual pages will not be installed.
configure:11653: checking whether to build documentation
configure:11655: result: no
configure:11657: checking whether to install manpages
configure:11659: result: no
configure:11770: checking for ANSI C header files
configure:11874: result: yes
configure:11886: checking errno.h usability
configure:11886: gcc -std=gnu99 -c -g -O2 -D_GNU_SOURCE -DLINUX -D_REENTRANT -D_THREAD_SAFE -fPIC  conftest.c >&5
configure:11886: $? = 0
configure:11886: result: yes
configure:11886: checking errno.h presence
configure:11886: gcc -std=gnu99 -E -D_GNU_SOURCE -DLINUX -D_REENTRANT -D_THREAD_SAFE -fPIC  conftest.c
configure:11886: $? = 0
configure:11886: result: yes
configure:11886: checking for errno.h
configure:11886: result: yes
configure:11886: checking arpa/inet.h usability
configure:11886: gcc -std=gnu99 -c -g -O2 -D_GNU_SOURCE -DLINUX -D_REENTRANT -D_THREAD_SAFE -fPIC  conftest.c >&5
configure:11886: $? = 0
configure:11886: result: yes
configure:11886: checking arpa/inet.h presence
configure:11886: gcc -std=gnu99 -E -D_GNU_SOURCE -DLINUX -D_REENTRANT -D_THREAD_SAFE -fPIC  conftest.c
configure:11886: $? = 0
configure:11886: result: yes
configure:11886: checking for arpa/inet.h
configure:11886: result: yes
configure:11886: checking netinet/tcp.h usability
configure:11886: gcc -std=gnu99 -c -g -O2 -D_GNU_SOURCE -DLINUX -D_REENTRANT -D_THREAD_SAFE -fPIC  conftest.c >&5
configure:11886: $? = 0
configure:11886: result: yes
configure:11886: checking netinet/tcp.h presence
configure:11886: gcc -std=gnu99 -E -D_GNU_SOURCE -DLINUX -D_REENTRANT -D_THREAD_SAFE -fPIC  conftest.c
configure:11886: $? = 0
configure:11886: result: yes
configure:11886: checking for netinet/tcp.h
configure:11886: result: yes
configure:11886: checking netinet/in.h usability
configure:11886: gcc -std=gnu99 -c -g -O2 -D_GNU_SOURCE -DLINUX -D_REENTRANT -D_THREAD_SAFE -fPIC  conftest.c >&5
configure:11886: $? = 0
configure:11886: result: yes
configure:11886: checking netinet/in.h presence
configure:11886: gcc -std=gnu99 -E -D_GNU_SOURCE -DLINUX -D_REENTRANT -D_THREAD_SAFE -fPIC  conftest.c
configure:11886: $? = 0
configure:11886: result: yes
configure:11886: checking for netinet/in.h
configure:11886: result: yes
configure:11886: checking stddef.h usability
configure:11886: gcc -std=gnu99 -c -g -O2 -D_GNU_SOURCE -DLINUX -D_REENTRANT -D_THREAD_SAFE -fPIC  conftest.c >&5
configure:11886: $? = 0
configure:11886: result: yes
configure:11886: checking stddef.h presence
configure:11886: gcc -std=gnu99 -E -D_GNU_SOURCE -DLINUX -D_REENTRANT -D_THREAD_SAFE -fPIC  conftest.c
configure:11886: $? = 0
configure:11886: result: yes
configure:11886: checking for stddef.h
configure:11886: result: yes
configure:11886: checking for stdlib.h
configure:11886: result: yes
configure:11886: checking for string.h
configure:11886: result: yes
configure:11886: checking sys/socket.h usability
configure:11886: gcc -std=gnu99 -c -g -O2 -D_GNU_SOURCE -DLINUX -D_REENTRANT -D_THREAD_SAFE -fPIC  conftest.c >&5
configure:11886: $? = 0
configure:11886: result: yes
configure:11886: checking sys/socket.h presence
configure:11886: gcc -std=gnu99 -E -D_GNU_SOURCE -DLINUX -D_REENTRANT -D_THREAD_SAFE -fPIC  conftest.c
configure:11886: $? = 0
configure:11886: result: yes
configure:11886: checking for sys/socket.h
configure:11886: result: yes
configure:11886: checking sys/time.h usability
configure:11886: gcc -std=gnu99 -c -g -O2 -D_GNU_SOURCE -DLINUX -D_REENTRANT -D_THREAD_SAFE -fPIC  conftest.c >&5
configure:11886: $? = 0
configure:11886: result: yes
configure:11886: checking sys/time.h presence
configure:11886: gcc -std=gnu99 -E -D_GNU_SOURCE -DLINUX -D_REENTRANT -D_THREAD_SAFE -fPIC  conftest.c
configure:11886: $? = 0
configure:11886: result: yes
configure:11886: checking for sys/time.h
configure:11886: result: yes
configure:11886: checking for unistd.h
configure:11886: result: yes
configure:11886: checking limits.h usability
configure:11886: gcc -std=gnu99 -c -g -O2 -D_GNU_SOURCE -DLINUX -D_REENTRANT -D_THREAD_SAFE -fPIC  conftest.c >&5
configure:11886: $? = 0
configure:11886: result: yes
configure:11886: checking limits.h presence
configure:11886: gcc -std=gnu99 -E -D_GNU_SOURCE -DLINUX -D_REENTRANT -D_THREAD_SAFE -fPIC  conftest.c
configure:11886: $? = 0
configure:11886: result: yes
configure:11886: checking for limits.h
configure:11886: result: yes
configure:11900: checking for net/if.h
configure:11900: gcc -std=gnu99 -c -g -O2 -D_GNU_SOURCE -DLINUX -D_REENTRANT -D_THREAD_SAFE -fPIC  conftest.c >&5
configure:11900: $? = 0
configure:11900: result: yes
configure:11900: checking for net/if_media.h
configure:11900: gcc -std=gnu99 -c -g -O2 -D_GNU_SOURCE -DLINUX -D_REENTRANT -D_THREAD_SAFE -fPIC  conftest.c >&5
conftest.c:46:26: fatal error: net/if_media.h: No such file or directory
 #include <net/if_media.h>
                          ^
compilation terminated.
configure:11900: $? = 1
configure: failed program was:
| /* confdefs.h */
| #define PACKAGE_NAME "libzyre"
| #define PACKAGE_TARNAME "libzyre"
| #define PACKAGE_VERSION "1.1.0"
| #define PACKAGE_STRING "libzyre 1.1.0"
| #define PACKAGE_BUGREPORT "zeromq-dev@lists.zeromq.org"
| #define PACKAGE_URL ""
| #define PACKAGE "libzyre"
| #define VERSION "1.1.0"
| #define PACKAGE_VERSION_MAJOR 1
| #define PACKAGE_VERSION_MINOR 1
| #define PACKAGE_VERSION_PATCH 0
| #define STDC_HEADERS 1
| #define HAVE_SYS_TYPES_H 1
| #define HAVE_SYS_STAT_H 1
| #define HAVE_STDLIB_H 1
| #define HAVE_STRING_H 1
| #define HAVE_MEMORY_H 1
| #define HAVE_STRINGS_H 1
| #define HAVE_INTTYPES_H 1
| #define HAVE_STDINT_H 1
| #define HAVE_UNISTD_H 1
| #define HAVE_DLFCN_H 1
| #define LT_OBJDIR ".libs/"
| #define LIBZYRE_HAVE_LINUX 1
| #define STDC_HEADERS 1
| #define HAVE_ERRNO_H 1
| #define HAVE_ARPA_INET_H 1
| #define HAVE_NETINET_TCP_H 1
| #define HAVE_NETINET_IN_H 1
| #define HAVE_STDDEF_H 1
| #define HAVE_STDLIB_H 1
| #define HAVE_STRING_H 1
| #define HAVE_SYS_SOCKET_H 1
| #define HAVE_SYS_TIME_H 1
| #define HAVE_UNISTD_H 1
| #define HAVE_LIMITS_H 1
| #define HAVE_NET_IF_H 1
| /* end confdefs.h.  */
| 
| #ifdef HAVE_SYS_SOCKET_H
| # include <sys/socket.h>
| #endif
| 
| 
| #include <net/if_media.h>
configure:11900: result: no
configure:11900: checking for linux/wireless.h
configure:11900: gcc -std=gnu99 -c -g -O2 -D_GNU_SOURCE -DLINUX -D_REENTRANT -D_THREAD_SAFE -fPIC  conftest.c >&5
configure:11900: $? = 0
configure:11900: result: yes
configure:11918: checking for stdbool.h that conforms to C99
configure:12003: gcc -std=gnu99 -c -g -O2 -D_GNU_SOURCE -DLINUX -D_REENTRANT -D_THREAD_SAFE -fPIC  conftest.c >&5
configure:12003: $? = 0
configure:12010: result: yes
configure:12012: checking for _Bool
configure:12012: gcc -std=gnu99 -c -g -O2 -D_GNU_SOURCE -DLINUX -D_REENTRANT -D_THREAD_SAFE -fPIC  conftest.c >&5
configure:12012: $? = 0
configure:12012: gcc -std=gnu99 -c -g -O2 -D_GNU_SOURCE -DLINUX -D_REENTRANT -D_THREAD_SAFE -fPIC  conftest.c >&5
conftest.c: In function 'main':
conftest.c:77:20: error: expected expression before ')' token
 if (sizeof ((_Bool)))
                    ^
configure:12012: $? = 1
configure: failed program was:
| /* confdefs.h */
| #define PACKAGE_NAME "libzyre"
| #define PACKAGE_TARNAME "libzyre"
| #define PACKAGE_VERSION "1.1.0"
| #define PACKAGE_STRING "libzyre 1.1.0"
| #define PACKAGE_BUGREPORT "zeromq-dev@lists.zeromq.org"
| #define PACKAGE_URL ""
| #define PACKAGE "libzyre"
| #define VERSION "1.1.0"
| #define PACKAGE_VERSION_MAJOR 1
| #define PACKAGE_VERSION_MINOR 1
| #define PACKAGE_VERSION_PATCH 0
| #define STDC_HEADERS 1
| #define HAVE_SYS_TYPES_H 1
| #define HAVE_SYS_STAT_H 1
| #define HAVE_STDLIB_H 1
| #define HAVE_STRING_H 1
| #define HAVE_MEMORY_H 1
| #define HAVE_STRINGS_H 1
| #define HAVE_INTTYPES_H 1
| #define HAVE_STDINT_H 1
| #define HAVE_UNISTD_H 1
| #define HAVE_DLFCN_H 1
| #define LT_OBJDIR ".libs/"
| #define LIBZYRE_HAVE_LINUX 1
| #define STDC_HEADERS 1
| #define HAVE_ERRNO_H 1
| #define HAVE_ARPA_INET_H 1
| #define HAVE_NETINET_TCP_H 1
| #define HAVE_NETINET_IN_H 1
| #define HAVE_STDDEF_H 1
| #define HAVE_STDLIB_H 1
| #define HAVE_STRING_H 1
| #define HAVE_SYS_SOCKET_H 1
| #define HAVE_SYS_TIME_H 1
| #define HAVE_UNISTD_H 1
| #define HAVE_LIMITS_H 1
| #define HAVE_NET_IF_H 1
| #define HAVE_LINUX_WIRELESS_H 1
| /* end confdefs.h.  */
| #include <stdio.h>
| #ifdef HAVE_SYS_TYPES_H
| # include <sys/types.h>
| #endif
| #ifdef HAVE_SYS_STAT_H
| # include <sys/stat.h>
| #endif
| #ifdef STDC_HEADERS
| # include <stdlib.h>
| # include <stddef.h>
| #else
| # ifdef HAVE_STDLIB_H
| #  include <stdlib.h>
| # endif
| #endif
| #ifdef HAVE_STRING_H
| # if !defined STDC_HEADERS && defined HAVE_MEMORY_H
| #  include <memory.h>
| # endif
| # include <string.h>
| #endif
| #ifdef HAVE_STRINGS_H
| # include <strings.h>
| #endif
| #ifdef HAVE_INTTYPES_H
| # include <inttypes.h>
| #endif
| #ifdef HAVE_STDINT_H
| # include <stdint.h>
| #endif
| #ifdef HAVE_UNISTD_H
| # include <unistd.h>
| #endif
| int
| main ()
| {
| if (sizeof ((_Bool)))
| 	    return 0;
|   ;
|   return 0;
| }
configure:12012: result: yes
configure:12028: checking for an ANSI C-conforming const
configure:12093: gcc -std=gnu99 -c -g -O2 -D_GNU_SOURCE -DLINUX -D_REENTRANT -D_THREAD_SAFE -fPIC  conftest.c >&5
configure:12093: $? = 0
configure:12100: result: yes
configure:12108: checking for inline
configure:12124: gcc -std=gnu99 -c -g -O2 -D_GNU_SOURCE -DLINUX -D_REENTRANT -D_THREAD_SAFE -fPIC  conftest.c >&5
configure:12124: $? = 0
configure:12132: result: inline
configure:12150: checking for size_t
configure:12150: gcc -std=gnu99 -c -g -O2 -D_GNU_SOURCE -DLINUX -D_REENTRANT -D_THREAD_SAFE -fPIC  conftest.c >&5
configure:12150: $? = 0
configure:12150: gcc -std=gnu99 -c -g -O2 -D_GNU_SOURCE -DLINUX -D_REENTRANT -D_THREAD_SAFE -fPIC  conftest.c >&5
conftest.c: In function 'main':
conftest.c:79:21: error: expected expression before ')' token
 if (sizeof ((size_t)))
                     ^
configure:12150: $? = 1
configure: failed program was:
| /* confdefs.h */
| #define PACKAGE_NAME "libzyre"
| #define PACKAGE_TARNAME "libzyre"
| #define PACKAGE_VERSION "1.1.0"
| #define PACKAGE_STRING "libzyre 1.1.0"
| #define PACKAGE_BUGREPORT "zeromq-dev@lists.zeromq.org"
| #define PACKAGE_URL ""
| #define PACKAGE "libzyre"
| #define VERSION "1.1.0"
| #define PACKAGE_VERSION_MAJOR 1
| #define PACKAGE_VERSION_MINOR 1
| #define PACKAGE_VERSION_PATCH 0
| #define STDC_HEADERS 1
| #define HAVE_SYS_TYPES_H 1
| #define HAVE_SYS_STAT_H 1
| #define HAVE_STDLIB_H 1
| #define HAVE_STRING_H 1
| #define HAVE_MEMORY_H 1
| #define HAVE_STRINGS_H 1
| #define HAVE_INTTYPES_H 1
| #define HAVE_STDINT_H 1
| #define HAVE_UNISTD_H 1
| #define HAVE_DLFCN_H 1
| #define LT_OBJDIR ".libs/"
| #define LIBZYRE_HAVE_LINUX 1
| #define STDC_HEADERS 1
| #define HAVE_ERRNO_H 1
| #define HAVE_ARPA_INET_H 1
| #define HAVE_NETINET_TCP_H 1
| #define HAVE_NETINET_IN_H 1
| #define HAVE_STDDEF_H 1
| #define HAVE_STDLIB_H 1
| #define HAVE_STRING_H 1
| #define HAVE_SYS_SOCKET_H 1
| #define HAVE_SYS_TIME_H 1
| #define HAVE_UNISTD_H 1
| #define HAVE_LIMITS_H 1
| #define HAVE_NET_IF_H 1
| #define HAVE_LINUX_WIRELESS_H 1
| #define HAVE__BOOL 1
| #define HAVE_STDBOOL_H 1
| /* end confdefs.h.  */
| #include <stdio.h>
| #ifdef HAVE_SYS_TYPES_H
| # include <sys/types.h>
| #endif
| #ifdef HAVE_SYS_STAT_H
| # include <sys/stat.h>
| #endif
| #ifdef STDC_HEADERS
| # include <stdlib.h>
| # include <stddef.h>
| #else
| # ifdef HAVE_STDLIB_H
| #  include <stdlib.h>
| # endif
| #endif
| #ifdef HAVE_STRING_H
| # if !defined STDC_HEADERS && defined HAVE_MEMORY_H
| #  include <memory.h>
| # endif
| # include <string.h>
| #endif
| #ifdef HAVE_STRINGS_H
| # include <strings.h>
| #endif
| #ifdef HAVE_INTTYPES_H
| # include <inttypes.h>
| #endif
| #ifdef HAVE_STDINT_H
| # include <stdint.h>
| #endif
| #ifdef HAVE_UNISTD_H
| # include <unistd.h>
| #endif
| int
| main ()
| {
| if (sizeof ((size_t)))
| 	    return 0;
|   ;
|   return 0;
| }
configure:12150: result: yes
configure:12161: checking for ssize_t
configure:12161: gcc -std=gnu99 -c -g -O2 -D_GNU_SOURCE -DLINUX -D_REENTRANT -D_THREAD_SAFE -fPIC  conftest.c >&5
configure:12161: $? = 0
configure:12161: gcc -std=gnu99 -c -g -O2 -D_GNU_SOURCE -DLINUX -D_REENTRANT -D_THREAD_SAFE -fPIC  conftest.c >&5
conftest.c: In function 'main':
conftest.c:79:22: error: expected expression before ')' token
 if (sizeof ((ssize_t)))
                      ^
configure:12161: $? = 1
configure: failed program was:
| /* confdefs.h */
| #define PACKAGE_NAME "libzyre"
| #define PACKAGE_TARNAME "libzyre"
| #define PACKAGE_VERSION "1.1.0"
| #define PACKAGE_STRING "libzyre 1.1.0"
| #define PACKAGE_BUGREPORT "zeromq-dev@lists.zeromq.org"
| #define PACKAGE_URL ""
| #define PACKAGE "libzyre"
| #define VERSION "1.1.0"
| #define PACKAGE_VERSION_MAJOR 1
| #define PACKAGE_VERSION_MINOR 1
| #define PACKAGE_VERSION_PATCH 0
| #define STDC_HEADERS 1
| #define HAVE_SYS_TYPES_H 1
| #define HAVE_SYS_STAT_H 1
| #define HAVE_STDLIB_H 1
| #define HAVE_STRING_H 1
| #define HAVE_MEMORY_H 1
| #define HAVE_STRINGS_H 1
| #define HAVE_INTTYPES_H 1
| #define HAVE_STDINT_H 1
| #define HAVE_UNISTD_H 1
| #define HAVE_DLFCN_H 1
| #define LT_OBJDIR ".libs/"
| #define LIBZYRE_HAVE_LINUX 1
| #define STDC_HEADERS 1
| #define HAVE_ERRNO_H 1
| #define HAVE_ARPA_INET_H 1
| #define HAVE_NETINET_TCP_H 1
| #define HAVE_NETINET_IN_H 1
| #define HAVE_STDDEF_H 1
| #define HAVE_STDLIB_H 1
| #define HAVE_STRING_H 1
| #define HAVE_SYS_SOCKET_H 1
| #define HAVE_SYS_TIME_H 1
| #define HAVE_UNISTD_H 1
| #define HAVE_LIMITS_H 1
| #define HAVE_NET_IF_H 1
| #define HAVE_LINUX_WIRELESS_H 1
| #define HAVE__BOOL 1
| #define HAVE_STDBOOL_H 1
| /* end confdefs.h.  */
| #include <stdio.h>
| #ifdef HAVE_SYS_TYPES_H
| # include <sys/types.h>
| #endif
| #ifdef HAVE_SYS_STAT_H
| # include <sys/stat.h>
| #endif
| #ifdef STDC_HEADERS
| # include <stdlib.h>
| # include <stddef.h>
| #else
| # ifdef HAVE_STDLIB_H
| #  include <stdlib.h>
| # endif
| #endif
| #ifdef HAVE_STRING_H
| # if !defined STDC_HEADERS && defined HAVE_MEMORY_H
| #  include <memory.h>
| # endif
| # include <string.h>
| #endif
| #ifdef HAVE_STRINGS_H
| # include <strings.h>
| #endif
| #ifdef HAVE_INTTYPES_H
| # include <inttypes.h>
| #endif
| #ifdef HAVE_STDINT_H
| # include <stdint.h>
| #endif
| #ifdef HAVE_UNISTD_H
| # include <unistd.h>
| #endif
| int
| main ()
| {
| if (sizeof ((ssize_t)))
| 	    return 0;
|   ;
|   return 0;
| }
configure:12161: result: yes
configure:12172: checking whether time.h and sys/time.h may both be included
configure:12192: gcc -std=gnu99 -c -g -O2 -D_GNU_SOURCE -DLINUX -D_REENTRANT -D_THREAD_SAFE -fPIC  conftest.c >&5
configure:12192: $? = 0
configure:12199: result: yes
configure:12207: checking for uint32_t
configure:12207: gcc -std=gnu99 -c -g -O2 -D_GNU_SOURCE -DLINUX -D_REENTRANT -D_THREAD_SAFE -fPIC  conftest.c >&5
configure:12207: $? = 0
configure:12207: result: yes
configure:12221: checking for working volatile
configure:12240: gcc -std=gnu99 -c -g -O2 -D_GNU_SOURCE -DLINUX -D_REENTRANT -D_THREAD_SAFE -fPIC  conftest.c >&5
configure:12240: $? = 0
configure:12247: result: yes
configure:12257: checking for pow in -lm
configure:12282: gcc -std=gnu99 -o conftest -g -O2 -D_GNU_SOURCE -DLINUX -D_REENTRANT -D_THREAD_SAFE -fPIC   conftest.c -lm  -lczmq -lzmq  >&5
conftest.c:51:6: warning: conflicting types for built-in function 'pow' [enabled by default]
 char pow ();
      ^
configure:12282: $? = 0
configure:12291: result: yes
configure:12342: checking return type of signal handlers
configure:12360: gcc -std=gnu99 -c -g -O2 -pedantic -Werror -Wall -D_GNU_SOURCE -DLINUX -D_REENTRANT -D_THREAD_SAFE -fPIC  conftest.c >&5
conftest.c: In function 'main':
conftest.c:51:1: error: void value not ignored as it ought to be
 return *(signal (0, 0)) (0) == 1;
 ^
configure:12360: $? = 1
configure: failed program was:
| /* confdefs.h */
| #define PACKAGE_NAME "libzyre"
| #define PACKAGE_TARNAME "libzyre"
| #define PACKAGE_VERSION "1.1.0"
| #define PACKAGE_STRING "libzyre 1.1.0"
| #define PACKAGE_BUGREPORT "zeromq-dev@lists.zeromq.org"
| #define PACKAGE_URL ""
| #define PACKAGE "libzyre"
| #define VERSION "1.1.0"
| #define PACKAGE_VERSION_MAJOR 1
| #define PACKAGE_VERSION_MINOR 1
| #define PACKAGE_VERSION_PATCH 0
| #define STDC_HEADERS 1
| #define HAVE_SYS_TYPES_H 1
| #define HAVE_SYS_STAT_H 1
| #define HAVE_STDLIB_H 1
| #define HAVE_STRING_H 1
| #define HAVE_MEMORY_H 1
| #define HAVE_STRINGS_H 1
| #define HAVE_INTTYPES_H 1
| #define HAVE_STDINT_H 1
| #define HAVE_UNISTD_H 1
| #define HAVE_DLFCN_H 1
| #define LT_OBJDIR ".libs/"
| #define LIBZYRE_HAVE_LINUX 1
| #define STDC_HEADERS 1
| #define HAVE_ERRNO_H 1
| #define HAVE_ARPA_INET_H 1
| #define HAVE_NETINET_TCP_H 1
| #define HAVE_NETINET_IN_H 1
| #define HAVE_STDDEF_H 1
| #define HAVE_STDLIB_H 1
| #define HAVE_STRING_H 1
| #define HAVE_SYS_SOCKET_H 1
| #define HAVE_SYS_TIME_H 1
| #define HAVE_UNISTD_H 1
| #define HAVE_LIMITS_H 1
| #define HAVE_NET_IF_H 1
| #define HAVE_LINUX_WIRELESS_H 1
| #define HAVE__BOOL 1
| #define HAVE_STDBOOL_H 1
| #define TIME_WITH_SYS_TIME 1
| #define HAVE_LIBM 1
| /* end confdefs.h.  */
| #include <sys/types.h>
| #include <signal.h>
| 
| int
| main ()
| {
| return *(signal (0, 0)) (0) == 1;
|   ;
|   return 0;
| }
configure:12367: result: void
configure:12378: checking for perror
configure:12378: gcc -std=gnu99 -o conftest -g -O2 -pedantic -Werror -Wall -D_GNU_SOURCE -DLINUX -D_REENTRANT -D_THREAD_SAFE -fPIC   conftest.c -lm -lczmq -lzmq  >&5
configure:12378: $? = 0
configure:12378: result: yes
configure:12378: checking for gettimeofday
configure:12378: gcc -std=gnu99 -o conftest -g -O2 -pedantic -Werror -Wall -D_GNU_SOURCE -DLINUX -D_REENTRANT -D_THREAD_SAFE -fPIC   conftest.c -lm -lczmq -lzmq  >&5
configure:12378: $? = 0
configure:12378: result: yes
configure:12378: checking for memset
configure:12378: gcc -std=gnu99 -o conftest -g -O2 -pedantic -Werror -Wall -D_GNU_SOURCE -DLINUX -D_REENTRANT -D_THREAD_SAFE -fPIC   conftest.c -lm -lczmq -lzmq  >&5
conftest.c:71:6: error: conflicting types for built-in function 'memset' [-Werror]
 char memset ();
      ^
cc1: all warnings being treated as errors
configure:12378: $? = 1
configure: failed program was:
| /* confdefs.h */
| #define PACKAGE_NAME "libzyre"
| #define PACKAGE_TARNAME "libzyre"
| #define PACKAGE_VERSION "1.1.0"
| #define PACKAGE_STRING "libzyre 1.1.0"
| #define PACKAGE_BUGREPORT "zeromq-dev@lists.zeromq.org"
| #define PACKAGE_URL ""
| #define PACKAGE "libzyre"
| #define VERSION "1.1.0"
| #define PACKAGE_VERSION_MAJOR 1
| #define PACKAGE_VERSION_MINOR 1
| #define PACKAGE_VERSION_PATCH 0
| #define STDC_HEADERS 1
| #define HAVE_SYS_TYPES_H 1
| #define HAVE_SYS_STAT_H 1
| #define HAVE_STDLIB_H 1
| #define HAVE_STRING_H 1
| #define HAVE_MEMORY_H 1
| #define HAVE_STRINGS_H 1
| #define HAVE_INTTYPES_H 1
| #define HAVE_STDINT_H 1
| #define HAVE_UNISTD_H 1
| #define HAVE_DLFCN_H 1
| #define LT_OBJDIR ".libs/"
| #define LIBZYRE_HAVE_LINUX 1
| #define STDC_HEADERS 1
| #define HAVE_ERRNO_H 1
| #define HAVE_ARPA_INET_H 1
| #define HAVE_NETINET_TCP_H 1
| #define HAVE_NETINET_IN_H 1
| #define HAVE_STDDEF_H 1
| #define HAVE_STDLIB_H 1
| #define HAVE_STRING_H 1
| #define HAVE_SYS_SOCKET_H 1
| #define HAVE_SYS_TIME_H 1
| #define HAVE_UNISTD_H 1
| #define HAVE_LIMITS_H 1
| #define HAVE_NET_IF_H 1
| #define HAVE_LINUX_WIRELESS_H 1
| #define HAVE__BOOL 1
| #define HAVE_STDBOOL_H 1
| #define TIME_WITH_SYS_TIME 1
| #define HAVE_LIBM 1
| #define RETSIGTYPE void
| #define HAVE_PERROR 1
| #define HAVE_GETTIMEOFDAY 1
| /* end confdefs.h.  */
| /* Define memset to an innocuous variant, in case <limits.h> declares memset.
|    For example, HP-UX 11i <limits.h> declares gettimeofday.  */
| #define memset innocuous_memset
| 
| /* System header to define __stub macros and hopefully few prototypes,
|     which can conflict with char memset (); below.
|     Prefer <limits.h> to <assert.h> if __STDC__ is defined, since
|     <limits.h> exists even on freestanding compilers.  */
| 
| #ifdef __STDC__
| # include <limits.h>
| #else
| # include <assert.h>
| #endif
| 
| #undef memset
| 
| /* Override any GCC internal prototype to avoid an error.
|    Use char because int might match the return type of a GCC
|    builtin and then its argument prototype would still apply.  */
| #ifdef __cplusplus
| extern "C"
| #endif
| char memset ();
| /* The GNU C library defines this for functions which it implements
|     to always fail with ENOSYS.  Some functions are actually named
|     something starting with __ and the normal name is an alias.  */
| #if defined __stub_memset || defined __stub___memset
| choke me
| #endif
| 
| int
| main ()
| {
| return memset ();
|   ;
|   return 0;
| }
configure:12378: result: no
configure:12525: creating ./config.status

## ---------------------- ##
## Running config.status. ##
## ---------------------- ##

This file was extended by libzyre config.status 1.1.0, which was
generated by GNU Autoconf 2.65.  Invocation command line was

  CONFIG_FILES    = 
  CONFIG_HEADERS  = 
  CONFIG_LINKS    = 
  CONFIG_COMMANDS = 
  $ ./config.status 

on ubuntu

config.status:1106: creating Makefile
config.status:1106: creating src/Makefile
config.status:1106: creating tools/Makefile
config.status:1106: creating doc/Makefile
config.status:1106: creating src/libzyre.pc
config.status:1106: creating src/platform.h
config.status:1278: src/platform.h is unchanged
config.status:1326: executing depfiles commands
config.status:1326: executing libtool commands

## ---------------- ##
## Cache variables. ##
## ---------------- ##

ac_cv_build=x86_64-unknown-linux-gnu
ac_cv_c_compiler_gnu=yes
ac_cv_c_const=yes
ac_cv_c_inline=inline
ac_cv_c_uint32_t=yes
ac_cv_c_volatile=yes
ac_cv_env_CC_set=
ac_cv_env_CC_value=
ac_cv_env_CFLAGS_set=
ac_cv_env_CFLAGS_value=
ac_cv_env_CPPFLAGS_set=
ac_cv_env_CPPFLAGS_value=
ac_cv_env_CPP_set=
ac_cv_env_CPP_value=
ac_cv_env_LDFLAGS_set=
ac_cv_env_LDFLAGS_value=
ac_cv_env_LIBS_set=
ac_cv_env_LIBS_value=
ac_cv_env_build_alias_set=
ac_cv_env_build_alias_value=
ac_cv_env_host_alias_set=
ac_cv_env_host_alias_value=
ac_cv_env_target_alias_set=
ac_cv_env_target_alias_value=
ac_cv_func_gettimeofday=yes
ac_cv_func_memset=no
ac_cv_func_perror=yes
ac_cv_header_arpa_inet_h=yes
ac_cv_header_dlfcn_h=yes
ac_cv_header_errno_h=yes
ac_cv_header_inttypes_h=yes
ac_cv_header_limits_h=yes
ac_cv_header_linux_wireless_h=yes
ac_cv_header_memory_h=yes
ac_cv_header_net_if_h=yes
ac_cv_header_net_if_media_h=no
ac_cv_header_netinet_in_h=yes
ac_cv_header_netinet_tcp_h=yes
ac_cv_header_stdbool_h=yes
ac_cv_header_stdc=yes
ac_cv_header_stddef_h=yes
ac_cv_header_stdint_h=yes
ac_cv_header_stdlib_h=yes
ac_cv_header_string_h=yes
ac_cv_header_strings_h=yes
ac_cv_header_sys_socket_h=yes
ac_cv_header_sys_stat_h=yes
ac_cv_header_sys_time_h=yes
ac_cv_header_sys_types_h=yes
ac_cv_header_time=yes
ac_cv_header_unistd_h=yes
ac_cv_host=x86_64-unknown-linux-gnu
ac_cv_lib_czmq_zctx_test=yes
ac_cv_lib_m_pow=yes
ac_cv_lib_zmq_zmq_init=yes
ac_cv_objext=o
ac_cv_path_EGREP='/bin/grep -E'
ac_cv_path_FGREP='/bin/grep -F'
ac_cv_path_GREP=/bin/grep
ac_cv_path_SED=/bin/sed
ac_cv_path_install='/usr/bin/install -c'
ac_cv_path_mkdir=/bin/mkdir
ac_cv_prog_AWK=mawk
ac_cv_prog_CPP='gcc -std=gnu99 -E'
ac_cv_prog_ac_ct_AR=ar
ac_cv_prog_ac_ct_CC=gcc
ac_cv_prog_ac_ct_OBJDUMP=objdump
ac_cv_prog_ac_ct_RANLIB=ranlib
ac_cv_prog_ac_ct_STRIP=strip
ac_cv_prog_cc_c89=
ac_cv_prog_cc_c99=-std=gnu99
ac_cv_prog_cc_g=yes
ac_cv_prog_cc_gcc_c_o=yes
ac_cv_prog_make_make_set=yes
ac_cv_prog_zyre_have_asciidoc=no
ac_cv_prog_zyre_have_xmlto=no
ac_cv_type__Bool=yes
ac_cv_type_signal=void
ac_cv_type_size_t=yes
ac_cv_type_ssize_t=yes
am_cv_CC_dependencies_compiler_type=gcc3
am_cv_prog_tar_ustar=gnutar
lt_cv_deplibs_check_method=pass_all
lt_cv_file_magic_cmd='$MAGIC_CMD'
lt_cv_file_magic_test_file=
lt_cv_ld_reload_flag=-r
lt_cv_nm_interface='BSD nm'
lt_cv_objdir=.libs
lt_cv_path_LD=/usr/bin/ld
lt_cv_path_NM='/usr/bin/nm -B'
lt_cv_prog_compiler_c_o=yes
lt_cv_prog_compiler_pic_works=yes
lt_cv_prog_compiler_rtti_exceptions=no
lt_cv_prog_compiler_static_works=yes
lt_cv_prog_gnu_ld=yes
lt_cv_sys_global_symbol_pipe='sed -n -e '\''s/^.*[	 ]\([ABCDGIRSTW][ABCDGIRSTW]*\)[	 ][	 ]*\([_A-Za-z][_A-Za-z0-9]*\)$/\1 \2 \2/p'\'''
lt_cv_sys_global_symbol_to_c_name_address='sed -n -e '\''s/^: \([^ ]*\) $/  {\"\1\", (void *) 0},/p'\'' -e '\''s/^[ABCDGIRSTW]* \([^ ]*\) \([^ ]*\)$/  {"\2", (void *) \&\2},/p'\'''
lt_cv_sys_global_symbol_to_c_name_address_lib_prefix='sed -n -e '\''s/^: \([^ ]*\) $/  {\"\1\", (void *) 0},/p'\'' -e '\''s/^[ABCDGIRSTW]* \([^ ]*\) \(lib[^ ]*\)$/  {"\2", (void *) \&\2},/p'\'' -e '\''s/^[ABCDGIRSTW]* \([^ ]*\) \([^ ]*\)$/  {"lib\2", (void *) \&\2},/p'\'''
lt_cv_sys_global_symbol_to_cdecl='sed -n -e '\''s/^T .* \(.*\)$/extern int \1();/p'\'' -e '\''s/^[ABCDGIRSTW]* .* \(.*\)$/extern char \1;/p'\'''
lt_cv_sys_max_cmd_len=1572864

## ----------------- ##
## Output variables. ##
## ----------------- ##

ACLOCAL='${SHELL} /home/kari/COAST/zeromq/zyre/config/missing --run aclocal-1.11'
AMDEPBACKSLASH='\'
AMDEP_FALSE='#'
AMDEP_TRUE=''
AMTAR='${SHELL} /home/kari/COAST/zeromq/zyre/config/missing --run tar'
AR='ar'
AS='as'
AUTOCONF='${SHELL} /home/kari/COAST/zeromq/zyre/config/missing --run autoconf'
AUTOHEADER='${SHELL} /home/kari/COAST/zeromq/zyre/config/missing --run autoheader'
AUTOMAKE='${SHELL} /home/kari/COAST/zeromq/zyre/config/missing --run automake-1.11'
AWK='mawk'
BUILD_DOC_FALSE=''
BUILD_DOC_TRUE='#'
CC='gcc -std=gnu99'
CCDEPMODE='depmode=gcc3'
CFLAGS='-g -O2'
CPP='gcc -std=gnu99 -E'
CPPFLAGS='-pedantic -Werror -Wall -D_GNU_SOURCE -DLINUX -D_REENTRANT -D_THREAD_SAFE -fPIC '
CYGPATH_W='echo'
DEFS='-DHAVE_CONFIG_H'
DEPDIR='.deps'
DLLTOOL='dlltool'
DSYMUTIL=''
DUMPBIN=''
ECHO_C=''
ECHO_N='-n'
ECHO_T=''
EGREP='/bin/grep -E'
EXEEXT=''
FGREP='/bin/grep -F'
GREP='/bin/grep'
INSTALL_DATA='${INSTALL} -m 644'
INSTALL_MAN_FALSE=''
INSTALL_MAN_TRUE='#'
INSTALL_PROGRAM='${INSTALL}'
INSTALL_SCRIPT='${INSTALL}'
INSTALL_STRIP_PROGRAM='$(install_sh) -c -s'
LD='/usr/bin/ld -m elf_x86_64'
LDFLAGS=''
LIBOBJS=''
LIBS='-lm -lczmq -lzmq '
LIBTOOL='$(SHELL) $(top_builddir)/libtool'
LIPO=''
LN_S='ln -s'
LTLIBOBJS=''
LTVER='1:0:0'
MAKEINFO='${SHELL} /home/kari/COAST/zeromq/zyre/config/missing --run makeinfo'
MKDIR_P='/bin/mkdir -p'
NM='/usr/bin/nm -B'
NMEDIT=''
OBJDUMP='objdump'
OBJEXT='o'
ON_ANDROID_FALSE=''
ON_ANDROID_TRUE='#'
ON_MINGW_FALSE=''
ON_MINGW_TRUE='#'
OTOOL64=''
OTOOL=''
PACKAGE='libzyre'
PACKAGE_BUGREPORT='zeromq-dev@lists.zeromq.org'
PACKAGE_NAME='libzyre'
PACKAGE_STRING='libzyre 1.1.0'
PACKAGE_TARNAME='libzyre'
PACKAGE_URL=''
PACKAGE_VERSION='1.1.0'
PATH_SEPARATOR=':'
RANLIB='ranlib'
SED='/bin/sed'
SET_MAKE=''
SHELL='/bin/bash'
STRIP='strip'
VERSION='1.1.0'
ac_ct_CC='gcc'
ac_ct_DUMPBIN=''
am__EXEEXT_FALSE=''
am__EXEEXT_TRUE='#'
am__fastdepCC_FALSE='#'
am__fastdepCC_TRUE=''
am__include='include'
am__isrc=''
am__leading_dot='.'
am__quote=''
am__tar='tar --format=ustar -chf - "$$tardir"'
am__untar='tar -xf -'
bindir='${exec_prefix}/bin'
build='x86_64-unknown-linux-gnu'
build_alias=''
build_cpu='x86_64'
build_os='linux-gnu'
build_vendor='unknown'
datadir='${datarootdir}'
datarootdir='${prefix}/share'
docdir='${datarootdir}/doc/${PACKAGE_TARNAME}'
dvidir='${docdir}'
exec_prefix='${prefix}'
host='x86_64-unknown-linux-gnu'
host_alias=''
host_cpu='x86_64'
host_os='linux-gnu'
host_vendor='unknown'
htmldir='${docdir}'
includedir='${prefix}/include'
infodir='${datarootdir}/info'
install_sh='${SHELL} /home/kari/COAST/zeromq/zyre/config/install-sh'
libdir='${exec_prefix}/lib'
libexecdir='${exec_prefix}/libexec'
localedir='${datarootdir}/locale'
localstatedir='${prefix}/var'
lt_ECHO='echo'
mandir='${datarootdir}/man'
mkdir_p='/bin/mkdir -p'
oldincludedir='/usr/include'
pdfdir='${docdir}'
prefix='/usr/local'
program_transform_name='s,x,x,'
psdir='${docdir}'
sbindir='${exec_prefix}/sbin'
sharedstatedir='${prefix}/com'
sysconfdir='${prefix}/etc'
target_alias=''
zyre_have_asciidoc='no'
zyre_have_xmlto='no'

## ----------- ##
## confdefs.h. ##
## ----------- ##

/* confdefs.h */
#define PACKAGE_NAME "libzyre"
#define PACKAGE_TARNAME "libzyre"
#define PACKAGE_VERSION "1.1.0"
#define PACKAGE_STRING "libzyre 1.1.0"
#define PACKAGE_BUGREPORT "zeromq-dev@lists.zeromq.org"
#define PACKAGE_URL ""
#define PACKAGE "libzyre"
#define VERSION "1.1.0"
#define PACKAGE_VERSION_MAJOR 1
#define PACKAGE_VERSION_MINOR 1
#define PACKAGE_VERSION_PATCH 0
#define STDC_HEADERS 1
#define HAVE_SYS_TYPES_H 1
#define HAVE_SYS_STAT_H 1
#define HAVE_STDLIB_H 1
#define HAVE_STRING_H 1
#define HAVE_MEMORY_H 1
#define HAVE_STRINGS_H 1
#define HAVE_INTTYPES_H 1
#define HAVE_STDINT_H 1
#define HAVE_UNISTD_H 1
#define HAVE_DLFCN_H 1
#define LT_OBJDIR ".libs/"
#define LIBZYRE_HAVE_LINUX 1
#define STDC_HEADERS 1
#define HAVE_ERRNO_H 1
#define HAVE_ARPA_INET_H 1
#define HAVE_NETINET_TCP_H 1
#define HAVE_NETINET_IN_H 1
#define HAVE_STDDEF_H 1
#define HAVE_STDLIB_H 1
#define HAVE_STRING_H 1
#define HAVE_SYS_SOCKET_H 1
#define HAVE_SYS_TIME_H 1
#define HAVE_UNISTD_H 1
#define HAVE_LIMITS_H 1
#define HAVE_NET_IF_H 1
#define HAVE_LINUX_WIRELESS_H 1
#define HAVE__BOOL 1
#define HAVE_STDBOOL_H 1
#define TIME_WITH_SYS_TIME 1
#define HAVE_LIBM 1
#define RETSIGTYPE void
#define HAVE_PERROR 1
#define HAVE_GETTIMEOFDAY 1

configure: exit 0
