This file contains any messages produced by compilers while
running configure, to aid debugging if configure makes a mistake.

It was created by zeromq configure 4.0.1, which was
generated by GNU Autoconf 2.65.  Invocation command line was

  $ ./configure 

## --------- ##
## Platform. ##
## --------- ##

hostname = ubuntu
uname -m = x86_64
uname -r = 3.13.0-32-generic
uname -s = Linux
uname -v = #57-Ubuntu SMP Tue Jul 15 03:51:08 UTC 2014

/usr/bin/uname -p = unknown
/bin/uname -X     = unknown

/bin/arch              = unknown
/usr/bin/arch -k       = unknown
/usr/convex/getsysinfo = unknown
/usr/bin/hostinfo      = unknown
/bin/machine           = unknown
/usr/bin/oslevel       = unknown
/bin/universe          = unknown

PATH: /usr/local/sbin
PATH: /usr/local/bin
PATH: /usr/sbin
PATH: /usr/bin
PATH: /sbin
PATH: /bin
PATH: /usr/games
PATH: /usr/local/games


## ----------- ##
## Core tests. ##
## ----------- ##

configure:2863: checking for a BSD-compatible install
configure:2931: result: /usr/bin/install -c
configure:2942: checking whether build environment is sane
configure:2992: result: yes
configure:3133: checking for a thread-safe mkdir -p
configure:3172: result: /bin/mkdir -p
configure:3185: checking for gawk
configure:3215: result: no
configure:3185: checking for mawk
configure:3201: found /usr/bin/mawk
configure:3212: result: mawk
configure:3223: checking whether make sets $(MAKE)
configure:3245: result: yes
configure:3320: checking how to create a ustar tar archive
configure:3333: tar --version
tar (GNU tar) 1.27.1
Copyright (C) 2013 Free Software Foundation, Inc.
License GPLv3+: GNU GPL version 3 or later <http://gnu.org/licenses/gpl.html>.
This is free software: you are free to change and redistribute it.
There is NO WARRANTY, to the extent permitted by law.

Written by John Gilmore and Jay Fenlason.
configure:3336: $? = 0
configure:3376: tardir=conftest.dir && eval tar --format=ustar -chf - "$tardir" >conftest.tar
configure:3379: $? = 0
configure:3383: tar -xf - <conftest.tar
configure:3386: $? = 0
configure:3399: result: gnutar
configure:3494: checking for gcc
configure:3510: found /usr/bin/gcc
configure:3521: result: gcc
configure:3750: checking for C compiler version
configure:3759: gcc --version >&5
gcc (Ubuntu 4.8.2-19ubuntu1) 4.8.2
Copyright (C) 2013 Free Software Foundation, Inc.
This is free software; see the source for copying conditions.  There is NO
warranty; not even for MERCHANTABILITY or FITNESS FOR A PARTICULAR PURPOSE.

configure:3770: $? = 0
configure:3759: gcc -v >&5
Using built-in specs.
COLLECT_GCC=gcc
COLLECT_LTO_WRAPPER=/usr/lib/gcc/x86_64-linux-gnu/4.8/lto-wrapper
Target: x86_64-linux-gnu
Configured with: ../src/configure -v --with-pkgversion='Ubuntu 4.8.2-19ubuntu1' --with-bugurl=file:///usr/share/doc/gcc-4.8/README.Bugs --enable-languages=c,c++,java,go,d,fortran,objc,obj-c++ --prefix=/usr --program-suffix=-4.8 --enable-shared --enable-linker-build-id --libexecdir=/usr/lib --without-included-gettext --enable-threads=posix --with-gxx-include-dir=/usr/include/c++/4.8 --libdir=/usr/lib --enable-nls --with-sysroot=/ --enable-clocale=gnu --enable-libstdcxx-debug --enable-libstdcxx-time=yes --enable-gnu-unique-object --disable-libmudflap --enable-plugin --with-system-zlib --disable-browser-plugin --enable-java-awt=gtk --enable-gtk-cairo --with-java-home=/usr/lib/jvm/java-1.5.0-gcj-4.8-amd64/jre --enable-java-home --with-jvm-root-dir=/usr/lib/jvm/java-1.5.0-gcj-4.8-amd64 --with-jvm-jar-dir=/usr/lib/jvm-exports/java-1.5.0-gcj-4.8-amd64 --with-arch-directory=amd64 --with-ecj-jar=/usr/share/java/eclipse-ecj.jar --enable-objc-gc --enable-multiarch --disable-werror --with-arch-32=i686 --with-abi=m64 --with-multilib-list=m32,m64,mx32 --with-tune=generic --enable-checking=release --build=x86_64-linux-gnu --host=x86_64-linux-gnu --target=x86_64-linux-gnu
Thread model: posix
gcc version 4.8.2 (Ubuntu 4.8.2-19ubuntu1) 
configure:3770: $? = 0
configure:3759: gcc -V >&5
gcc: error: unrecognized command line option '-V'
gcc: fatal error: no input files
compilation terminated.
configure:3770: $? = 4
configure:3759: gcc -qversion >&5
gcc: error: unrecognized command line option '-qversion'
gcc: fatal error: no input files
compilation terminated.
configure:3770: $? = 4
configure:3790: checking whether the C compiler works
configure:3812: gcc    conftest.c  >&5
configure:3816: $? = 0
configure:3865: result: yes
configure:3868: checking for C compiler default output file name
configure:3870: result: a.out
configure:3876: checking for suffix of executables
configure:3883: gcc -o conftest    conftest.c  >&5
configure:3887: $? = 0
configure:3909: result: 
configure:3931: checking whether we are cross compiling
configure:3939: gcc -o conftest    conftest.c  >&5
configure:3943: $? = 0
configure:3950: ./conftest
configure:3954: $? = 0
configure:3969: result: no
configure:3974: checking for suffix of object files
configure:3996: gcc -c   conftest.c >&5
configure:4000: $? = 0
configure:4021: result: o
configure:4025: checking whether we are using the GNU C compiler
configure:4044: gcc -c   conftest.c >&5
configure:4044: $? = 0
configure:4053: result: yes
configure:4062: checking whether gcc accepts -g
configure:4082: gcc -c -g  conftest.c >&5
configure:4082: $? = 0
configure:4123: result: yes
configure:4140: checking for gcc option to accept ISO C89
configure:4204: gcc  -c -g -O2  conftest.c >&5
configure:4204: $? = 0
configure:4217: result: none needed
configure:4248: checking for style of include used by make
configure:4276: result: GNU
configure:4301: checking dependency style of gcc
configure:4411: result: gcc3
configure:4426: checking for gcc option to accept ISO C99
configure:4575: gcc  -c -g -O2  conftest.c >&5
conftest.c:61:29: error: expected ';', ',' or ')' before 'text'
 test_restrict (ccp restrict text)
                             ^
conftest.c: In function 'main':
conftest.c:115:18: error: expected '=', ',', ';', 'asm' or '__attribute__' before 'newvar'
   char *restrict newvar = "Another string";
                  ^
conftest.c:115:18: error: 'newvar' undeclared (first use in this function)
conftest.c:115:18: note: each undeclared identifier is reported only once for each function it appears in
conftest.c:125:3: error: 'for' loop initial declarations are only allowed in C99 mode
   for (int i = 0; i < ia->datasize; ++i)
   ^
conftest.c:125:3: note: use option -std=c99 or -std=gnu99 to compile your code
configure:4575: $? = 1
configure: failed program was:
| /* confdefs.h */
| #define PACKAGE_NAME "zeromq"
| #define PACKAGE_TARNAME "zeromq"
| #define PACKAGE_VERSION "4.0.1"
| #define PACKAGE_STRING "zeromq 4.0.1"
| #define PACKAGE_BUGREPORT "zeromq-dev@lists.zeromq.org"
| #define PACKAGE_URL ""
| #define PACKAGE "zeromq"
| #define VERSION "4.0.1"
| /* end confdefs.h.  */
| #include <stdarg.h>
| #include <stdbool.h>
| #include <stdlib.h>
| #include <wchar.h>
| #include <stdio.h>
| 
| // Check varargs macros.  These examples are taken from C99 6.10.3.5.
| #define debug(...) fprintf (stderr, __VA_ARGS__)
| #define showlist(...) puts (#__VA_ARGS__)
| #define report(test,...) ((test) ? puts (#test) : printf (__VA_ARGS__))
| static void
| test_varargs_macros (void)
| {
|   int x = 1234;
|   int y = 5678;
|   debug ("Flag");
|   debug ("X = %d\n", x);
|   showlist (The first, second, and third items.);
|   report (x>y, "x is %d but y is %d", x, y);
| }
| 
| // Check long long types.
| #define BIG64 18446744073709551615ull
| #define BIG32 4294967295ul
| #define BIG_OK (BIG64 / BIG32 == 4294967297ull && BIG64 % BIG32 == 0)
| #if !BIG_OK
|   your preprocessor is broken;
| #endif
| #if BIG_OK
| #else
|   your preprocessor is broken;
| #endif
| static long long int bignum = -9223372036854775807LL;
| static unsigned long long int ubignum = BIG64;
| 
| struct incomplete_array
| {
|   int datasize;
|   double data[];
| };
| 
| struct named_init {
|   int number;
|   const wchar_t *name;
|   double average;
| };
| 
| typedef const char *ccp;
| 
| static inline int
| test_restrict (ccp restrict text)
| {
|   // See if C++-style comments work.
|   // Iterate through items via the restricted pointer.
|   // Also check for declarations in for loops.
|   for (unsigned int i = 0; *(text+i) != '\0'; ++i)
|     continue;
|   return 0;
| }
| 
| // Check varargs and va_copy.
| static void
| test_varargs (const char *format, ...)
| {
|   va_list args;
|   va_start (args, format);
|   va_list args_copy;
|   va_copy (args_copy, args);
| 
|   const char *str;
|   int number;
|   float fnumber;
| 
|   while (*format)
|     {
|       switch (*format++)
| 	{
| 	case 's': // string
| 	  str = va_arg (args_copy, const char *);
| 	  break;
| 	case 'd': // int
| 	  number = va_arg (args_copy, int);
| 	  break;
| 	case 'f': // float
| 	  fnumber = va_arg (args_copy, double);
| 	  break;
| 	default:
| 	  break;
| 	}
|     }
|   va_end (args_copy);
|   va_end (args);
| }
| 
| int
| main ()
| {
| 
|   // Check bool.
|   _Bool success = false;
| 
|   // Check restrict.
|   if (test_restrict ("String literal") == 0)
|     success = true;
|   char *restrict newvar = "Another string";
| 
|   // Check varargs.
|   test_varargs ("s, d' f .", "string", 65, 34.234);
|   test_varargs_macros ();
| 
|   // Check flexible array members.
|   struct incomplete_array *ia =
|     malloc (sizeof (struct incomplete_array) + (sizeof (double) * 10));
|   ia->datasize = 10;
|   for (int i = 0; i < ia->datasize; ++i)
|     ia->data[i] = i * 1.234;
| 
|   // Check named initializers.
|   struct named_init ni = {
|     .number = 34,
|     .name = L"Test wide string",
|     .average = 543.34343,
|   };
| 
|   ni.number = 58;
| 
|   int dynamic_array[ni.number];
|   dynamic_array[ni.number - 1] = 543;
| 
|   // work around unused variable warnings
|   return (!success || bignum == 0LL || ubignum == 0uLL || newvar[0] == 'x'
| 	  || dynamic_array[ni.number - 1] != 543);
| 
|   ;
|   return 0;
| }
configure:4575: gcc -std=gnu99 -c -g -O2  conftest.c >&5
configure:4575: $? = 0
configure:4595: result: -std=gnu99
configure:4661: checking for g++
configure:4677: found /usr/bin/g++
configure:4688: result: g++
configure:4715: checking for C++ compiler version
configure:4724: g++ --version >&5
g++ (Ubuntu 4.8.2-19ubuntu1) 4.8.2
Copyright (C) 2013 Free Software Foundation, Inc.
This is free software; see the source for copying conditions.  There is NO
warranty; not even for MERCHANTABILITY or FITNESS FOR A PARTICULAR PURPOSE.

configure:4735: $? = 0
configure:4724: g++ -v >&5
Using built-in specs.
COLLECT_GCC=g++
COLLECT_LTO_WRAPPER=/usr/lib/gcc/x86_64-linux-gnu/4.8/lto-wrapper
Target: x86_64-linux-gnu
Configured with: ../src/configure -v --with-pkgversion='Ubuntu 4.8.2-19ubuntu1' --with-bugurl=file:///usr/share/doc/gcc-4.8/README.Bugs --enable-languages=c,c++,java,go,d,fortran,objc,obj-c++ --prefix=/usr --program-suffix=-4.8 --enable-shared --enable-linker-build-id --libexecdir=/usr/lib --without-included-gettext --enable-threads=posix --with-gxx-include-dir=/usr/include/c++/4.8 --libdir=/usr/lib --enable-nls --with-sysroot=/ --enable-clocale=gnu --enable-libstdcxx-debug --enable-libstdcxx-time=yes --enable-gnu-unique-object --disable-libmudflap --enable-plugin --with-system-zlib --disable-browser-plugin --enable-java-awt=gtk --enable-gtk-cairo --with-java-home=/usr/lib/jvm/java-1.5.0-gcj-4.8-amd64/jre --enable-java-home --with-jvm-root-dir=/usr/lib/jvm/java-1.5.0-gcj-4.8-amd64 --with-jvm-jar-dir=/usr/lib/jvm-exports/java-1.5.0-gcj-4.8-amd64 --with-arch-directory=amd64 --with-ecj-jar=/usr/share/java/eclipse-ecj.jar --enable-objc-gc --enable-multiarch --disable-werror --with-arch-32=i686 --with-abi=m64 --with-multilib-list=m32,m64,mx32 --with-tune=generic --enable-checking=release --build=x86_64-linux-gnu --host=x86_64-linux-gnu --target=x86_64-linux-gnu
Thread model: posix
gcc version 4.8.2 (Ubuntu 4.8.2-19ubuntu1) 
configure:4735: $? = 0
configure:4724: g++ -V >&5
g++: error: unrecognized command line option '-V'
g++: fatal error: no input files
compilation terminated.
configure:4735: $? = 4
configure:4724: g++ -qversion >&5
g++: error: unrecognized command line option '-qversion'
g++: fatal error: no input files
compilation terminated.
configure:4735: $? = 4
configure:4739: checking whether we are using the GNU C++ compiler
configure:4758: g++ -c   conftest.cpp >&5
configure:4758: $? = 0
configure:4767: result: yes
configure:4776: checking whether g++ accepts -g
configure:4796: g++ -c -g  conftest.cpp >&5
configure:4796: $? = 0
configure:4837: result: yes
configure:4862: checking dependency style of g++
configure:4972: result: gcc3
configure:4988: checking whether gcc -std=gnu99 and cc understand -c and -o together
configure:5019: gcc -std=gnu99 -c conftest.c -o conftest2.o >&5
configure:5023: $? = 0
configure:5029: gcc -std=gnu99 -c conftest.c -o conftest2.o >&5
configure:5033: $? = 0
configure:5044: cc -c conftest.c >&5
configure:5048: $? = 0
configure:5056: cc -c conftest.c -o conftest2.o >&5
configure:5060: $? = 0
configure:5066: cc -c conftest.c -o conftest2.o >&5
configure:5070: $? = 0
configure:5088: result: yes
configure:5113: checking for a sed that does not truncate output
configure:5177: result: /bin/sed
configure:5186: checking for gawk
configure:5213: result: mawk
configure:5229: checking for xmlto
configure:5262: result: no
configure:5270: checking for asciidoc
configure:5303: result: no
configure:5312: checking build system type
configure:5326: result: x86_64-unknown-linux-gnu
configure:5346: checking host system type
configure:5359: result: x86_64-unknown-linux-gnu
configure:5779: checking for a sed that does not truncate output
configure:5843: result: /bin/sed
configure:5861: checking for grep that handles long lines and -e
configure:5919: result: /bin/grep
configure:5924: checking for egrep
configure:5986: result: /bin/grep -E
configure:5991: checking for fgrep
configure:6053: result: /bin/grep -F
configure:6088: checking for ld used by gcc -std=gnu99
configure:6155: result: /usr/bin/ld
configure:6162: checking if the linker (/usr/bin/ld) is GNU ld
configure:6177: result: yes
configure:6189: checking for BSD- or MS-compatible name lister (nm)
configure:6238: result: /usr/bin/nm -B
configure:6356: checking the name lister (/usr/bin/nm -B) interface
configure:6363: gcc -std=gnu99 -c -g -O2  conftest.c >&5
configure:6366: /usr/bin/nm -B "conftest.o"
configure:6369: output
0000000000000000 B some_variable
configure:6376: result: BSD nm
configure:6379: checking whether ln -s works
configure:6383: result: yes
configure:6391: checking the maximum length of command line arguments
configure:6511: result: 1572864
configure:6528: checking whether the shell understands some XSI constructs
configure:6538: result: yes
configure:6542: checking whether the shell understands "+="
configure:6548: result: yes
configure:6583: checking for /usr/bin/ld option to reload object files
configure:6590: result: -r
configure:6659: checking for objdump
configure:6686: result: objdump
configure:6715: checking how to recognize dependent libraries
configure:6911: result: pass_all
configure:6971: checking for ar
configure:6987: found /usr/bin/ar
configure:6998: result: ar
configure:7076: checking for strip
configure:7092: found /usr/bin/strip
configure:7103: result: strip
configure:7175: checking for ranlib
configure:7191: found /usr/bin/ranlib
configure:7202: result: ranlib
configure:7292: checking command to parse /usr/bin/nm -B output from gcc -std=gnu99 object
configure:7410: gcc -std=gnu99 -c -g -O2  conftest.c >&5
configure:7413: $? = 0
configure:7417: /usr/bin/nm -B conftest.o \| sed -n -e 's/^.*[	 ]\([ABCDGIRSTW][ABCDGIRSTW]*\)[	 ][	 ]*\([_A-Za-z][_A-Za-z0-9]*\)$/\1 \2 \2/p' \> conftest.nm
configure:7420: $? = 0
configure:7474: gcc -std=gnu99 -o conftest -g -O2   conftest.c conftstm.o >&5
configure:7477: $? = 0
configure:7515: result: ok
configure:7611: gcc -std=gnu99 -c -g -O2  conftest.c >&5
configure:7614: $? = 0
configure:8324: checking how to run the C preprocessor
configure:8355: gcc -std=gnu99 -E  conftest.c
configure:8355: $? = 0
configure:8369: gcc -std=gnu99 -E  conftest.c
conftest.c:11:28: fatal error: ac_nonexistent.h: No such file or directory
 #include <ac_nonexistent.h>
                            ^
compilation terminated.
configure:8369: $? = 1
configure: failed program was:
| /* confdefs.h */
| #define PACKAGE_NAME "zeromq"
| #define PACKAGE_TARNAME "zeromq"
| #define PACKAGE_VERSION "4.0.1"
| #define PACKAGE_STRING "zeromq 4.0.1"
| #define PACKAGE_BUGREPORT "zeromq-dev@lists.zeromq.org"
| #define PACKAGE_URL ""
| #define PACKAGE "zeromq"
| #define VERSION "4.0.1"
| /* end confdefs.h.  */
| #include <ac_nonexistent.h>
configure:8394: result: gcc -std=gnu99 -E
configure:8414: gcc -std=gnu99 -E  conftest.c
configure:8414: $? = 0
configure:8428: gcc -std=gnu99 -E  conftest.c
conftest.c:11:28: fatal error: ac_nonexistent.h: No such file or directory
 #include <ac_nonexistent.h>
                            ^
compilation terminated.
configure:8428: $? = 1
configure: failed program was:
| /* confdefs.h */
| #define PACKAGE_NAME "zeromq"
| #define PACKAGE_TARNAME "zeromq"
| #define PACKAGE_VERSION "4.0.1"
| #define PACKAGE_STRING "zeromq 4.0.1"
| #define PACKAGE_BUGREPORT "zeromq-dev@lists.zeromq.org"
| #define PACKAGE_URL ""
| #define PACKAGE "zeromq"
| #define VERSION "4.0.1"
| /* end confdefs.h.  */
| #include <ac_nonexistent.h>
configure:8457: checking for ANSI C header files
configure:8477: gcc -std=gnu99 -c -g -O2  conftest.c >&5
configure:8477: $? = 0
configure:8550: gcc -std=gnu99 -o conftest -g -O2   conftest.c  >&5
configure:8550: $? = 0
configure:8550: ./conftest
configure:8550: $? = 0
configure:8561: result: yes
configure:8574: checking for sys/types.h
configure:8574: gcc -std=gnu99 -c -g -O2  conftest.c >&5
configure:8574: $? = 0
configure:8574: result: yes
configure:8574: checking for sys/stat.h
configure:8574: gcc -std=gnu99 -c -g -O2  conftest.c >&5
configure:8574: $? = 0
configure:8574: result: yes
configure:8574: checking for stdlib.h
configure:8574: gcc -std=gnu99 -c -g -O2  conftest.c >&5
configure:8574: $? = 0
configure:8574: result: yes
configure:8574: checking for string.h
configure:8574: gcc -std=gnu99 -c -g -O2  conftest.c >&5
configure:8574: $? = 0
configure:8574: result: yes
configure:8574: checking for memory.h
configure:8574: gcc -std=gnu99 -c -g -O2  conftest.c >&5
configure:8574: $? = 0
configure:8574: result: yes
configure:8574: checking for strings.h
configure:8574: gcc -std=gnu99 -c -g -O2  conftest.c >&5
configure:8574: $? = 0
configure:8574: result: yes
configure:8574: checking for inttypes.h
configure:8574: gcc -std=gnu99 -c -g -O2  conftest.c >&5
configure:8574: $? = 0
configure:8574: result: yes
configure:8574: checking for stdint.h
configure:8574: gcc -std=gnu99 -c -g -O2  conftest.c >&5
configure:8574: $? = 0
configure:8574: result: yes
configure:8574: checking for unistd.h
configure:8574: gcc -std=gnu99 -c -g -O2  conftest.c >&5
configure:8574: $? = 0
configure:8574: result: yes
configure:8589: checking for dlfcn.h
configure:8589: gcc -std=gnu99 -c -g -O2  conftest.c >&5
configure:8589: $? = 0
configure:8589: result: yes
configure:8714: checking for C++ compiler version
configure:8723: g++ --version >&5
g++ (Ubuntu 4.8.2-19ubuntu1) 4.8.2
Copyright (C) 2013 Free Software Foundation, Inc.
This is free software; see the source for copying conditions.  There is NO
warranty; not even for MERCHANTABILITY or FITNESS FOR A PARTICULAR PURPOSE.

configure:8734: $? = 0
configure:8723: g++ -v >&5
Using built-in specs.
COLLECT_GCC=g++
COLLECT_LTO_WRAPPER=/usr/lib/gcc/x86_64-linux-gnu/4.8/lto-wrapper
Target: x86_64-linux-gnu
Configured with: ../src/configure -v --with-pkgversion='Ubuntu 4.8.2-19ubuntu1' --with-bugurl=file:///usr/share/doc/gcc-4.8/README.Bugs --enable-languages=c,c++,java,go,d,fortran,objc,obj-c++ --prefix=/usr --program-suffix=-4.8 --enable-shared --enable-linker-build-id --libexecdir=/usr/lib --without-included-gettext --enable-threads=posix --with-gxx-include-dir=/usr/include/c++/4.8 --libdir=/usr/lib --enable-nls --with-sysroot=/ --enable-clocale=gnu --enable-libstdcxx-debug --enable-libstdcxx-time=yes --enable-gnu-unique-object --disable-libmudflap --enable-plugin --with-system-zlib --disable-browser-plugin --enable-java-awt=gtk --enable-gtk-cairo --with-java-home=/usr/lib/jvm/java-1.5.0-gcj-4.8-amd64/jre --enable-java-home --with-jvm-root-dir=/usr/lib/jvm/java-1.5.0-gcj-4.8-amd64 --with-jvm-jar-dir=/usr/lib/jvm-exports/java-1.5.0-gcj-4.8-amd64 --with-arch-directory=amd64 --with-ecj-jar=/usr/share/java/eclipse-ecj.jar --enable-objc-gc --enable-multiarch --disable-werror --with-arch-32=i686 --with-abi=m64 --with-multilib-list=m32,m64,mx32 --with-tune=generic --enable-checking=release --build=x86_64-linux-gnu --host=x86_64-linux-gnu --target=x86_64-linux-gnu
Thread model: posix
gcc version 4.8.2 (Ubuntu 4.8.2-19ubuntu1) 
configure:8734: $? = 0
configure:8723: g++ -V >&5
g++: error: unrecognized command line option '-V'
g++: fatal error: no input files
compilation terminated.
configure:8734: $? = 4
configure:8723: g++ -qversion >&5
g++: error: unrecognized command line option '-qversion'
g++: fatal error: no input files
compilation terminated.
configure:8734: $? = 4
configure:8738: checking whether we are using the GNU C++ compiler
configure:8766: result: yes
configure:8775: checking whether g++ accepts -g
configure:8836: result: yes
configure:8861: checking dependency style of g++
configure:8971: result: gcc3
configure:8994: checking how to run the C++ preprocessor
configure:9021: g++ -E  conftest.cpp
configure:9021: $? = 0
configure:9035: g++ -E  conftest.cpp
conftest.cpp:22:28: fatal error: ac_nonexistent.h: No such file or directory
 #include <ac_nonexistent.h>
                            ^
compilation terminated.
configure:9035: $? = 1
configure: failed program was:
| /* confdefs.h */
| #define PACKAGE_NAME "zeromq"
| #define PACKAGE_TARNAME "zeromq"
| #define PACKAGE_VERSION "4.0.1"
| #define PACKAGE_STRING "zeromq 4.0.1"
| #define PACKAGE_BUGREPORT "zeromq-dev@lists.zeromq.org"
| #define PACKAGE_URL ""
| #define PACKAGE "zeromq"
| #define VERSION "4.0.1"
| #define STDC_HEADERS 1
| #define HAVE_SYS_TYPES_H 1
| #define HAVE_SYS_STAT_H 1
| #define HAVE_STDLIB_H 1
| #define HAVE_STRING_H 1
| #define HAVE_MEMORY_H 1
| #define HAVE_STRINGS_H 1
| #define HAVE_INTTYPES_H 1
| #define HAVE_STDINT_H 1
| #define HAVE_UNISTD_H 1
| #define HAVE_DLFCN_H 1
| /* end confdefs.h.  */
| #include <ac_nonexistent.h>
configure:9060: result: g++ -E
configure:9080: g++ -E  conftest.cpp
configure:9080: $? = 0
configure:9094: g++ -E  conftest.cpp
conftest.cpp:22:28: fatal error: ac_nonexistent.h: No such file or directory
 #include <ac_nonexistent.h>
                            ^
compilation terminated.
configure:9094: $? = 1
configure: failed program was:
| /* confdefs.h */
| #define PACKAGE_NAME "zeromq"
| #define PACKAGE_TARNAME "zeromq"
| #define PACKAGE_VERSION "4.0.1"
| #define PACKAGE_STRING "zeromq 4.0.1"
| #define PACKAGE_BUGREPORT "zeromq-dev@lists.zeromq.org"
| #define PACKAGE_URL ""
| #define PACKAGE "zeromq"
| #define VERSION "4.0.1"
| #define STDC_HEADERS 1
| #define HAVE_SYS_TYPES_H 1
| #define HAVE_SYS_STAT_H 1
| #define HAVE_STDLIB_H 1
| #define HAVE_STRING_H 1
| #define HAVE_MEMORY_H 1
| #define HAVE_STRINGS_H 1
| #define HAVE_INTTYPES_H 1
| #define HAVE_STDINT_H 1
| #define HAVE_UNISTD_H 1
| #define HAVE_DLFCN_H 1
| /* end confdefs.h.  */
| #include <ac_nonexistent.h>
configure:9268: checking for objdir
configure:9283: result: .libs
configure:9579: checking if gcc -std=gnu99 supports -fno-rtti -fno-exceptions
configure:9597: gcc -std=gnu99 -c -g -O2  -fno-rtti -fno-exceptions conftest.c >&5
cc1: warning: command line option '-fno-rtti' is valid for C++/ObjC++ but not for C [enabled by default]
configure:9601: $? = 0
configure:9614: result: no
configure:9634: checking for gcc -std=gnu99 option to produce PIC
configure:9906: result: -fPIC -DPIC
configure:9918: checking if gcc -std=gnu99 PIC flag -fPIC -DPIC works
configure:9936: gcc -std=gnu99 -c -g -O2  -fPIC -DPIC -DPIC conftest.c >&5
configure:9940: $? = 0
configure:9953: result: yes
configure:9977: checking if gcc -std=gnu99 static flag -static works
configure:10005: result: yes
configure:10020: checking if gcc -std=gnu99 supports -c -o file.o
configure:10041: gcc -std=gnu99 -c -g -O2  -o out/conftest2.o conftest.c >&5
configure:10045: $? = 0
configure:10067: result: yes
configure:10075: checking if gcc -std=gnu99 supports -c -o file.o
configure:10122: result: yes
configure:10155: checking whether the gcc -std=gnu99 linker (/usr/bin/ld -m elf_x86_64) supports shared libraries
configure:11146: result: yes
configure:11183: checking whether -lc should be explicitly linked in
configure:11188: gcc -std=gnu99 -c -g -O2  conftest.c >&5
configure:11191: $? = 0
configure:11206: gcc -std=gnu99 -shared conftest.o  -v -Wl,-soname -Wl,conftest -o conftest 2\>\&1 \| /bin/grep  -lc  \>/dev/null 2\>\&1
configure:11209: $? = 0
configure:11221: result: no
configure:11385: checking dynamic linker characteristics
configure:11818: gcc -std=gnu99 -o conftest -g -O2   -Wl,-rpath -Wl,/foo conftest.c  >&5
configure:11818: $? = 0
configure:12048: result: GNU/Linux ld.so
configure:12150: checking how to hardcode library paths into programs
configure:12175: result: immediate
configure:12695: checking whether stripping libraries is possible
configure:12700: result: yes
configure:12735: checking if libtool supports shared libraries
configure:12737: result: yes
configure:12740: checking whether to build shared libraries
configure:12761: result: yes
configure:12764: checking whether to build static libraries
configure:12768: result: yes
configure:12918: checking for ld used by g++
configure:12985: result: /usr/bin/ld -m elf_x86_64
configure:12992: checking if the linker (/usr/bin/ld -m elf_x86_64) is GNU ld
configure:13007: result: yes
configure:13062: checking whether the g++ linker (/usr/bin/ld -m elf_x86_64) supports shared libraries
configure:13975: result: yes
configure:14003: g++ -c -g -O2  conftest.cpp >&5
configure:14006: $? = 0
configure:14188: checking for g++ option to produce PIC
configure:14505: result: -fPIC -DPIC
configure:14514: checking if g++ PIC flag -fPIC -DPIC works
configure:14532: g++ -c -g -O2  -fPIC -DPIC -DPIC conftest.cpp >&5
configure:14536: $? = 0
configure:14549: result: yes
configure:14570: checking if g++ static flag -static works
configure:14598: result: yes
configure:14610: checking if g++ supports -c -o file.o
configure:14631: g++ -c -g -O2  -o out/conftest2.o conftest.cpp >&5
configure:14635: $? = 0
configure:14657: result: yes
configure:14662: checking if g++ supports -c -o file.o
configure:14709: result: yes
configure:14739: checking whether the g++ linker (/usr/bin/ld -m elf_x86_64) supports shared libraries
configure:14768: result: yes
configure:14905: checking dynamic linker characteristics
configure:15286: g++ -o conftest -g -O2   -Wl,-rpath -Wl,/foo conftest.cpp  >&5
configure:15286: $? = 0
configure:15516: result: GNU/Linux ld.so
configure:15567: checking how to hardcode library paths into programs
configure:15592: result: immediate
configure:15662: checking whether the C compiler works
configure:15678: gcc -std=gnu99 -o conftest -g -O2   conftest.c  >&5
configure:15678: $? = 0
configure:15687: result: yes
configure:15695: checking whether we are using Intel C compiler
configure:15714: gcc -std=gnu99 -c -g -O2  conftest.c >&5
conftest.c: In function 'main':
conftest.c:28:8: error: 'error' undeclared (first use in this function)
        error if not ICC
        ^
conftest.c:28:8: note: each undeclared identifier is reported only once for each function it appears in
conftest.c:28:14: error: expected ';' before 'if'
        error if not ICC
              ^
configure:15714: $? = 1
configure: failed program was:
| /* confdefs.h */
| #define PACKAGE_NAME "zeromq"
| #define PACKAGE_TARNAME "zeromq"
| #define PACKAGE_VERSION "4.0.1"
| #define PACKAGE_STRING "zeromq 4.0.1"
| #define PACKAGE_BUGREPORT "zeromq-dev@lists.zeromq.org"
| #define PACKAGE_URL ""
| #define PACKAGE "zeromq"
| #define VERSION "4.0.1"
| #define STDC_HEADERS 1
| #define HAVE_SYS_TYPES_H 1
| #define HAVE_SYS_STAT_H 1
| #define HAVE_STDLIB_H 1
| #define HAVE_STRING_H 1
| #define HAVE_MEMORY_H 1
| #define HAVE_STRINGS_H 1
| #define HAVE_INTTYPES_H 1
| #define HAVE_STDINT_H 1
| #define HAVE_UNISTD_H 1
| #define HAVE_DLFCN_H 1
| #define LT_OBJDIR ".libs/"
| /* end confdefs.h.  */
| 
| int
| main ()
| {
| #ifndef __INTEL_COMPILER
|        error if not ICC
| #endif
| 
|   ;
|   return 0;
| }
configure:15722: result: no
configure:15724: checking whether we are using Sun Studio C compiler
configure:15743: gcc -std=gnu99 -c -g -O2  conftest.c >&5
conftest.c: In function 'main':
conftest.c:28:8: error: 'error' undeclared (first use in this function)
        error if not sun studio
        ^
conftest.c:28:8: note: each undeclared identifier is reported only once for each function it appears in
conftest.c:28:14: error: expected ';' before 'if'
        error if not sun studio
              ^
configure:15743: $? = 1
configure: failed program was:
| /* confdefs.h */
| #define PACKAGE_NAME "zeromq"
| #define PACKAGE_TARNAME "zeromq"
| #define PACKAGE_VERSION "4.0.1"
| #define PACKAGE_STRING "zeromq 4.0.1"
| #define PACKAGE_BUGREPORT "zeromq-dev@lists.zeromq.org"
| #define PACKAGE_URL ""
| #define PACKAGE "zeromq"
| #define VERSION "4.0.1"
| #define STDC_HEADERS 1
| #define HAVE_SYS_TYPES_H 1
| #define HAVE_SYS_STAT_H 1
| #define HAVE_STDLIB_H 1
| #define HAVE_STRING_H 1
| #define HAVE_MEMORY_H 1
| #define HAVE_STRINGS_H 1
| #define HAVE_INTTYPES_H 1
| #define HAVE_STDINT_H 1
| #define HAVE_UNISTD_H 1
| #define HAVE_DLFCN_H 1
| #define LT_OBJDIR ".libs/"
| /* end confdefs.h.  */
| 
| int
| main ()
| {
| #if !defined(__SUNPRO_CC) && !defined(__SUNPRO_C)
|        error if not sun studio
| #endif
| 
|   ;
|   return 0;
| }
configure:15751: result: no
configure:15753: checking whether we are using clang C compiler
configure:15772: gcc -std=gnu99 -c -g -O2  conftest.c >&5
conftest.c: In function 'main':
conftest.c:28:8: error: 'error' undeclared (first use in this function)
        error if not clang
        ^
conftest.c:28:8: note: each undeclared identifier is reported only once for each function it appears in
conftest.c:28:14: error: expected ';' before 'if'
        error if not clang
              ^
configure:15772: $? = 1
configure: failed program was:
| /* confdefs.h */
| #define PACKAGE_NAME "zeromq"
| #define PACKAGE_TARNAME "zeromq"
| #define PACKAGE_VERSION "4.0.1"
| #define PACKAGE_STRING "zeromq 4.0.1"
| #define PACKAGE_BUGREPORT "zeromq-dev@lists.zeromq.org"
| #define PACKAGE_URL ""
| #define PACKAGE "zeromq"
| #define VERSION "4.0.1"
| #define STDC_HEADERS 1
| #define HAVE_SYS_TYPES_H 1
| #define HAVE_SYS_STAT_H 1
| #define HAVE_STDLIB_H 1
| #define HAVE_STRING_H 1
| #define HAVE_MEMORY_H 1
| #define HAVE_STRINGS_H 1
| #define HAVE_INTTYPES_H 1
| #define HAVE_STDINT_H 1
| #define HAVE_UNISTD_H 1
| #define HAVE_DLFCN_H 1
| #define LT_OBJDIR ".libs/"
| /* end confdefs.h.  */
| 
| int
| main ()
| {
| #ifndef __clang__
|        error if not clang
| #endif
| 
|   ;
|   return 0;
| }
configure:15780: result: no
configure:15782: checking whether we are using gcc >= 4 C compiler
configure:15801: gcc -std=gnu99 -c -g -O2  conftest.c >&5
configure:15801: $? = 0
configure:15809: result: yes
configure:15826: checking whether the C++ compiler works
configure:15842: g++ -o conftest -g -O2   conftest.cpp  >&5
configure:15842: $? = 0
configure:15851: result: yes
configure:15859: checking whether we are using Intel C++ compiler
configure:15878: g++ -c -g -O2  conftest.cpp >&5
conftest.cpp: In function 'int main()':
conftest.cpp:28:8: error: 'error' was not declared in this scope
        error if not ICC
        ^
conftest.cpp:28:14: error: expected ';' before 'if'
        error if not ICC
              ^
configure:15878: $? = 1
configure: failed program was:
| /* confdefs.h */
| #define PACKAGE_NAME "zeromq"
| #define PACKAGE_TARNAME "zeromq"
| #define PACKAGE_VERSION "4.0.1"
| #define PACKAGE_STRING "zeromq 4.0.1"
| #define PACKAGE_BUGREPORT "zeromq-dev@lists.zeromq.org"
| #define PACKAGE_URL ""
| #define PACKAGE "zeromq"
| #define VERSION "4.0.1"
| #define STDC_HEADERS 1
| #define HAVE_SYS_TYPES_H 1
| #define HAVE_SYS_STAT_H 1
| #define HAVE_STDLIB_H 1
| #define HAVE_STRING_H 1
| #define HAVE_MEMORY_H 1
| #define HAVE_STRINGS_H 1
| #define HAVE_INTTYPES_H 1
| #define HAVE_STDINT_H 1
| #define HAVE_UNISTD_H 1
| #define HAVE_DLFCN_H 1
| #define LT_OBJDIR ".libs/"
| /* end confdefs.h.  */
| 
| int
| main ()
| {
| #ifndef __INTEL_COMPILER
|        error if not ICC
| #endif
| 
|   ;
|   return 0;
| }
configure:15886: result: no
configure:15888: checking whether we are using Sun Studio C++ compiler
configure:15907: g++ -c -g -O2  conftest.cpp >&5
conftest.cpp: In function 'int main()':
conftest.cpp:28:8: error: 'error' was not declared in this scope
        error if not sun studio
        ^
conftest.cpp:28:14: error: expected ';' before 'if'
        error if not sun studio
              ^
configure:15907: $? = 1
configure: failed program was:
| /* confdefs.h */
| #define PACKAGE_NAME "zeromq"
| #define PACKAGE_TARNAME "zeromq"
| #define PACKAGE_VERSION "4.0.1"
| #define PACKAGE_STRING "zeromq 4.0.1"
| #define PACKAGE_BUGREPORT "zeromq-dev@lists.zeromq.org"
| #define PACKAGE_URL ""
| #define PACKAGE "zeromq"
| #define VERSION "4.0.1"
| #define STDC_HEADERS 1
| #define HAVE_SYS_TYPES_H 1
| #define HAVE_SYS_STAT_H 1
| #define HAVE_STDLIB_H 1
| #define HAVE_STRING_H 1
| #define HAVE_MEMORY_H 1
| #define HAVE_STRINGS_H 1
| #define HAVE_INTTYPES_H 1
| #define HAVE_STDINT_H 1
| #define HAVE_UNISTD_H 1
| #define HAVE_DLFCN_H 1
| #define LT_OBJDIR ".libs/"
| /* end confdefs.h.  */
| 
| int
| main ()
| {
| #if !defined(__SUNPRO_CC) && !defined(__SUNPRO_C)
|        error if not sun studio
| #endif
| 
|   ;
|   return 0;
| }
configure:15915: result: no
configure:15917: checking whether we are using clang C++ compiler
configure:15936: g++ -c -g -O2  conftest.cpp >&5
conftest.cpp: In function 'int main()':
conftest.cpp:28:8: error: 'error' was not declared in this scope
        error if not clang
        ^
conftest.cpp:28:14: error: expected ';' before 'if'
        error if not clang
              ^
configure:15936: $? = 1
configure: failed program was:
| /* confdefs.h */
| #define PACKAGE_NAME "zeromq"
| #define PACKAGE_TARNAME "zeromq"
| #define PACKAGE_VERSION "4.0.1"
| #define PACKAGE_STRING "zeromq 4.0.1"
| #define PACKAGE_BUGREPORT "zeromq-dev@lists.zeromq.org"
| #define PACKAGE_URL ""
| #define PACKAGE "zeromq"
| #define VERSION "4.0.1"
| #define STDC_HEADERS 1
| #define HAVE_SYS_TYPES_H 1
| #define HAVE_SYS_STAT_H 1
| #define HAVE_STDLIB_H 1
| #define HAVE_STRING_H 1
| #define HAVE_MEMORY_H 1
| #define HAVE_STRINGS_H 1
| #define HAVE_INTTYPES_H 1
| #define HAVE_STDINT_H 1
| #define HAVE_UNISTD_H 1
| #define HAVE_DLFCN_H 1
| #define LT_OBJDIR ".libs/"
| /* end confdefs.h.  */
| 
| int
| main ()
| {
| #ifndef __clang__
|        error if not clang
| #endif
| 
|   ;
|   return 0;
| }
configure:15944: result: no
configure:15946: checking whether we are using gcc >= 4 C++ compiler
configure:15965: g++ -c -g -O2  conftest.cpp >&5
configure:15965: $? = 0
configure:15973: result: yes
configure:16007: checking whether to enable debugging information
configure:16045: result: no
configure:16062: checking whether to enable code coverage
configure:16093: result: no
configure:16916: checking for pthread_create in -lpthread
configure:16941: gcc -std=gnu99 -o conftest -g -O2 -D_GNU_SOURCE -D_REENTRANT -D_THREAD_SAFE   conftest.c -lpthread   >&5
configure:16941: $? = 0
configure:16950: result: yes
configure:16961: checking for clock_gettime in -lrt
configure:16986: gcc -std=gnu99 -o conftest -g -O2 -D_GNU_SOURCE -D_REENTRANT -D_THREAD_SAFE   conftest.c -lrt  -lpthread  >&5
configure:16986: $? = 0
configure:16995: result: yes
configure:17006: checking for sodium_init in -lsodium
configure:17031: gcc -std=gnu99 -o conftest -g -O2 -D_GNU_SOURCE -D_REENTRANT -D_THREAD_SAFE   conftest.c -lsodium  -lrt -lpthread  >&5
configure:17031: $? = 0
configure:17040: result: yes
configure:17076: checking whether C++ compiler supports -fvisibility=hidden
configure:17108: g++ -c -g -O2 -D_GNU_SOURCE -D_REENTRANT -D_THREAD_SAFE  -fvisibility=hidden conftest.cpp >&5
configure:17108: $? = 0
configure:17139: result: yes
configure:17225: checking whether C++ compiler supports dso visibility
configure:17229: result: yes
configure:17373: checking for asciidoc
configure:17401: result: no
configure:17411: checking for xmlto
configure:17439: result: no
configure:17452: WARNING: You are building an unreleased version of 0MQ and asciidoc or xmlto are not installed.
configure:17454: WARNING: Documentation will not be built and manual pages will not be installed.
configure:17465: checking whether to build documentation
configure:17467: result: no
configure:17470: checking whether to install manpages
configure:17472: result: no
configure:17504: checking for suitable polling system
configure:17540: gcc -std=gnu99 -o conftest -g -O2 -D_GNU_SOURCE -D_REENTRANT -D_THREAD_SAFE   conftest.c -lsodium -lrt -lpthread  >&5
conftest.c:29:23: fatal error: sys/event.h: No such file or directory
 #include <sys/event.h>
                       ^
compilation terminated.
configure:17540: $? = 1
configure: failed program was:
| /* confdefs.h */
| #define PACKAGE_NAME "zeromq"
| #define PACKAGE_TARNAME "zeromq"
| #define PACKAGE_VERSION "4.0.1"
| #define PACKAGE_STRING "zeromq 4.0.1"
| #define PACKAGE_BUGREPORT "zeromq-dev@lists.zeromq.org"
| #define PACKAGE_URL ""
| #define PACKAGE "zeromq"
| #define VERSION "4.0.1"
| #define STDC_HEADERS 1
| #define HAVE_SYS_TYPES_H 1
| #define HAVE_SYS_STAT_H 1
| #define HAVE_STDLIB_H 1
| #define HAVE_STRING_H 1
| #define HAVE_MEMORY_H 1
| #define HAVE_STRINGS_H 1
| #define HAVE_INTTYPES_H 1
| #define HAVE_STDINT_H 1
| #define HAVE_UNISTD_H 1
| #define HAVE_DLFCN_H 1
| #define LT_OBJDIR ".libs/"
| #define ZMQ_HAVE_LINUX 1
| #define HAVE_LIBPTHREAD 1
| #define HAVE_LIBRT 1
| #define HAVE_LIBSODIUM 1
| /* end confdefs.h.  */
| 
| #include <sys/types.h>
| #include <sys/event.h>
| #include <sys/time.h>
| 
| int
| main ()
| {
| 
| struct kevent t_kev;
| kqueue();
| 
| 
|   ;
|   return 0;
| }
configure:17600: gcc -std=gnu99 -o conftest -g -O2 -D_GNU_SOURCE -D_REENTRANT -D_THREAD_SAFE   conftest.c -lsodium -lrt -lpthread  >&5
configure:17600: $? = 0
configure:17600: ./conftest
configure:17600: $? = 0
configure:17725: result: using epoll
configure:17734: checking for ANSI C header files
configure:17838: result: yes
configure:17850: checking errno.h usability
configure:17850: gcc -std=gnu99 -c -g -O2 -D_GNU_SOURCE -D_REENTRANT -D_THREAD_SAFE  -DZMQ_FORCE_EPOLL conftest.c >&5
configure:17850: $? = 0
configure:17850: result: yes
configure:17850: checking errno.h presence
configure:17850: gcc -std=gnu99 -E -D_GNU_SOURCE -D_REENTRANT -D_THREAD_SAFE  -DZMQ_FORCE_EPOLL conftest.c
configure:17850: $? = 0
configure:17850: result: yes
configure:17850: checking for errno.h
configure:17850: result: yes
configure:17850: checking arpa/inet.h usability
configure:17850: gcc -std=gnu99 -c -g -O2 -D_GNU_SOURCE -D_REENTRANT -D_THREAD_SAFE  -DZMQ_FORCE_EPOLL conftest.c >&5
configure:17850: $? = 0
configure:17850: result: yes
configure:17850: checking arpa/inet.h presence
configure:17850: gcc -std=gnu99 -E -D_GNU_SOURCE -D_REENTRANT -D_THREAD_SAFE  -DZMQ_FORCE_EPOLL conftest.c
configure:17850: $? = 0
configure:17850: result: yes
configure:17850: checking for arpa/inet.h
configure:17850: result: yes
configure:17850: checking netinet/tcp.h usability
configure:17850: gcc -std=gnu99 -c -g -O2 -D_GNU_SOURCE -D_REENTRANT -D_THREAD_SAFE  -DZMQ_FORCE_EPOLL conftest.c >&5
configure:17850: $? = 0
configure:17850: result: yes
configure:17850: checking netinet/tcp.h presence
configure:17850: gcc -std=gnu99 -E -D_GNU_SOURCE -D_REENTRANT -D_THREAD_SAFE  -DZMQ_FORCE_EPOLL conftest.c
configure:17850: $? = 0
configure:17850: result: yes
configure:17850: checking for netinet/tcp.h
configure:17850: result: yes
configure:17850: checking netinet/in.h usability
configure:17850: gcc -std=gnu99 -c -g -O2 -D_GNU_SOURCE -D_REENTRANT -D_THREAD_SAFE  -DZMQ_FORCE_EPOLL conftest.c >&5
configure:17850: $? = 0
configure:17850: result: yes
configure:17850: checking netinet/in.h presence
configure:17850: gcc -std=gnu99 -E -D_GNU_SOURCE -D_REENTRANT -D_THREAD_SAFE  -DZMQ_FORCE_EPOLL conftest.c
configure:17850: $? = 0
configure:17850: result: yes
configure:17850: checking for netinet/in.h
configure:17850: result: yes
configure:17850: checking stddef.h usability
configure:17850: gcc -std=gnu99 -c -g -O2 -D_GNU_SOURCE -D_REENTRANT -D_THREAD_SAFE  -DZMQ_FORCE_EPOLL conftest.c >&5
configure:17850: $? = 0
configure:17850: result: yes
configure:17850: checking stddef.h presence
configure:17850: gcc -std=gnu99 -E -D_GNU_SOURCE -D_REENTRANT -D_THREAD_SAFE  -DZMQ_FORCE_EPOLL conftest.c
configure:17850: $? = 0
configure:17850: result: yes
configure:17850: checking for stddef.h
configure:17850: result: yes
configure:17850: checking for stdlib.h
configure:17850: result: yes
configure:17850: checking for string.h
configure:17850: result: yes
configure:17850: checking sys/socket.h usability
configure:17850: gcc -std=gnu99 -c -g -O2 -D_GNU_SOURCE -D_REENTRANT -D_THREAD_SAFE  -DZMQ_FORCE_EPOLL conftest.c >&5
configure:17850: $? = 0
configure:17850: result: yes
configure:17850: checking sys/socket.h presence
configure:17850: gcc -std=gnu99 -E -D_GNU_SOURCE -D_REENTRANT -D_THREAD_SAFE  -DZMQ_FORCE_EPOLL conftest.c
configure:17850: $? = 0
configure:17850: result: yes
configure:17850: checking for sys/socket.h
configure:17850: result: yes
configure:17850: checking sys/time.h usability
configure:17850: gcc -std=gnu99 -c -g -O2 -D_GNU_SOURCE -D_REENTRANT -D_THREAD_SAFE  -DZMQ_FORCE_EPOLL conftest.c >&5
configure:17850: $? = 0
configure:17850: result: yes
configure:17850: checking sys/time.h presence
configure:17850: gcc -std=gnu99 -E -D_GNU_SOURCE -D_REENTRANT -D_THREAD_SAFE  -DZMQ_FORCE_EPOLL conftest.c
configure:17850: $? = 0
configure:17850: result: yes
configure:17850: checking for sys/time.h
configure:17850: result: yes
configure:17850: checking time.h usability
configure:17850: gcc -std=gnu99 -c -g -O2 -D_GNU_SOURCE -D_REENTRANT -D_THREAD_SAFE  -DZMQ_FORCE_EPOLL conftest.c >&5
configure:17850: $? = 0
configure:17850: result: yes
configure:17850: checking time.h presence
configure:17850: gcc -std=gnu99 -E -D_GNU_SOURCE -D_REENTRANT -D_THREAD_SAFE  -DZMQ_FORCE_EPOLL conftest.c
configure:17850: $? = 0
configure:17850: result: yes
configure:17850: checking for time.h
configure:17850: result: yes
configure:17850: checking for unistd.h
configure:17850: result: yes
configure:17850: checking limits.h usability
configure:17850: gcc -std=gnu99 -c -g -O2 -D_GNU_SOURCE -D_REENTRANT -D_THREAD_SAFE  -DZMQ_FORCE_EPOLL conftest.c >&5
configure:17850: $? = 0
configure:17850: result: yes
configure:17850: checking limits.h presence
configure:17850: gcc -std=gnu99 -E -D_GNU_SOURCE -D_REENTRANT -D_THREAD_SAFE  -DZMQ_FORCE_EPOLL conftest.c
configure:17850: $? = 0
configure:17850: result: yes
configure:17850: checking for limits.h
configure:17850: result: yes
configure:17865: checking ifaddrs.h usability
configure:17865: gcc -std=gnu99 -c -g -O2 -D_GNU_SOURCE -D_REENTRANT -D_THREAD_SAFE  -DZMQ_FORCE_EPOLL conftest.c >&5
configure:17865: $? = 0
configure:17865: result: yes
configure:17865: checking ifaddrs.h presence
configure:17865: gcc -std=gnu99 -E -D_GNU_SOURCE -D_REENTRANT -D_THREAD_SAFE  -DZMQ_FORCE_EPOLL conftest.c
configure:17865: $? = 0
configure:17865: result: yes
configure:17865: checking for ifaddrs.h
configure:17865: result: yes
configure:17881: checking sys/uio.h usability
configure:17881: gcc -std=gnu99 -c -g -O2 -D_GNU_SOURCE -D_REENTRANT -D_THREAD_SAFE  -DZMQ_FORCE_EPOLL conftest.c >&5
configure:17881: $? = 0
configure:17881: result: yes
configure:17881: checking sys/uio.h presence
configure:17881: gcc -std=gnu99 -E -D_GNU_SOURCE -D_REENTRANT -D_THREAD_SAFE  -DZMQ_FORCE_EPOLL conftest.c
configure:17881: $? = 0
configure:17881: result: yes
configure:17881: checking for sys/uio.h
configure:17881: result: yes
configure:17907: checking sys/eventfd.h usability
configure:17907: gcc -std=gnu99 -c -g -O2 -D_GNU_SOURCE -D_REENTRANT -D_THREAD_SAFE  -DZMQ_FORCE_EPOLL conftest.c >&5
configure:17907: $? = 0
configure:17907: result: yes
configure:17907: checking sys/eventfd.h presence
configure:17907: gcc -std=gnu99 -E -D_GNU_SOURCE -D_REENTRANT -D_THREAD_SAFE  -DZMQ_FORCE_EPOLL conftest.c
configure:17907: $? = 0
configure:17907: result: yes
configure:17907: checking for sys/eventfd.h
configure:17907: result: yes
configure:17929: checking for stdbool.h that conforms to C99
configure:18014: g++ -c -g -O2 -D_GNU_SOURCE -D_REENTRANT -D_THREAD_SAFE  -DZMQ_FORCE_EPOLL conftest.cpp >&5
configure:18014: $? = 0
configure:18021: result: yes
configure:18023: checking for _Bool
configure:18023: g++ -c -g -O2 -D_GNU_SOURCE -D_REENTRANT -D_THREAD_SAFE  -DZMQ_FORCE_EPOLL conftest.cpp >&5
conftest.cpp: In function 'int main()':
conftest.cpp:82:13: error: '_Bool' was not declared in this scope
 if (sizeof (_Bool))
             ^
configure:18023: $? = 1
configure: failed program was:
| /* confdefs.h */
| #define PACKAGE_NAME "zeromq"
| #define PACKAGE_TARNAME "zeromq"
| #define PACKAGE_VERSION "4.0.1"
| #define PACKAGE_STRING "zeromq 4.0.1"
| #define PACKAGE_BUGREPORT "zeromq-dev@lists.zeromq.org"
| #define PACKAGE_URL ""
| #define PACKAGE "zeromq"
| #define VERSION "4.0.1"
| #define STDC_HEADERS 1
| #define HAVE_SYS_TYPES_H 1
| #define HAVE_SYS_STAT_H 1
| #define HAVE_STDLIB_H 1
| #define HAVE_STRING_H 1
| #define HAVE_MEMORY_H 1
| #define HAVE_STRINGS_H 1
| #define HAVE_INTTYPES_H 1
| #define HAVE_STDINT_H 1
| #define HAVE_UNISTD_H 1
| #define HAVE_DLFCN_H 1
| #define LT_OBJDIR ".libs/"
| #define ZMQ_HAVE_LINUX 1
| #define HAVE_LIBPTHREAD 1
| #define HAVE_LIBRT 1
| #define HAVE_LIBSODIUM 1
| #define STDC_HEADERS 1
| #define HAVE_ERRNO_H 1
| #define HAVE_ARPA_INET_H 1
| #define HAVE_NETINET_TCP_H 1
| #define HAVE_NETINET_IN_H 1
| #define HAVE_STDDEF_H 1
| #define HAVE_STDLIB_H 1
| #define HAVE_STRING_H 1
| #define HAVE_SYS_SOCKET_H 1
| #define HAVE_SYS_TIME_H 1
| #define HAVE_TIME_H 1
| #define HAVE_UNISTD_H 1
| #define HAVE_LIMITS_H 1
| #define HAVE_IFADDRS_H 1
| #define ZMQ_HAVE_IFADDRS 1
| #define HAVE_SYS_UIO_H 1
| #define ZMQ_HAVE_UIO 1
| #define HAVE_SYS_EVENTFD_H 1
| #define ZMQ_HAVE_EVENTFD 1
| /* end confdefs.h.  */
| #include <stdio.h>
| #ifdef HAVE_SYS_TYPES_H
| # include <sys/types.h>
| #endif
| #ifdef HAVE_SYS_STAT_H
| # include <sys/stat.h>
| #endif
| #ifdef STDC_HEADERS
| # include <stdlib.h>
| # include <stddef.h>
| #else
| # ifdef HAVE_STDLIB_H
| #  include <stdlib.h>
| # endif
| #endif
| #ifdef HAVE_STRING_H
| # if !defined STDC_HEADERS && defined HAVE_MEMORY_H
| #  include <memory.h>
| # endif
| # include <string.h>
| #endif
| #ifdef HAVE_STRINGS_H
| # include <strings.h>
| #endif
| #ifdef HAVE_INTTYPES_H
| # include <inttypes.h>
| #endif
| #ifdef HAVE_STDINT_H
| # include <stdint.h>
| #endif
| #ifdef HAVE_UNISTD_H
| # include <unistd.h>
| #endif
| int
| main ()
| {
| if (sizeof (_Bool))
| 	 return 0;
|   ;
|   return 0;
| }
configure:18023: result: no
configure:18039: checking for an ANSI C-conforming const
configure:18104: g++ -c -g -O2 -D_GNU_SOURCE -D_REENTRANT -D_THREAD_SAFE  -DZMQ_FORCE_EPOLL conftest.cpp >&5
configure:18104: $? = 0
configure:18111: result: yes
configure:18119: checking for inline
configure:18135: g++ -c -g -O2 -D_GNU_SOURCE -D_REENTRANT -D_THREAD_SAFE  -DZMQ_FORCE_EPOLL conftest.cpp >&5
configure:18135: $? = 0
configure:18143: result: inline
configure:18210: checking for size_t
configure:18210: g++ -c -g -O2 -D_GNU_SOURCE -D_REENTRANT -D_THREAD_SAFE  -DZMQ_FORCE_EPOLL conftest.cpp >&5
configure:18210: $? = 0
configure:18210: g++ -c -g -O2 -D_GNU_SOURCE -D_REENTRANT -D_THREAD_SAFE  -DZMQ_FORCE_EPOLL conftest.cpp >&5
conftest.cpp: In function 'int main()':
conftest.cpp:83:20: error: expected primary-expression before ')' token
 if (sizeof ((size_t)))
                    ^
configure:18210: $? = 1
configure: failed program was:
| /* confdefs.h */
| #define PACKAGE_NAME "zeromq"
| #define PACKAGE_TARNAME "zeromq"
| #define PACKAGE_VERSION "4.0.1"
| #define PACKAGE_STRING "zeromq 4.0.1"
| #define PACKAGE_BUGREPORT "zeromq-dev@lists.zeromq.org"
| #define PACKAGE_URL ""
| #define PACKAGE "zeromq"
| #define VERSION "4.0.1"
| #define STDC_HEADERS 1
| #define HAVE_SYS_TYPES_H 1
| #define HAVE_SYS_STAT_H 1
| #define HAVE_STDLIB_H 1
| #define HAVE_STRING_H 1
| #define HAVE_MEMORY_H 1
| #define HAVE_STRINGS_H 1
| #define HAVE_INTTYPES_H 1
| #define HAVE_STDINT_H 1
| #define HAVE_UNISTD_H 1
| #define HAVE_DLFCN_H 1
| #define LT_OBJDIR ".libs/"
| #define ZMQ_HAVE_LINUX 1
| #define HAVE_LIBPTHREAD 1
| #define HAVE_LIBRT 1
| #define HAVE_LIBSODIUM 1
| #define STDC_HEADERS 1
| #define HAVE_ERRNO_H 1
| #define HAVE_ARPA_INET_H 1
| #define HAVE_NETINET_TCP_H 1
| #define HAVE_NETINET_IN_H 1
| #define HAVE_STDDEF_H 1
| #define HAVE_STDLIB_H 1
| #define HAVE_STRING_H 1
| #define HAVE_SYS_SOCKET_H 1
| #define HAVE_SYS_TIME_H 1
| #define HAVE_TIME_H 1
| #define HAVE_UNISTD_H 1
| #define HAVE_LIMITS_H 1
| #define HAVE_IFADDRS_H 1
| #define ZMQ_HAVE_IFADDRS 1
| #define HAVE_SYS_UIO_H 1
| #define ZMQ_HAVE_UIO 1
| #define HAVE_SYS_EVENTFD_H 1
| #define ZMQ_HAVE_EVENTFD 1
| #define HAVE_STDBOOL_H 1
| /* end confdefs.h.  */
| #include <stdio.h>
| #ifdef HAVE_SYS_TYPES_H
| # include <sys/types.h>
| #endif
| #ifdef HAVE_SYS_STAT_H
| # include <sys/stat.h>
| #endif
| #ifdef STDC_HEADERS
| # include <stdlib.h>
| # include <stddef.h>
| #else
| # ifdef HAVE_STDLIB_H
| #  include <stdlib.h>
| # endif
| #endif
| #ifdef HAVE_STRING_H
| # if !defined STDC_HEADERS && defined HAVE_MEMORY_H
| #  include <memory.h>
| # endif
| # include <string.h>
| #endif
| #ifdef HAVE_STRINGS_H
| # include <strings.h>
| #endif
| #ifdef HAVE_INTTYPES_H
| # include <inttypes.h>
| #endif
| #ifdef HAVE_STDINT_H
| # include <stdint.h>
| #endif
| #ifdef HAVE_UNISTD_H
| # include <unistd.h>
| #endif
| int
| main ()
| {
| if (sizeof ((size_t)))
| 	    return 0;
|   ;
|   return 0;
| }
configure:18210: result: yes
configure:18221: checking for ssize_t
configure:18221: g++ -c -g -O2 -D_GNU_SOURCE -D_REENTRANT -D_THREAD_SAFE  -DZMQ_FORCE_EPOLL conftest.cpp >&5
configure:18221: $? = 0
configure:18221: g++ -c -g -O2 -D_GNU_SOURCE -D_REENTRANT -D_THREAD_SAFE  -DZMQ_FORCE_EPOLL conftest.cpp >&5
conftest.cpp: In function 'int main()':
conftest.cpp:83:21: error: expected primary-expression before ')' token
 if (sizeof ((ssize_t)))
                     ^
configure:18221: $? = 1
configure: failed program was:
| /* confdefs.h */
| #define PACKAGE_NAME "zeromq"
| #define PACKAGE_TARNAME "zeromq"
| #define PACKAGE_VERSION "4.0.1"
| #define PACKAGE_STRING "zeromq 4.0.1"
| #define PACKAGE_BUGREPORT "zeromq-dev@lists.zeromq.org"
| #define PACKAGE_URL ""
| #define PACKAGE "zeromq"
| #define VERSION "4.0.1"
| #define STDC_HEADERS 1
| #define HAVE_SYS_TYPES_H 1
| #define HAVE_SYS_STAT_H 1
| #define HAVE_STDLIB_H 1
| #define HAVE_STRING_H 1
| #define HAVE_MEMORY_H 1
| #define HAVE_STRINGS_H 1
| #define HAVE_INTTYPES_H 1
| #define HAVE_STDINT_H 1
| #define HAVE_UNISTD_H 1
| #define HAVE_DLFCN_H 1
| #define LT_OBJDIR ".libs/"
| #define ZMQ_HAVE_LINUX 1
| #define HAVE_LIBPTHREAD 1
| #define HAVE_LIBRT 1
| #define HAVE_LIBSODIUM 1
| #define STDC_HEADERS 1
| #define HAVE_ERRNO_H 1
| #define HAVE_ARPA_INET_H 1
| #define HAVE_NETINET_TCP_H 1
| #define HAVE_NETINET_IN_H 1
| #define HAVE_STDDEF_H 1
| #define HAVE_STDLIB_H 1
| #define HAVE_STRING_H 1
| #define HAVE_SYS_SOCKET_H 1
| #define HAVE_SYS_TIME_H 1
| #define HAVE_TIME_H 1
| #define HAVE_UNISTD_H 1
| #define HAVE_LIMITS_H 1
| #define HAVE_IFADDRS_H 1
| #define ZMQ_HAVE_IFADDRS 1
| #define HAVE_SYS_UIO_H 1
| #define ZMQ_HAVE_UIO 1
| #define HAVE_SYS_EVENTFD_H 1
| #define ZMQ_HAVE_EVENTFD 1
| #define HAVE_STDBOOL_H 1
| /* end confdefs.h.  */
| #include <stdio.h>
| #ifdef HAVE_SYS_TYPES_H
| # include <sys/types.h>
| #endif
| #ifdef HAVE_SYS_STAT_H
| # include <sys/stat.h>
| #endif
| #ifdef STDC_HEADERS
| # include <stdlib.h>
| # include <stddef.h>
| #else
| # ifdef HAVE_STDLIB_H
| #  include <stdlib.h>
| # endif
| #endif
| #ifdef HAVE_STRING_H
| # if !defined STDC_HEADERS && defined HAVE_MEMORY_H
| #  include <memory.h>
| # endif
| # include <string.h>
| #endif
| #ifdef HAVE_STRINGS_H
| # include <strings.h>
| #endif
| #ifdef HAVE_INTTYPES_H
| # include <inttypes.h>
| #endif
| #ifdef HAVE_STDINT_H
| # include <stdint.h>
| #endif
| #ifdef HAVE_UNISTD_H
| # include <unistd.h>
| #endif
| int
| main ()
| {
| if (sizeof ((ssize_t)))
| 	    return 0;
|   ;
|   return 0;
| }
configure:18221: result: yes
configure:18233: checking whether time.h and sys/time.h may both be included
configure:18253: g++ -c -g -O2 -D_GNU_SOURCE -D_REENTRANT -D_THREAD_SAFE  -DZMQ_FORCE_EPOLL conftest.cpp >&5
configure:18253: $? = 0
configure:18260: result: yes
configure:18268: checking for uint32_t
configure:18268: g++ -c -g -O2 -D_GNU_SOURCE -D_REENTRANT -D_THREAD_SAFE  -DZMQ_FORCE_EPOLL conftest.cpp >&5
configure:18268: $? = 0
configure:18268: result: yes
configure:18282: checking for working volatile
configure:18301: g++ -c -g -O2 -D_GNU_SOURCE -D_REENTRANT -D_THREAD_SAFE  -DZMQ_FORCE_EPOLL conftest.cpp >&5
configure:18301: $? = 0
configure:18308: result: yes
configure:18973: checking how to enable additional warnings for C++ compiler
configure:19008: result: -Wall
configure:19020: checking how to turn warnings to errors in C++ compiler
configure:19051: result: -Werror
configure:19064: checking how to enable strict standards compliance in C++ compiler
configure:19099: result: -pedantic
configure:19150: checking return type of signal handlers
configure:19168: g++ -c -g -O2 -pedantic -Werror -Wall -D_GNU_SOURCE -D_REENTRANT -D_THREAD_SAFE  -DZMQ_FORCE_EPOLL conftest.cpp >&5
conftest.cpp: In function 'int main()':
conftest.cpp:54:22: error: void value not ignored as it ought to be
 return *(signal (0, 0)) (0) == 1;
                      ^
configure:19168: $? = 1
configure: failed program was:
| /* confdefs.h */
| #define PACKAGE_NAME "zeromq"
| #define PACKAGE_TARNAME "zeromq"
| #define PACKAGE_VERSION "4.0.1"
| #define PACKAGE_STRING "zeromq 4.0.1"
| #define PACKAGE_BUGREPORT "zeromq-dev@lists.zeromq.org"
| #define PACKAGE_URL ""
| #define PACKAGE "zeromq"
| #define VERSION "4.0.1"
| #define STDC_HEADERS 1
| #define HAVE_SYS_TYPES_H 1
| #define HAVE_SYS_STAT_H 1
| #define HAVE_STDLIB_H 1
| #define HAVE_STRING_H 1
| #define HAVE_MEMORY_H 1
| #define HAVE_STRINGS_H 1
| #define HAVE_INTTYPES_H 1
| #define HAVE_STDINT_H 1
| #define HAVE_UNISTD_H 1
| #define HAVE_DLFCN_H 1
| #define LT_OBJDIR ".libs/"
| #define ZMQ_HAVE_LINUX 1
| #define HAVE_LIBPTHREAD 1
| #define HAVE_LIBRT 1
| #define HAVE_LIBSODIUM 1
| #define STDC_HEADERS 1
| #define HAVE_ERRNO_H 1
| #define HAVE_ARPA_INET_H 1
| #define HAVE_NETINET_TCP_H 1
| #define HAVE_NETINET_IN_H 1
| #define HAVE_STDDEF_H 1
| #define HAVE_STDLIB_H 1
| #define HAVE_STRING_H 1
| #define HAVE_SYS_SOCKET_H 1
| #define HAVE_SYS_TIME_H 1
| #define HAVE_TIME_H 1
| #define HAVE_UNISTD_H 1
| #define HAVE_LIMITS_H 1
| #define HAVE_IFADDRS_H 1
| #define ZMQ_HAVE_IFADDRS 1
| #define HAVE_SYS_UIO_H 1
| #define ZMQ_HAVE_UIO 1
| #define HAVE_SYS_EVENTFD_H 1
| #define ZMQ_HAVE_EVENTFD 1
| #define HAVE_STDBOOL_H 1
| #define TIME_WITH_SYS_TIME 1
| /* end confdefs.h.  */
| #include <sys/types.h>
| #include <signal.h>
| 
| int
| main ()
| {
| return *(signal (0, 0)) (0) == 1;
|   ;
|   return 0;
| }
configure:19175: result: void
configure:19186: checking for perror
configure:19186: g++ -o conftest -g -O2 -pedantic -Werror -Wall -D_GNU_SOURCE -D_REENTRANT -D_THREAD_SAFE  -DZMQ_FORCE_EPOLL  conftest.cpp -lsodium -lrt -lpthread  >&5
configure:19186: $? = 0
configure:19186: result: yes
configure:19186: checking for gettimeofday
configure:19186: g++ -o conftest -g -O2 -pedantic -Werror -Wall -D_GNU_SOURCE -D_REENTRANT -D_THREAD_SAFE  -DZMQ_FORCE_EPOLL  conftest.cpp -lsodium -lrt -lpthread  >&5
configure:19186: $? = 0
configure:19186: result: yes
configure:19186: checking for clock_gettime
configure:19186: g++ -o conftest -g -O2 -pedantic -Werror -Wall -D_GNU_SOURCE -D_REENTRANT -D_THREAD_SAFE  -DZMQ_FORCE_EPOLL  conftest.cpp -lsodium -lrt -lpthread  >&5
configure:19186: $? = 0
configure:19186: result: yes
configure:19186: checking for memset
configure:19186: g++ -o conftest -g -O2 -pedantic -Werror -Wall -D_GNU_SOURCE -D_REENTRANT -D_THREAD_SAFE  -DZMQ_FORCE_EPOLL  conftest.cpp -lsodium -lrt -lpthread  >&5
configure:19186: $? = 0
configure:19186: result: yes
configure:19186: checking for socket
configure:19186: g++ -o conftest -g -O2 -pedantic -Werror -Wall -D_GNU_SOURCE -D_REENTRANT -D_THREAD_SAFE  -DZMQ_FORCE_EPOLL  conftest.cpp -lsodium -lrt -lpthread  >&5
configure:19186: $? = 0
configure:19186: result: yes
configure:19186: checking for getifaddrs
configure:19186: g++ -o conftest -g -O2 -pedantic -Werror -Wall -D_GNU_SOURCE -D_REENTRANT -D_THREAD_SAFE  -DZMQ_FORCE_EPOLL  conftest.cpp -lsodium -lrt -lpthread  >&5
configure:19186: $? = 0
configure:19186: result: yes
configure:19186: checking for freeifaddrs
configure:19186: g++ -o conftest -g -O2 -pedantic -Werror -Wall -D_GNU_SOURCE -D_REENTRANT -D_THREAD_SAFE  -DZMQ_FORCE_EPOLL  conftest.cpp -lsodium -lrt -lpthread  >&5
configure:19186: $? = 0
configure:19186: result: yes
configure:19186: checking for fork
configure:19186: g++ -o conftest -g -O2 -pedantic -Werror -Wall -D_GNU_SOURCE -D_REENTRANT -D_THREAD_SAFE  -DZMQ_FORCE_EPOLL  conftest.cpp -lsodium -lrt -lpthread  >&5
configure:19186: $? = 0
configure:19186: result: yes
configure:19199: checking alloca.h usability
configure:19199: g++ -c -g -O2 -pedantic -Werror -Wall -D_GNU_SOURCE -D_REENTRANT -D_THREAD_SAFE  -DZMQ_FORCE_EPOLL conftest.cpp >&5
configure:19199: $? = 0
configure:19199: result: yes
configure:19199: checking alloca.h presence
configure:19199: g++ -E -pedantic -Werror -Wall -D_GNU_SOURCE -D_REENTRANT -D_THREAD_SAFE  -DZMQ_FORCE_EPOLL conftest.cpp
configure:19199: $? = 0
configure:19199: result: yes
configure:19199: checking for alloca.h
configure:19199: result: yes
configure:19210: checking whether SOCK_CLOEXEC is supported
configure:19230: g++ -o conftest -g -O2 -pedantic -Werror -Wall -D_GNU_SOURCE -D_REENTRANT -D_THREAD_SAFE  -DZMQ_FORCE_EPOLL  conftest.cpp -lsodium -lrt -lpthread  >&5
configure:19230: $? = 0
configure:19230: ./conftest
configure:19230: $? = 0
configure:19231: result: yes
configure:19248: checking whether SO_KEEPALIVE is supported
configure:19271: g++ -o conftest -g -O2 -pedantic -Werror -Wall -D_GNU_SOURCE -D_REENTRANT -D_THREAD_SAFE  -DZMQ_FORCE_EPOLL  conftest.cpp -lsodium -lrt -lpthread  >&5
configure:19271: $? = 0
configure:19271: ./conftest
configure:19271: $? = 0
configure:19272: result: yes
configure:19287: checking whether TCP_KEEPCNT is supported
configure:19313: g++ -o conftest -g -O2 -pedantic -Werror -Wall -D_GNU_SOURCE -D_REENTRANT -D_THREAD_SAFE  -DZMQ_FORCE_EPOLL  conftest.cpp -lsodium -lrt -lpthread  >&5
configure:19313: $? = 0
configure:19313: ./conftest
configure:19313: $? = 0
configure:19314: result: yes
configure:19329: checking whether TCP_KEEPIDLE is supported
configure:19355: g++ -o conftest -g -O2 -pedantic -Werror -Wall -D_GNU_SOURCE -D_REENTRANT -D_THREAD_SAFE  -DZMQ_FORCE_EPOLL  conftest.cpp -lsodium -lrt -lpthread  >&5
configure:19355: $? = 0
configure:19355: ./conftest
configure:19355: $? = 0
configure:19356: result: yes
configure:19371: checking whether TCP_KEEPINTVL is supported
configure:19397: g++ -o conftest -g -O2 -pedantic -Werror -Wall -D_GNU_SOURCE -D_REENTRANT -D_THREAD_SAFE  -DZMQ_FORCE_EPOLL  conftest.cpp -lsodium -lrt -lpthread  >&5
configure:19397: $? = 0
configure:19397: ./conftest
configure:19397: $? = 0
configure:19398: result: yes
configure:19413: checking whether TCP_KEEPALIVE is supported
configure:19439: g++ -o conftest -g -O2 -pedantic -Werror -Wall -D_GNU_SOURCE -D_REENTRANT -D_THREAD_SAFE  -DZMQ_FORCE_EPOLL  conftest.cpp -lsodium -lrt -lpthread  >&5
conftest.cpp: In function 'int main(int, char**)':
conftest.cpp:75:44: error: 'TCP_KEEPALIVE' was not declared in this scope
         ((rc = setsockopt (s, IPPROTO_TCP, TCP_KEEPALIVE, (char*) &opt, sizeof (int))) == -1)
                                            ^
configure:19439: $? = 1
configure: program exited with status 1
configure: failed program was:
| /* confdefs.h */
| #define PACKAGE_NAME "zeromq"
| #define PACKAGE_TARNAME "zeromq"
| #define PACKAGE_VERSION "4.0.1"
| #define PACKAGE_STRING "zeromq 4.0.1"
| #define PACKAGE_BUGREPORT "zeromq-dev@lists.zeromq.org"
| #define PACKAGE_URL ""
| #define PACKAGE "zeromq"
| #define VERSION "4.0.1"
| #define STDC_HEADERS 1
| #define HAVE_SYS_TYPES_H 1
| #define HAVE_SYS_STAT_H 1
| #define HAVE_STDLIB_H 1
| #define HAVE_STRING_H 1
| #define HAVE_MEMORY_H 1
| #define HAVE_STRINGS_H 1
| #define HAVE_INTTYPES_H 1
| #define HAVE_STDINT_H 1
| #define HAVE_UNISTD_H 1
| #define HAVE_DLFCN_H 1
| #define LT_OBJDIR ".libs/"
| #define ZMQ_HAVE_LINUX 1
| #define HAVE_LIBPTHREAD 1
| #define HAVE_LIBRT 1
| #define HAVE_LIBSODIUM 1
| #define STDC_HEADERS 1
| #define HAVE_ERRNO_H 1
| #define HAVE_ARPA_INET_H 1
| #define HAVE_NETINET_TCP_H 1
| #define HAVE_NETINET_IN_H 1
| #define HAVE_STDDEF_H 1
| #define HAVE_STDLIB_H 1
| #define HAVE_STRING_H 1
| #define HAVE_SYS_SOCKET_H 1
| #define HAVE_SYS_TIME_H 1
| #define HAVE_TIME_H 1
| #define HAVE_UNISTD_H 1
| #define HAVE_LIMITS_H 1
| #define HAVE_IFADDRS_H 1
| #define ZMQ_HAVE_IFADDRS 1
| #define HAVE_SYS_UIO_H 1
| #define ZMQ_HAVE_UIO 1
| #define HAVE_SYS_EVENTFD_H 1
| #define ZMQ_HAVE_EVENTFD 1
| #define HAVE_STDBOOL_H 1
| #define TIME_WITH_SYS_TIME 1
| #define RETSIGTYPE void
| #define HAVE_PERROR 1
| #define HAVE_GETTIMEOFDAY 1
| #define HAVE_CLOCK_GETTIME 1
| #define HAVE_MEMSET 1
| #define HAVE_SOCKET 1
| #define HAVE_GETIFADDRS 1
| #define HAVE_FREEIFADDRS 1
| #define HAVE_FORK 1
| #define HAVE_ALLOCA_H 1
| #define ZMQ_HAVE_SOCK_CLOEXEC 1
| #define ZMQ_HAVE_SO_KEEPALIVE 1
| #define ZMQ_HAVE_TCP_KEEPCNT 1
| #define ZMQ_HAVE_TCP_KEEPIDLE 1
| #define ZMQ_HAVE_TCP_KEEPINTVL 1
| /* end confdefs.h.  */
| /* TCP_KEEPALIVE test */
| #include <sys/types.h>
| #include <sys/socket.h>
| #include <netinet/in.h>
| #include <netinet/tcp.h>
| 
| int main (int argc, char *argv [])
| {
|     int s, rc, opt = 1;
|     return (
|         ((s = socket (PF_INET, SOCK_STREAM, 0)) == -1) ||
|         ((rc = setsockopt (s, SOL_SOCKET, SO_KEEPALIVE, (char*) &opt, sizeof (int))) == -1) ||
|         ((rc = setsockopt (s, IPPROTO_TCP, TCP_KEEPALIVE, (char*) &opt, sizeof (int))) == -1)
|     );
| }
| 
configure:19446: result: no
configure:19612: creating ./config.status

## ---------------------- ##
## Running config.status. ##
## ---------------------- ##

This file was extended by zeromq config.status 4.0.1, which was
generated by GNU Autoconf 2.65.  Invocation command line was

  CONFIG_FILES    = 
  CONFIG_HEADERS  = 
  CONFIG_LINKS    = 
  CONFIG_COMMANDS = 
  $ ./config.status 

on ubuntu

config.status:1206: creating Makefile
config.status:1206: creating src/Makefile
config.status:1206: creating src/libzmq.pc
config.status:1206: creating doc/Makefile
config.status:1206: creating perf/Makefile
config.status:1206: creating tests/Makefile
config.status:1206: creating tools/Makefile
config.status:1206: creating builds/msvc/Makefile
config.status:1206: creating foreign/openpgm/Makefile
config.status:1206: creating builds/redhat/zeromq.spec
config.status:1206: creating src/platform.hpp
config.status:1426: executing depfiles commands
config.status:1426: executing libtool commands

## ---------------- ##
## Cache variables. ##
## ---------------- ##

ac_cv_build=x86_64-unknown-linux-gnu
ac_cv_c_compiler_gnu=yes
ac_cv_c_const=yes
ac_cv_c_inline=inline
ac_cv_c_uint32_t=yes
ac_cv_c_volatile=yes
ac_cv_cxx_compiler_gnu=yes
ac_cv_env_ASCIIDOC_set=
ac_cv_env_ASCIIDOC_value=
ac_cv_env_CCC_set=
ac_cv_env_CCC_value=
ac_cv_env_CC_set=
ac_cv_env_CC_value=
ac_cv_env_CFLAGS_set=
ac_cv_env_CFLAGS_value=
ac_cv_env_CPPFLAGS_set=
ac_cv_env_CPPFLAGS_value=
ac_cv_env_CPP_set=
ac_cv_env_CPP_value=
ac_cv_env_CXXCPP_set=
ac_cv_env_CXXCPP_value=
ac_cv_env_CXXFLAGS_set=
ac_cv_env_CXXFLAGS_value=
ac_cv_env_CXX_set=
ac_cv_env_CXX_value=
ac_cv_env_LDFLAGS_set=
ac_cv_env_LDFLAGS_value=
ac_cv_env_LIBS_set=
ac_cv_env_LIBS_value=
ac_cv_env_OpenPGM_CFLAGS_set=
ac_cv_env_OpenPGM_CFLAGS_value=
ac_cv_env_OpenPGM_LIBS_set=
ac_cv_env_OpenPGM_LIBS_value=
ac_cv_env_PKG_CONFIG_set=
ac_cv_env_PKG_CONFIG_value=
ac_cv_env_XMLTO_set=
ac_cv_env_XMLTO_value=
ac_cv_env_build_alias_set=
ac_cv_env_build_alias_value=
ac_cv_env_host_alias_set=
ac_cv_env_host_alias_value=
ac_cv_env_target_alias_set=
ac_cv_env_target_alias_value=
ac_cv_func_clock_gettime=yes
ac_cv_func_fork=yes
ac_cv_func_freeifaddrs=yes
ac_cv_func_getifaddrs=yes
ac_cv_func_gettimeofday=yes
ac_cv_func_memset=yes
ac_cv_func_perror=yes
ac_cv_func_socket=yes
ac_cv_header_alloca_h=yes
ac_cv_header_arpa_inet_h=yes
ac_cv_header_dlfcn_h=yes
ac_cv_header_errno_h=yes
ac_cv_header_ifaddrs_h=yes
ac_cv_header_inttypes_h=yes
ac_cv_header_limits_h=yes
ac_cv_header_memory_h=yes
ac_cv_header_netinet_in_h=yes
ac_cv_header_netinet_tcp_h=yes
ac_cv_header_stdbool_h=yes
ac_cv_header_stdc=yes
ac_cv_header_stddef_h=yes
ac_cv_header_stdint_h=yes
ac_cv_header_stdlib_h=yes
ac_cv_header_string_h=yes
ac_cv_header_strings_h=yes
ac_cv_header_sys_eventfd_h=yes
ac_cv_header_sys_socket_h=yes
ac_cv_header_sys_stat_h=yes
ac_cv_header_sys_time_h=yes
ac_cv_header_sys_types_h=yes
ac_cv_header_sys_uio_h=yes
ac_cv_header_time=yes
ac_cv_header_time_h=yes
ac_cv_header_unistd_h=yes
ac_cv_host=x86_64-unknown-linux-gnu
ac_cv_lib_pthread_pthread_create=yes
ac_cv_lib_rt_clock_gettime=yes
ac_cv_lib_sodium_sodium_init=yes
ac_cv_objext=o
ac_cv_path_EGREP='/bin/grep -E'
ac_cv_path_FGREP='/bin/grep -F'
ac_cv_path_GREP=/bin/grep
ac_cv_path_SED=/bin/sed
ac_cv_path_install='/usr/bin/install -c'
ac_cv_path_mkdir=/bin/mkdir
ac_cv_prog_AWK=mawk
ac_cv_prog_CPP='gcc -std=gnu99 -E'
ac_cv_prog_CXXCPP='g++ -E'
ac_cv_prog_ac_ct_AR=ar
ac_cv_prog_ac_ct_CC=gcc
ac_cv_prog_ac_ct_CXX=g++
ac_cv_prog_ac_ct_OBJDUMP=objdump
ac_cv_prog_ac_ct_RANLIB=ranlib
ac_cv_prog_ac_ct_STRIP=strip
ac_cv_prog_cc_c89=
ac_cv_prog_cc_c99=-std=gnu99
ac_cv_prog_cc_g=yes
ac_cv_prog_cc_gcc_c_o=yes
ac_cv_prog_cxx_g=yes
ac_cv_prog_libzmq_have_asciidoc=no
ac_cv_prog_libzmq_have_xmlto=no
ac_cv_prog_make_make_set=yes
ac_cv_type__Bool=no
ac_cv_type_signal=void
ac_cv_type_size_t=yes
ac_cv_type_ssize_t=yes
am_cv_CC_dependencies_compiler_type=gcc3
am_cv_CXX_dependencies_compiler_type=gcc3
am_cv_prog_tar_ustar=gnutar
libzmq_cv_c_clang_compiler=no
libzmq_cv_c_compiler_works=yes
libzmq_cv_c_gcc4_compiler=yes
libzmq_cv_c_intel_compiler=no
libzmq_cv_c_sun_studio_compiler=no
libzmq_cv_check_lang_flag_save_CPPFLAGS='-D_GNU_SOURCE -D_REENTRANT -D_THREAD_SAFE '
libzmq_cv_cxx_clang_compiler=no
libzmq_cv_cxx_compiler_works=yes
libzmq_cv_cxx_gcc4_compiler=yes
libzmq_cv_cxx_intel_compiler=no
libzmq_cv_cxx_strict_flag=-pedantic
libzmq_cv_cxx_sun_studio_compiler=no
libzmq_cv_cxx_supports_flag__fvisibility_hidden=yes
libzmq_cv_cxx_visibility_flag=-fvisibility=hidden
libzmq_cv_cxx_wall_flag=-Wall
libzmq_cv_cxx_werror_flag=-Werror
libzmq_cv_cxx_werror_flag_save=
libzmq_cv_have_poller_epoll=yes
libzmq_cv_have_poller_kqueue=no
libzmq_cv_poller=epoll
libzmq_cv_poller_flag=ZMQ_FORCE_EPOLL
libzmq_cv_so_keepalive=yes
libzmq_cv_sock_cloexec=yes
libzmq_cv_tcp_keepalive=no
libzmq_cv_tcp_keepcnt=yes
libzmq_cv_tcp_keepidle=yes
libzmq_cv_tcp_keepintvl=yes
lt_cv_deplibs_check_method=pass_all
lt_cv_file_magic_cmd='$MAGIC_CMD'
lt_cv_file_magic_test_file=
lt_cv_ld_reload_flag=-r
lt_cv_nm_interface='BSD nm'
lt_cv_objdir=.libs
lt_cv_path_LD=/usr/bin/ld
lt_cv_path_LDCXX='/usr/bin/ld -m elf_x86_64'
lt_cv_path_NM='/usr/bin/nm -B'
lt_cv_prog_compiler_c_o=yes
lt_cv_prog_compiler_c_o_CXX=yes
lt_cv_prog_compiler_pic_works=yes
lt_cv_prog_compiler_pic_works_CXX=yes
lt_cv_prog_compiler_rtti_exceptions=no
lt_cv_prog_compiler_static_works=yes
lt_cv_prog_compiler_static_works_CXX=yes
lt_cv_prog_gnu_ld=yes
lt_cv_prog_gnu_ldcxx=yes
lt_cv_sys_global_symbol_pipe='sed -n -e '\''s/^.*[	 ]\([ABCDGIRSTW][ABCDGIRSTW]*\)[	 ][	 ]*\([_A-Za-z][_A-Za-z0-9]*\)$/\1 \2 \2/p'\'''
lt_cv_sys_global_symbol_to_c_name_address='sed -n -e '\''s/^: \([^ ]*\) $/  {\"\1\", (void *) 0},/p'\'' -e '\''s/^[ABCDGIRSTW]* \([^ ]*\) \([^ ]*\)$/  {"\2", (void *) \&\2},/p'\'''
lt_cv_sys_global_symbol_to_c_name_address_lib_prefix='sed -n -e '\''s/^: \([^ ]*\) $/  {\"\1\", (void *) 0},/p'\'' -e '\''s/^[ABCDGIRSTW]* \([^ ]*\) \(lib[^ ]*\)$/  {"\2", (void *) \&\2},/p'\'' -e '\''s/^[ABCDGIRSTW]* \([^ ]*\) \([^ ]*\)$/  {"lib\2", (void *) \&\2},/p'\'''
lt_cv_sys_global_symbol_to_cdecl='sed -n -e '\''s/^T .* \(.*\)$/extern int \1();/p'\'' -e '\''s/^[ABCDGIRSTW]* .* \(.*\)$/extern char \1;/p'\'''
lt_cv_sys_max_cmd_len=1572864

## ----------------- ##
## Output variables. ##
## ----------------- ##

ACLOCAL='${SHELL} /home/kari/COAST/zeromq/zeromq4-x/config/missing --run aclocal-1.11'
AMDEPBACKSLASH='\'
AMDEP_FALSE='#'
AMDEP_TRUE=''
AMTAR='${SHELL} /home/kari/COAST/zeromq/zeromq4-x/config/missing --run tar'
AM_BACKSLASH='\'
AM_DEFAULT_VERBOSITY='0'
AR='ar'
AS='as'
ASCIIDOC=''
AUTOCONF='${SHELL} /home/kari/COAST/zeromq/zeromq4-x/config/missing --run autoconf'
AUTOHEADER='${SHELL} /home/kari/COAST/zeromq/zeromq4-x/config/missing --run autoheader'
AUTOMAKE='${SHELL} /home/kari/COAST/zeromq/zeromq4-x/config/missing --run automake-1.11'
AWK='mawk'
BUILD_DOC_FALSE=''
BUILD_DOC_TRUE='#'
BUILD_PGM_FALSE=''
BUILD_PGM_TRUE='#'
CC='gcc -std=gnu99'
CCDEPMODE='depmode=gcc3'
CFLAGS='-g -O2'
CPP='gcc -std=gnu99 -E'
CPPFLAGS='-pedantic -Werror -Wall -D_GNU_SOURCE -D_REENTRANT -D_THREAD_SAFE  -DZMQ_FORCE_EPOLL'
CXX='g++'
CXXCPP='g++ -E'
CXXDEPMODE='depmode=gcc3'
CXXFLAGS='-g -O2'
CYGPATH_W='echo'
DEFS='-DHAVE_CONFIG_H'
DEPDIR='.deps'
DLLTOOL='dlltool'
DSYMUTIL=''
DUMPBIN=''
ECHO_C=''
ECHO_N='-n'
ECHO_T=''
EGREP='/bin/grep -E'
EXEEXT=''
FGREP='/bin/grep -F'
GREP='/bin/grep'
INSTALL_DATA='${INSTALL} -m 644'
INSTALL_MAN_FALSE=''
INSTALL_MAN_TRUE='#'
INSTALL_PROGRAM='${INSTALL}'
INSTALL_SCRIPT='${INSTALL}'
INSTALL_STRIP_PROGRAM='$(install_sh) -c -s'
LD='/usr/bin/ld -m elf_x86_64'
LDFLAGS=''
LIBOBJS=''
LIBS='-lsodium -lrt -lpthread '
LIBTOOL='$(SHELL) $(top_builddir)/libtool'
LIBZMQ_EXTRA_CFLAGS=''
LIBZMQ_EXTRA_CXXFLAGS='-fvisibility=hidden '
LIBZMQ_EXTRA_LDFLAGS=''
LIPO=''
LN_S='ln -s'
LTLIBOBJS=''
LTVER='4:0:1'
MAKEINFO='${SHELL} /home/kari/COAST/zeromq/zeromq4-x/config/missing --run makeinfo'
MKDIR_P='/bin/mkdir -p'
NM='/usr/bin/nm -B'
NMEDIT=''
OBJDUMP='objdump'
OBJEXT='o'
ON_ANDROID_FALSE=''
ON_ANDROID_TRUE='#'
ON_LINUX_FALSE='#'
ON_LINUX_TRUE=''
ON_MINGW_FALSE=''
ON_MINGW_TRUE='#'
OTOOL64=''
OTOOL=''
OpenPGM_CFLAGS=''
OpenPGM_LIBS=''
PACKAGE='zeromq'
PACKAGE_BUGREPORT='zeromq-dev@lists.zeromq.org'
PACKAGE_NAME='zeromq'
PACKAGE_STRING='zeromq 4.0.1'
PACKAGE_TARNAME='zeromq'
PACKAGE_URL=''
PACKAGE_VERSION='4.0.1'
PATH_SEPARATOR=':'
PKG_CONFIG=''
RANLIB='ranlib'
SED='/bin/sed'
SET_MAKE=''
SHELL='/bin/bash'
STRIP='strip'
VERSION='4.0.1'
XMLTO=''
ac_ct_CC='gcc'
ac_ct_CXX='g++'
ac_ct_DUMPBIN=''
am__EXEEXT_FALSE=''
am__EXEEXT_TRUE='#'
am__fastdepCC_FALSE='#'
am__fastdepCC_TRUE=''
am__fastdepCXX_FALSE='#'
am__fastdepCXX_TRUE=''
am__include='include'
am__isrc=''
am__leading_dot='.'
am__quote=''
am__tar='tar --format=ustar -chf - "$$tardir"'
am__untar='tar -xf -'
bindir='${exec_prefix}/bin'
build='x86_64-unknown-linux-gnu'
build_alias=''
build_cpu='x86_64'
build_os='linux-gnu'
build_vendor='unknown'
datadir='${datarootdir}'
datarootdir='${prefix}/share'
docdir='${datarootdir}/doc/${PACKAGE_TARNAME}'
dvidir='${docdir}'
exec_prefix='${prefix}'
host='x86_64-unknown-linux-gnu'
host_alias=''
host_cpu='x86_64'
host_os='linux-gnu'
host_vendor='unknown'
htmldir='${docdir}'
includedir='${prefix}/include'
infodir='${datarootdir}/info'
install_sh='${SHELL} /home/kari/COAST/zeromq/zeromq4-x/config/install-sh'
libdir='${exec_prefix}/lib'
libexecdir='${exec_prefix}/libexec'
libzmq_have_asciidoc='no'
libzmq_have_xmlto='no'
localedir='${datarootdir}/locale'
localstatedir='${prefix}/var'
lt_ECHO='echo'
mandir='${datarootdir}/man'
mkdir_p='/bin/mkdir -p'
oldincludedir='/usr/include'
pdfdir='${docdir}'
pgm_basename='libpgm-5.2.122~dfsg'
pgm_srcdir=''
pgm_subdir=''
prefix='/usr/local'
program_transform_name='s,x,x,'
psdir='${docdir}'
sbindir='${exec_prefix}/sbin'
sharedstatedir='${prefix}/com'
subdirs=''
sysconfdir='${prefix}/etc'
target_alias=''

## ----------- ##
## confdefs.h. ##
## ----------- ##

/* confdefs.h */
#define PACKAGE_NAME "zeromq"
#define PACKAGE_TARNAME "zeromq"
#define PACKAGE_VERSION "4.0.1"
#define PACKAGE_STRING "zeromq 4.0.1"
#define PACKAGE_BUGREPORT "zeromq-dev@lists.zeromq.org"
#define PACKAGE_URL ""
#define PACKAGE "zeromq"
#define VERSION "4.0.1"
#define STDC_HEADERS 1
#define HAVE_SYS_TYPES_H 1
#define HAVE_SYS_STAT_H 1
#define HAVE_STDLIB_H 1
#define HAVE_STRING_H 1
#define HAVE_MEMORY_H 1
#define HAVE_STRINGS_H 1
#define HAVE_INTTYPES_H 1
#define HAVE_STDINT_H 1
#define HAVE_UNISTD_H 1
#define HAVE_DLFCN_H 1
#define LT_OBJDIR ".libs/"
#define ZMQ_HAVE_LINUX 1
#define HAVE_LIBPTHREAD 1
#define HAVE_LIBRT 1
#define HAVE_LIBSODIUM 1
#define STDC_HEADERS 1
#define HAVE_ERRNO_H 1
#define HAVE_ARPA_INET_H 1
#define HAVE_NETINET_TCP_H 1
#define HAVE_NETINET_IN_H 1
#define HAVE_STDDEF_H 1
#define HAVE_STDLIB_H 1
#define HAVE_STRING_H 1
#define HAVE_SYS_SOCKET_H 1
#define HAVE_SYS_TIME_H 1
#define HAVE_TIME_H 1
#define HAVE_UNISTD_H 1
#define HAVE_LIMITS_H 1
#define HAVE_IFADDRS_H 1
#define ZMQ_HAVE_IFADDRS 1
#define HAVE_SYS_UIO_H 1
#define ZMQ_HAVE_UIO 1
#define HAVE_SYS_EVENTFD_H 1
#define ZMQ_HAVE_EVENTFD 1
#define HAVE_STDBOOL_H 1
#define TIME_WITH_SYS_TIME 1
#define RETSIGTYPE void
#define HAVE_PERROR 1
#define HAVE_GETTIMEOFDAY 1
#define HAVE_CLOCK_GETTIME 1
#define HAVE_MEMSET 1
#define HAVE_SOCKET 1
#define HAVE_GETIFADDRS 1
#define HAVE_FREEIFADDRS 1
#define HAVE_FORK 1
#define HAVE_ALLOCA_H 1
#define ZMQ_HAVE_SOCK_CLOEXEC 1
#define ZMQ_HAVE_SO_KEEPALIVE 1
#define ZMQ_HAVE_TCP_KEEPCNT 1
#define ZMQ_HAVE_TCP_KEEPIDLE 1
#define ZMQ_HAVE_TCP_KEEPINTVL 1

configure: exit 0
