This file contains any messages produced by compilers while
running configure, to aid debugging if configure makes a mistake.

It was created by czmq configure 2.2.0, which was
generated by GNU Autoconf 2.65.  Invocation command line was

  $ ./configure --no-create --no-recursion

## --------- ##
## Platform. ##
## --------- ##

hostname = ubuntu
uname -m = i686
uname -r = 2.6.32-49-generic
uname -s = Linux
uname -v = #111-Ubuntu SMP Thu Jun 20 21:28:42 UTC 2013

/usr/bin/uname -p = unknown
/bin/uname -X     = unknown

/bin/arch              = unknown
/usr/bin/arch -k       = unknown
/usr/convex/getsysinfo = unknown
/usr/bin/hostinfo      = unknown
/bin/machine           = unknown
/usr/bin/oslevel       = unknown
/bin/universe          = unknown

PATH: /usr/local/sbin
PATH: /usr/local/bin
PATH: /usr/sbin
PATH: /usr/bin
PATH: /sbin
PATH: /bin
PATH: /usr/games
PATH: /usr/local/bin
PATH: /usr/local/git/bin


## ----------- ##
## Core tests. ##
## ----------- ##

configure:2499: checking for a BSD-compatible install
configure:2567: result: /usr/bin/install -c
configure:2578: checking whether build environment is sane
configure:2628: result: yes
configure:2769: checking for a thread-safe mkdir -p
configure:2808: result: /bin/mkdir -p
configure:2821: checking for gawk
configure:2837: found /usr/bin/gawk
configure:2848: result: gawk
configure:2859: checking whether make sets $(MAKE)
configure:2881: result: yes
configure:2956: checking how to create a ustar tar archive
configure:2969: tar --version
tar (GNU tar) 1.22
Copyright (C) 2009 Free Software Foundation, Inc.
License GPLv3+: GNU GPL version 3 or later <http://gnu.org/licenses/gpl.html>.
This is free software: you are free to change and redistribute it.
There is NO WARRANTY, to the extent permitted by law.

Written by John Gilmore and Jay Fenlason.
configure:2972: $? = 0
configure:3012: tardir=conftest.dir && eval tar --format=ustar -chf - "$tardir" >conftest.tar
configure:3015: $? = 0
configure:3019: tar -xf - <conftest.tar
configure:3022: $? = 0
configure:3035: result: gnutar
configure:3140: checking for gcc
configure:3156: found /usr/bin/gcc
configure:3167: result: gcc
configure:3396: checking for C compiler version
configure:3405: gcc --version >&5
gcc (Ubuntu 4.4.3-4ubuntu5.1) 4.4.3
Copyright (C) 2009 Free Software Foundation, Inc.
This is free software; see the source for copying conditions.  There is NO
warranty; not even for MERCHANTABILITY or FITNESS FOR A PARTICULAR PURPOSE.

configure:3416: $? = 0
configure:3405: gcc -v >&5
Using built-in specs.
Target: i486-linux-gnu
Configured with: ../src/configure -v --with-pkgversion='Ubuntu 4.4.3-4ubuntu5.1' --with-bugurl=file:///usr/share/doc/gcc-4.4/README.Bugs --enable-languages=c,c++,fortran,objc,obj-c++ --prefix=/usr --enable-shared --enable-multiarch --enable-linker-build-id --with-system-zlib --libexecdir=/usr/lib --without-included-gettext --enable-threads=posix --with-gxx-include-dir=/usr/include/c++/4.4 --program-suffix=-4.4 --enable-nls --enable-clocale=gnu --enable-libstdcxx-debug --enable-plugin --enable-objc-gc --enable-targets=all --disable-werror --with-arch-32=i486 --with-tune=generic --enable-checking=release --build=i486-linux-gnu --host=i486-linux-gnu --target=i486-linux-gnu
Thread model: posix
gcc version 4.4.3 (Ubuntu 4.4.3-4ubuntu5.1) 
configure:3416: $? = 0
configure:3405: gcc -V >&5
gcc: '-V' option must have argument
configure:3416: $? = 1
configure:3405: gcc -qversion >&5
gcc: unrecognized option '-qversion'
gcc: no input files
configure:3416: $? = 1
configure:3436: checking whether the C compiler works
configure:3458: gcc    conftest.c  >&5
configure:3462: $? = 0
configure:3511: result: yes
configure:3514: checking for C compiler default output file name
configure:3516: result: a.out
configure:3522: checking for suffix of executables
configure:3529: gcc -o conftest    conftest.c  >&5
configure:3533: $? = 0
configure:3555: result: 
configure:3577: checking whether we are cross compiling
configure:3585: gcc -o conftest    conftest.c  >&5
configure:3589: $? = 0
configure:3596: ./conftest
configure:3600: $? = 0
configure:3615: result: no
configure:3620: checking for suffix of object files
configure:3642: gcc -c   conftest.c >&5
configure:3646: $? = 0
configure:3667: result: o
configure:3671: checking whether we are using the GNU C compiler
configure:3690: gcc -c   conftest.c >&5
configure:3690: $? = 0
configure:3699: result: yes
configure:3708: checking whether gcc accepts -g
configure:3728: gcc -c -g  conftest.c >&5
configure:3728: $? = 0
configure:3769: result: yes
configure:3786: checking for gcc option to accept ISO C89
configure:3850: gcc  -c -g -O2  conftest.c >&5
configure:3850: $? = 0
configure:3863: result: none needed
configure:3894: checking for style of include used by make
configure:3922: result: GNU
configure:3947: checking dependency style of gcc
configure:4057: result: gcc3
configure:4072: checking for gcc option to accept ISO C99
configure:4221: gcc  -c -g -O2  conftest.c >&5
conftest.c:64: error: expected ';', ',' or ')' before 'text'
conftest.c: In function 'main':
conftest.c:118: error: expected '=', ',', ';', 'asm' or '__attribute__' before 'newvar'
conftest.c:118: error: 'newvar' undeclared (first use in this function)
conftest.c:118: error: (Each undeclared identifier is reported only once
conftest.c:118: error: for each function it appears in.)
conftest.c:128: error: 'for' loop initial declarations are only allowed in C99 mode
conftest.c:128: note: use option -std=c99 or -std=gnu99 to compile your code
configure:4221: $? = 1
configure: failed program was:
| /* confdefs.h */
| #define PACKAGE_NAME "czmq"
| #define PACKAGE_TARNAME "czmq"
| #define PACKAGE_VERSION "2.2.0"
| #define PACKAGE_STRING "czmq 2.2.0"
| #define PACKAGE_BUGREPORT "zeromq-dev@lists.zeromq.org"
| #define PACKAGE_URL ""
| #define PACKAGE "czmq"
| #define VERSION "2.2.0"
| #define PACKAGE_VERSION_MAJOR 2
| #define PACKAGE_VERSION_MINOR 2
| #define PACKAGE_VERSION_PATCH 0
| /* end confdefs.h.  */
| #include <stdarg.h>
| #include <stdbool.h>
| #include <stdlib.h>
| #include <wchar.h>
| #include <stdio.h>
| 
| // Check varargs macros.  These examples are taken from C99 6.10.3.5.
| #define debug(...) fprintf (stderr, __VA_ARGS__)
| #define showlist(...) puts (#__VA_ARGS__)
| #define report(test,...) ((test) ? puts (#test) : printf (__VA_ARGS__))
| static void
| test_varargs_macros (void)
| {
|   int x = 1234;
|   int y = 5678;
|   debug ("Flag");
|   debug ("X = %d\n", x);
|   showlist (The first, second, and third items.);
|   report (x>y, "x is %d but y is %d", x, y);
| }
| 
| // Check long long types.
| #define BIG64 18446744073709551615ull
| #define BIG32 4294967295ul
| #define BIG_OK (BIG64 / BIG32 == 4294967297ull && BIG64 % BIG32 == 0)
| #if !BIG_OK
|   your preprocessor is broken;
| #endif
| #if BIG_OK
| #else
|   your preprocessor is broken;
| #endif
| static long long int bignum = -9223372036854775807LL;
| static unsigned long long int ubignum = BIG64;
| 
| struct incomplete_array
| {
|   int datasize;
|   double data[];
| };
| 
| struct named_init {
|   int number;
|   const wchar_t *name;
|   double average;
| };
| 
| typedef const char *ccp;
| 
| static inline int
| test_restrict (ccp restrict text)
| {
|   // See if C++-style comments work.
|   // Iterate through items via the restricted pointer.
|   // Also check for declarations in for loops.
|   for (unsigned int i = 0; *(text+i) != '\0'; ++i)
|     continue;
|   return 0;
| }
| 
| // Check varargs and va_copy.
| static void
| test_varargs (const char *format, ...)
| {
|   va_list args;
|   va_start (args, format);
|   va_list args_copy;
|   va_copy (args_copy, args);
| 
|   const char *str;
|   int number;
|   float fnumber;
| 
|   while (*format)
|     {
|       switch (*format++)
| 	{
| 	case 's': // string
| 	  str = va_arg (args_copy, const char *);
| 	  break;
| 	case 'd': // int
| 	  number = va_arg (args_copy, int);
| 	  break;
| 	case 'f': // float
| 	  fnumber = va_arg (args_copy, double);
| 	  break;
| 	default:
| 	  break;
| 	}
|     }
|   va_end (args_copy);
|   va_end (args);
| }
| 
| int
| main ()
| {
| 
|   // Check bool.
|   _Bool success = false;
| 
|   // Check restrict.
|   if (test_restrict ("String literal") == 0)
|     success = true;
|   char *restrict newvar = "Another string";
| 
|   // Check varargs.
|   test_varargs ("s, d' f .", "string", 65, 34.234);
|   test_varargs_macros ();
| 
|   // Check flexible array members.
|   struct incomplete_array *ia =
|     malloc (sizeof (struct incomplete_array) + (sizeof (double) * 10));
|   ia->datasize = 10;
|   for (int i = 0; i < ia->datasize; ++i)
|     ia->data[i] = i * 1.234;
| 
|   // Check named initializers.
|   struct named_init ni = {
|     .number = 34,
|     .name = L"Test wide string",
|     .average = 543.34343,
|   };
| 
|   ni.number = 58;
| 
|   int dynamic_array[ni.number];
|   dynamic_array[ni.number - 1] = 543;
| 
|   // work around unused variable warnings
|   return (!success || bignum == 0LL || ubignum == 0uLL || newvar[0] == 'x'
| 	  || dynamic_array[ni.number - 1] != 543);
| 
|   ;
|   return 0;
| }
configure:4221: gcc -std=gnu99 -c -g -O2  conftest.c >&5
configure:4221: $? = 0
configure:4241: result: -std=gnu99
configure:4250: checking whether gcc -std=gnu99 and cc understand -c and -o together
configure:4281: gcc -std=gnu99 -c conftest.c -o conftest2.o >&5
configure:4285: $? = 0
configure:4291: gcc -std=gnu99 -c conftest.c -o conftest2.o >&5
configure:4295: $? = 0
configure:4306: cc -c conftest.c >&5
configure:4310: $? = 0
configure:4318: cc -c conftest.c -o conftest2.o >&5
configure:4322: $? = 0
configure:4328: cc -c conftest.c -o conftest2.o >&5
configure:4332: $? = 0
configure:4350: result: yes
configure:4379: checking build system type
configure:4393: result: i686-pc-linux-gnu
configure:4413: checking host system type
configure:4426: result: i686-pc-linux-gnu
configure:4774: checking for a sed that does not truncate output
configure:4838: result: /bin/sed
configure:4856: checking for grep that handles long lines and -e
configure:4914: result: /bin/grep
configure:4919: checking for egrep
configure:4981: result: /bin/grep -E
configure:4986: checking for fgrep
configure:5048: result: /bin/grep -F
configure:5083: checking for ld used by gcc -std=gnu99
configure:5150: result: /usr/bin/ld
configure:5157: checking if the linker (/usr/bin/ld) is GNU ld
configure:5172: result: yes
configure:5184: checking for BSD- or MS-compatible name lister (nm)
configure:5233: result: /usr/bin/nm -B
configure:5351: checking the name lister (/usr/bin/nm -B) interface
configure:5358: gcc -std=gnu99 -c -g -O2  conftest.c >&5
configure:5361: /usr/bin/nm -B "conftest.o"
configure:5364: output
00000000 B some_variable
configure:5371: result: BSD nm
configure:5374: checking whether ln -s works
configure:5378: result: yes
configure:5386: checking the maximum length of command line arguments
configure:5506: result: 805306365
configure:5523: checking whether the shell understands some XSI constructs
configure:5533: result: yes
configure:5537: checking whether the shell understands "+="
configure:5543: result: yes
configure:5578: checking for /usr/bin/ld option to reload object files
configure:5585: result: -r
configure:5654: checking for objdump
configure:5681: result: objdump
configure:5710: checking how to recognize dependent libraries
configure:5906: result: pass_all
configure:5966: checking for ar
configure:5982: found /usr/bin/ar
configure:5993: result: ar
configure:6071: checking for strip
configure:6087: found /usr/bin/strip
configure:6098: result: strip
configure:6170: checking for ranlib
configure:6186: found /usr/bin/ranlib
configure:6197: result: ranlib
configure:6287: checking command to parse /usr/bin/nm -B output from gcc -std=gnu99 object
configure:6405: gcc -std=gnu99 -c -g -O2  conftest.c >&5
configure:6408: $? = 0
configure:6412: /usr/bin/nm -B conftest.o \| sed -n -e 's/^.*[	 ]\([ABCDGIRSTW][ABCDGIRSTW]*\)[	 ][	 ]*\([_A-Za-z][_A-Za-z0-9]*\)$/\1 \2 \2/p' \> conftest.nm
configure:6415: $? = 0
configure:6469: gcc -std=gnu99 -o conftest -g -O2   conftest.c conftstm.o >&5
configure:6472: $? = 0
configure:6510: result: ok
configure:7319: checking how to run the C preprocessor
configure:7350: gcc -std=gnu99 -E  conftest.c
configure:7350: $? = 0
configure:7364: gcc -std=gnu99 -E  conftest.c
conftest.c:14:28: error: ac_nonexistent.h: No such file or directory
configure:7364: $? = 1
configure: failed program was:
| /* confdefs.h */
| #define PACKAGE_NAME "czmq"
| #define PACKAGE_TARNAME "czmq"
| #define PACKAGE_VERSION "2.2.0"
| #define PACKAGE_STRING "czmq 2.2.0"
| #define PACKAGE_BUGREPORT "zeromq-dev@lists.zeromq.org"
| #define PACKAGE_URL ""
| #define PACKAGE "czmq"
| #define VERSION "2.2.0"
| #define PACKAGE_VERSION_MAJOR 2
| #define PACKAGE_VERSION_MINOR 2
| #define PACKAGE_VERSION_PATCH 0
| /* end confdefs.h.  */
| #include <ac_nonexistent.h>
configure:7389: result: gcc -std=gnu99 -E
configure:7409: gcc -std=gnu99 -E  conftest.c
configure:7409: $? = 0
configure:7423: gcc -std=gnu99 -E  conftest.c
conftest.c:14:28: error: ac_nonexistent.h: No such file or directory
configure:7423: $? = 1
configure: failed program was:
| /* confdefs.h */
| #define PACKAGE_NAME "czmq"
| #define PACKAGE_TARNAME "czmq"
| #define PACKAGE_VERSION "2.2.0"
| #define PACKAGE_STRING "czmq 2.2.0"
| #define PACKAGE_BUGREPORT "zeromq-dev@lists.zeromq.org"
| #define PACKAGE_URL ""
| #define PACKAGE "czmq"
| #define VERSION "2.2.0"
| #define PACKAGE_VERSION_MAJOR 2
| #define PACKAGE_VERSION_MINOR 2
| #define PACKAGE_VERSION_PATCH 0
| /* end confdefs.h.  */
| #include <ac_nonexistent.h>
configure:7452: checking for ANSI C header files
configure:7472: gcc -std=gnu99 -c -g -O2  conftest.c >&5
configure:7472: $? = 0
configure:7545: gcc -std=gnu99 -o conftest -g -O2   conftest.c  >&5
configure:7545: $? = 0
configure:7545: ./conftest
configure:7545: $? = 0
configure:7556: result: yes
configure:7569: checking for sys/types.h
configure:7569: gcc -std=gnu99 -c -g -O2  conftest.c >&5
configure:7569: $? = 0
configure:7569: result: yes
configure:7569: checking for sys/stat.h
configure:7569: gcc -std=gnu99 -c -g -O2  conftest.c >&5
configure:7569: $? = 0
configure:7569: result: yes
configure:7569: checking for stdlib.h
configure:7569: gcc -std=gnu99 -c -g -O2  conftest.c >&5
configure:7569: $? = 0
configure:7569: result: yes
configure:7569: checking for string.h
configure:7569: gcc -std=gnu99 -c -g -O2  conftest.c >&5
configure:7569: $? = 0
configure:7569: result: yes
configure:7569: checking for memory.h
configure:7569: gcc -std=gnu99 -c -g -O2  conftest.c >&5
configure:7569: $? = 0
configure:7569: result: yes
configure:7569: checking for strings.h
configure:7569: gcc -std=gnu99 -c -g -O2  conftest.c >&5
configure:7569: $? = 0
configure:7569: result: yes
configure:7569: checking for inttypes.h
configure:7569: gcc -std=gnu99 -c -g -O2  conftest.c >&5
configure:7569: $? = 0
configure:7569: result: yes
configure:7569: checking for stdint.h
configure:7569: gcc -std=gnu99 -c -g -O2  conftest.c >&5
configure:7569: $? = 0
configure:7569: result: yes
configure:7569: checking for unistd.h
configure:7569: gcc -std=gnu99 -c -g -O2  conftest.c >&5
configure:7569: $? = 0
configure:7569: result: yes
configure:7584: checking for dlfcn.h
configure:7584: gcc -std=gnu99 -c -g -O2  conftest.c >&5
configure:7584: $? = 0
configure:7584: result: yes
configure:7766: checking for objdir
configure:7781: result: .libs
configure:8077: checking if gcc -std=gnu99 supports -fno-rtti -fno-exceptions
configure:8095: gcc -std=gnu99 -c -g -O2  -fno-rtti -fno-exceptions conftest.c >&5
cc1: warning: command line option "-fno-rtti" is valid for C++/ObjC++ but not for C
configure:8099: $? = 0
configure:8112: result: no
configure:8132: checking for gcc -std=gnu99 option to produce PIC
configure:8404: result: -fPIC -DPIC
configure:8416: checking if gcc -std=gnu99 PIC flag -fPIC -DPIC works
configure:8434: gcc -std=gnu99 -c -g -O2  -fPIC -DPIC -DPIC conftest.c >&5
configure:8438: $? = 0
configure:8451: result: yes
configure:8475: checking if gcc -std=gnu99 static flag -static works
configure:8503: result: yes
configure:8518: checking if gcc -std=gnu99 supports -c -o file.o
configure:8539: gcc -std=gnu99 -c -g -O2  -o out/conftest2.o conftest.c >&5
configure:8543: $? = 0
configure:8565: result: yes
configure:8573: checking if gcc -std=gnu99 supports -c -o file.o
configure:8620: result: yes
configure:8653: checking whether the gcc -std=gnu99 linker (/usr/bin/ld) supports shared libraries
configure:9644: result: yes
configure:9681: checking whether -lc should be explicitly linked in
configure:9686: gcc -std=gnu99 -c -g -O2  conftest.c >&5
configure:9689: $? = 0
configure:9704: gcc -std=gnu99 -shared conftest.o  -v -Wl,-soname -Wl,conftest -o conftest 2\>\&1 \| /bin/grep  -lc  \>/dev/null 2\>\&1
configure:9707: $? = 0
configure:9719: result: no
configure:9883: checking dynamic linker characteristics
configure:10316: gcc -std=gnu99 -o conftest -g -O2   -Wl,-rpath -Wl,/foo conftest.c  >&5
configure:10316: $? = 0
configure:10546: result: GNU/Linux ld.so
configure:10648: checking how to hardcode library paths into programs
configure:10673: result: immediate
configure:11193: checking whether stripping libraries is possible
configure:11198: result: yes
configure:11233: checking if libtool supports shared libraries
configure:11235: result: yes
configure:11238: checking whether to build shared libraries
configure:11259: result: yes
configure:11262: checking whether to build static libraries
configure:11266: result: yes
configure:11301: checking for a sed that does not truncate output
configure:11365: result: /bin/sed
configure:11374: checking for gawk
configure:11401: result: gawk
configure:11414: checking for pthread_create in -lpthread
configure:11439: gcc -std=gnu99 -o conftest -g -O2   conftest.c -lpthread   >&5
configure:11439: $? = 0
configure:11448: result: yes
configure:11459: checking for uuid_generate in -luuid
configure:11484: gcc -std=gnu99 -o conftest -g -O2   conftest.c -luuid  -lpthread  >&5
configure:11484: $? = 0
configure:11493: result: yes
configure:11632: checking for pkg-config
configure:11650: found /usr/bin/pkg-config
configure:11662: result: /usr/bin/pkg-config
configure:11687: checking pkg-config is at least version 0.9.0
configure:11690: result: yes
configure:11701: checking for ZeroMQ
configure:11709: $PKG_CONFIG --exists --print-errors "libzmq"
configure:11712: $? = 0
configure:11727: $PKG_CONFIG --exists --print-errors "libzmq"
configure:11730: $? = 0
configure:11766: result: yes
configure:11803: checking zmq.h usability
configure:11803: gcc -std=gnu99 -c -g -O2  -I/usr/local/include   conftest.c >&5
configure:11803: $? = 0
configure:11803: result: yes
configure:11803: checking zmq.h presence
configure:11803: gcc -std=gnu99 -E  -I/usr/local/include   conftest.c
configure:11803: $? = 0
configure:11803: result: yes
configure:11803: checking for zmq.h
configure:11803: result: yes
configure:11812: checking for zmq_init in -lzmq
configure:11837: gcc -std=gnu99 -o conftest -g -O2  -I/usr/local/include    -L/usr/local/lib -lzmq   conftest.c -lzmq  -luuid -lpthread  >&5
configure:11837: $? = 0
configure:11846: result: yes
configure:11860: checking whether libzmq installation works
configure:11874: gcc -std=gnu99 -o conftest -g -O2  -I/usr/local/include    -L/usr/local/lib -lzmq   conftest.c -lzmq -luuid -lpthread  >&5
configure:11874: $? = 0
configure:11875: result: yes
configure:11897: checking for asciidoc
configure:11925: result: no
configure:11935: checking for xmlto
configure:11963: result: no
configure:11976: WARNING: You are building an unreleased version of libczmq and asciidoc or xmlto are not installed.
configure:11978: WARNING: Documentation will not be built and manual pages will not be installed.
configure:11982: checking whether to build documentation
configure:11984: result: no
configure:11986: checking whether to install manpages
configure:11988: result: no
configure:12100: checking for sodium_init in -lsodium
configure:12125: gcc -std=gnu99 -o conftest -g -O2 -D_GNU_SOURCE -DLINUX -D_REENTRANT -D_THREAD_SAFE  -I/usr/local/include    -L/usr/local/lib -lzmq   conftest.c -lsodium  -lzmq -luuid -lpthread  >&5
configure:12125: $? = 0
configure:12134: result: yes
configure:12150: checking for ANSI C header files
configure:12254: result: yes
configure:12267: checking errno.h usability
configure:12267: gcc -std=gnu99 -c -g -O2 -D_GNU_SOURCE -DLINUX -D_REENTRANT -D_THREAD_SAFE  -I/usr/local/include   conftest.c >&5
configure:12267: $? = 0
configure:12267: result: yes
configure:12267: checking errno.h presence
configure:12267: gcc -std=gnu99 -E -D_GNU_SOURCE -DLINUX -D_REENTRANT -D_THREAD_SAFE  -I/usr/local/include   conftest.c
configure:12267: $? = 0
configure:12267: result: yes
configure:12267: checking for errno.h
configure:12267: result: yes
configure:12267: checking arpa/inet.h usability
configure:12267: gcc -std=gnu99 -c -g -O2 -D_GNU_SOURCE -DLINUX -D_REENTRANT -D_THREAD_SAFE  -I/usr/local/include   conftest.c >&5
configure:12267: $? = 0
configure:12267: result: yes
configure:12267: checking arpa/inet.h presence
configure:12267: gcc -std=gnu99 -E -D_GNU_SOURCE -DLINUX -D_REENTRANT -D_THREAD_SAFE  -I/usr/local/include   conftest.c
configure:12267: $? = 0
configure:12267: result: yes
configure:12267: checking for arpa/inet.h
configure:12267: result: yes
configure:12267: checking netinet/tcp.h usability
configure:12267: gcc -std=gnu99 -c -g -O2 -D_GNU_SOURCE -DLINUX -D_REENTRANT -D_THREAD_SAFE  -I/usr/local/include   conftest.c >&5
configure:12267: $? = 0
configure:12267: result: yes
configure:12267: checking netinet/tcp.h presence
configure:12267: gcc -std=gnu99 -E -D_GNU_SOURCE -DLINUX -D_REENTRANT -D_THREAD_SAFE  -I/usr/local/include   conftest.c
configure:12267: $? = 0
configure:12267: result: yes
configure:12267: checking for netinet/tcp.h
configure:12267: result: yes
configure:12267: checking netinet/in.h usability
configure:12267: gcc -std=gnu99 -c -g -O2 -D_GNU_SOURCE -DLINUX -D_REENTRANT -D_THREAD_SAFE  -I/usr/local/include   conftest.c >&5
configure:12267: $? = 0
configure:12267: result: yes
configure:12267: checking netinet/in.h presence
configure:12267: gcc -std=gnu99 -E -D_GNU_SOURCE -DLINUX -D_REENTRANT -D_THREAD_SAFE  -I/usr/local/include   conftest.c
configure:12267: $? = 0
configure:12267: result: yes
configure:12267: checking for netinet/in.h
configure:12267: result: yes
configure:12267: checking stddef.h usability
configure:12267: gcc -std=gnu99 -c -g -O2 -D_GNU_SOURCE -DLINUX -D_REENTRANT -D_THREAD_SAFE  -I/usr/local/include   conftest.c >&5
configure:12267: $? = 0
configure:12267: result: yes
configure:12267: checking stddef.h presence
configure:12267: gcc -std=gnu99 -E -D_GNU_SOURCE -DLINUX -D_REENTRANT -D_THREAD_SAFE  -I/usr/local/include   conftest.c
configure:12267: $? = 0
configure:12267: result: yes
configure:12267: checking for stddef.h
configure:12267: result: yes
configure:12267: checking for stdlib.h
configure:12267: result: yes
configure:12267: checking for string.h
configure:12267: result: yes
configure:12267: checking sys/socket.h usability
configure:12267: gcc -std=gnu99 -c -g -O2 -D_GNU_SOURCE -DLINUX -D_REENTRANT -D_THREAD_SAFE  -I/usr/local/include   conftest.c >&5
configure:12267: $? = 0
configure:12267: result: yes
configure:12267: checking sys/socket.h presence
configure:12267: gcc -std=gnu99 -E -D_GNU_SOURCE -DLINUX -D_REENTRANT -D_THREAD_SAFE  -I/usr/local/include   conftest.c
configure:12267: $? = 0
configure:12267: result: yes
configure:12267: checking for sys/socket.h
configure:12267: result: yes
configure:12267: checking sys/time.h usability
configure:12267: gcc -std=gnu99 -c -g -O2 -D_GNU_SOURCE -DLINUX -D_REENTRANT -D_THREAD_SAFE  -I/usr/local/include   conftest.c >&5
configure:12267: $? = 0
configure:12267: result: yes
configure:12267: checking sys/time.h presence
configure:12267: gcc -std=gnu99 -E -D_GNU_SOURCE -DLINUX -D_REENTRANT -D_THREAD_SAFE  -I/usr/local/include   conftest.c
configure:12267: $? = 0
configure:12267: result: yes
configure:12267: checking for sys/time.h
configure:12267: result: yes
configure:12267: checking for unistd.h
configure:12267: result: yes
configure:12267: checking limits.h usability
configure:12267: gcc -std=gnu99 -c -g -O2 -D_GNU_SOURCE -DLINUX -D_REENTRANT -D_THREAD_SAFE  -I/usr/local/include   conftest.c >&5
configure:12267: $? = 0
configure:12267: result: yes
configure:12267: checking limits.h presence
configure:12267: gcc -std=gnu99 -E -D_GNU_SOURCE -DLINUX -D_REENTRANT -D_THREAD_SAFE  -I/usr/local/include   conftest.c
configure:12267: $? = 0
configure:12267: result: yes
configure:12267: checking for limits.h
configure:12267: result: yes
configure:12267: checking ifaddrs.h usability
configure:12267: gcc -std=gnu99 -c -g -O2 -D_GNU_SOURCE -DLINUX -D_REENTRANT -D_THREAD_SAFE  -I/usr/local/include   conftest.c >&5
configure:12267: $? = 0
configure:12267: result: yes
configure:12267: checking ifaddrs.h presence
configure:12267: gcc -std=gnu99 -E -D_GNU_SOURCE -DLINUX -D_REENTRANT -D_THREAD_SAFE  -I/usr/local/include   conftest.c
configure:12267: $? = 0
configure:12267: result: yes
configure:12267: checking for ifaddrs.h
configure:12267: result: yes
configure:12281: checking for net/if.h
configure:12281: gcc -std=gnu99 -c -g -O2 -D_GNU_SOURCE -DLINUX -D_REENTRANT -D_THREAD_SAFE  -I/usr/local/include   conftest.c >&5
configure:12281: $? = 0
configure:12281: result: yes
configure:12281: checking for net/if_media.h
configure:12281: gcc -std=gnu99 -c -g -O2 -D_GNU_SOURCE -DLINUX -D_REENTRANT -D_THREAD_SAFE  -I/usr/local/include   conftest.c >&5
conftest.c:52:26: error: net/if_media.h: No such file or directory
configure:12281: $? = 1
configure: failed program was:
| /* confdefs.h */
| #define PACKAGE_NAME "czmq"
| #define PACKAGE_TARNAME "czmq"
| #define PACKAGE_VERSION "2.2.0"
| #define PACKAGE_STRING "czmq 2.2.0"
| #define PACKAGE_BUGREPORT "zeromq-dev@lists.zeromq.org"
| #define PACKAGE_URL ""
| #define PACKAGE "czmq"
| #define VERSION "2.2.0"
| #define PACKAGE_VERSION_MAJOR 2
| #define PACKAGE_VERSION_MINOR 2
| #define PACKAGE_VERSION_PATCH 0
| #define STDC_HEADERS 1
| #define HAVE_SYS_TYPES_H 1
| #define HAVE_SYS_STAT_H 1
| #define HAVE_STDLIB_H 1
| #define HAVE_STRING_H 1
| #define HAVE_MEMORY_H 1
| #define HAVE_STRINGS_H 1
| #define HAVE_INTTYPES_H 1
| #define HAVE_STDINT_H 1
| #define HAVE_UNISTD_H 1
| #define HAVE_DLFCN_H 1
| #define LT_OBJDIR ".libs/"
| #define HAVE_LIBPTHREAD 1
| #define HAVE_LIBUUID 1
| #define HAVE_LIBZMQ 1
| #define CZMQ_HAVE_LINUX 1
| #define HAVE_LIBSODIUM 1
| #define STDC_HEADERS 1
| #define HAVE_ERRNO_H 1
| #define HAVE_ARPA_INET_H 1
| #define HAVE_NETINET_TCP_H 1
| #define HAVE_NETINET_IN_H 1
| #define HAVE_STDDEF_H 1
| #define HAVE_STDLIB_H 1
| #define HAVE_STRING_H 1
| #define HAVE_SYS_SOCKET_H 1
| #define HAVE_SYS_TIME_H 1
| #define HAVE_UNISTD_H 1
| #define HAVE_LIMITS_H 1
| #define HAVE_IFADDRS_H 1
| #define HAVE_NET_IF_H 1
| /* end confdefs.h.  */
| 
| #ifdef HAVE_SYS_SOCKET_H
| # include <sys/socket.h>
| #endif
| #include <stdint.h>
| 
| 
| #include <net/if_media.h>
configure:12281: result: no
configure:12281: checking for linux/wireless.h
configure:12281: gcc -std=gnu99 -c -g -O2 -D_GNU_SOURCE -DLINUX -D_REENTRANT -D_THREAD_SAFE  -I/usr/local/include   conftest.c >&5
configure:12281: $? = 0
configure:12281: result: yes
configure:12300: checking for stdbool.h that conforms to C99
configure:12385: gcc -std=gnu99 -c -g -O2 -D_GNU_SOURCE -DLINUX -D_REENTRANT -D_THREAD_SAFE  -I/usr/local/include   conftest.c >&5
configure:12385: $? = 0
configure:12392: result: yes
configure:12394: checking for _Bool
configure:12394: gcc -std=gnu99 -c -g -O2 -D_GNU_SOURCE -DLINUX -D_REENTRANT -D_THREAD_SAFE  -I/usr/local/include   conftest.c >&5
configure:12394: $? = 0
configure:12394: gcc -std=gnu99 -c -g -O2 -D_GNU_SOURCE -DLINUX -D_REENTRANT -D_THREAD_SAFE  -I/usr/local/include   conftest.c >&5
conftest.c: In function 'main':
conftest.c:82: error: expected expression before ')' token
configure:12394: $? = 1
configure: failed program was:
| /* confdefs.h */
| #define PACKAGE_NAME "czmq"
| #define PACKAGE_TARNAME "czmq"
| #define PACKAGE_VERSION "2.2.0"
| #define PACKAGE_STRING "czmq 2.2.0"
| #define PACKAGE_BUGREPORT "zeromq-dev@lists.zeromq.org"
| #define PACKAGE_URL ""
| #define PACKAGE "czmq"
| #define VERSION "2.2.0"
| #define PACKAGE_VERSION_MAJOR 2
| #define PACKAGE_VERSION_MINOR 2
| #define PACKAGE_VERSION_PATCH 0
| #define STDC_HEADERS 1
| #define HAVE_SYS_TYPES_H 1
| #define HAVE_SYS_STAT_H 1
| #define HAVE_STDLIB_H 1
| #define HAVE_STRING_H 1
| #define HAVE_MEMORY_H 1
| #define HAVE_STRINGS_H 1
| #define HAVE_INTTYPES_H 1
| #define HAVE_STDINT_H 1
| #define HAVE_UNISTD_H 1
| #define HAVE_DLFCN_H 1
| #define LT_OBJDIR ".libs/"
| #define HAVE_LIBPTHREAD 1
| #define HAVE_LIBUUID 1
| #define HAVE_LIBZMQ 1
| #define CZMQ_HAVE_LINUX 1
| #define HAVE_LIBSODIUM 1
| #define STDC_HEADERS 1
| #define HAVE_ERRNO_H 1
| #define HAVE_ARPA_INET_H 1
| #define HAVE_NETINET_TCP_H 1
| #define HAVE_NETINET_IN_H 1
| #define HAVE_STDDEF_H 1
| #define HAVE_STDLIB_H 1
| #define HAVE_STRING_H 1
| #define HAVE_SYS_SOCKET_H 1
| #define HAVE_SYS_TIME_H 1
| #define HAVE_UNISTD_H 1
| #define HAVE_LIMITS_H 1
| #define HAVE_IFADDRS_H 1
| #define HAVE_NET_IF_H 1
| #define HAVE_LINUX_WIRELESS_H 1
| /* end confdefs.h.  */
| #include <stdio.h>
| #ifdef HAVE_SYS_TYPES_H
| # include <sys/types.h>
| #endif
| #ifdef HAVE_SYS_STAT_H
| # include <sys/stat.h>
| #endif
| #ifdef STDC_HEADERS
| # include <stdlib.h>
| # include <stddef.h>
| #else
| # ifdef HAVE_STDLIB_H
| #  include <stdlib.h>
| # endif
| #endif
| #ifdef HAVE_STRING_H
| # if !defined STDC_HEADERS && defined HAVE_MEMORY_H
| #  include <memory.h>
| # endif
| # include <string.h>
| #endif
| #ifdef HAVE_STRINGS_H
| # include <strings.h>
| #endif
| #ifdef HAVE_INTTYPES_H
| # include <inttypes.h>
| #endif
| #ifdef HAVE_STDINT_H
| # include <stdint.h>
| #endif
| #ifdef HAVE_UNISTD_H
| # include <unistd.h>
| #endif
| int
| main ()
| {
| if (sizeof ((_Bool)))
| 	    return 0;
|   ;
|   return 0;
| }
configure:12394: result: yes
configure:12410: checking for an ANSI C-conforming const
configure:12475: gcc -std=gnu99 -c -g -O2 -D_GNU_SOURCE -DLINUX -D_REENTRANT -D_THREAD_SAFE  -I/usr/local/include   conftest.c >&5
configure:12475: $? = 0
configure:12482: result: yes
configure:12490: checking for inline
configure:12506: gcc -std=gnu99 -c -g -O2 -D_GNU_SOURCE -DLINUX -D_REENTRANT -D_THREAD_SAFE  -I/usr/local/include   conftest.c >&5
configure:12506: $? = 0
configure:12514: result: inline
configure:12532: checking for size_t
configure:12532: gcc -std=gnu99 -c -g -O2 -D_GNU_SOURCE -DLINUX -D_REENTRANT -D_THREAD_SAFE  -I/usr/local/include   conftest.c >&5
configure:12532: $? = 0
configure:12532: gcc -std=gnu99 -c -g -O2 -D_GNU_SOURCE -DLINUX -D_REENTRANT -D_THREAD_SAFE  -I/usr/local/include   conftest.c >&5
conftest.c: In function 'main':
conftest.c:84: error: expected expression before ')' token
configure:12532: $? = 1
configure: failed program was:
| /* confdefs.h */
| #define PACKAGE_NAME "czmq"
| #define PACKAGE_TARNAME "czmq"
| #define PACKAGE_VERSION "2.2.0"
| #define PACKAGE_STRING "czmq 2.2.0"
| #define PACKAGE_BUGREPORT "zeromq-dev@lists.zeromq.org"
| #define PACKAGE_URL ""
| #define PACKAGE "czmq"
| #define VERSION "2.2.0"
| #define PACKAGE_VERSION_MAJOR 2
| #define PACKAGE_VERSION_MINOR 2
| #define PACKAGE_VERSION_PATCH 0
| #define STDC_HEADERS 1
| #define HAVE_SYS_TYPES_H 1
| #define HAVE_SYS_STAT_H 1
| #define HAVE_STDLIB_H 1
| #define HAVE_STRING_H 1
| #define HAVE_MEMORY_H 1
| #define HAVE_STRINGS_H 1
| #define HAVE_INTTYPES_H 1
| #define HAVE_STDINT_H 1
| #define HAVE_UNISTD_H 1
| #define HAVE_DLFCN_H 1
| #define LT_OBJDIR ".libs/"
| #define HAVE_LIBPTHREAD 1
| #define HAVE_LIBUUID 1
| #define HAVE_LIBZMQ 1
| #define CZMQ_HAVE_LINUX 1
| #define HAVE_LIBSODIUM 1
| #define STDC_HEADERS 1
| #define HAVE_ERRNO_H 1
| #define HAVE_ARPA_INET_H 1
| #define HAVE_NETINET_TCP_H 1
| #define HAVE_NETINET_IN_H 1
| #define HAVE_STDDEF_H 1
| #define HAVE_STDLIB_H 1
| #define HAVE_STRING_H 1
| #define HAVE_SYS_SOCKET_H 1
| #define HAVE_SYS_TIME_H 1
| #define HAVE_UNISTD_H 1
| #define HAVE_LIMITS_H 1
| #define HAVE_IFADDRS_H 1
| #define HAVE_NET_IF_H 1
| #define HAVE_LINUX_WIRELESS_H 1
| #define HAVE__BOOL 1
| #define HAVE_STDBOOL_H 1
| /* end confdefs.h.  */
| #include <stdio.h>
| #ifdef HAVE_SYS_TYPES_H
| # include <sys/types.h>
| #endif
| #ifdef HAVE_SYS_STAT_H
| # include <sys/stat.h>
| #endif
| #ifdef STDC_HEADERS
| # include <stdlib.h>
| # include <stddef.h>
| #else
| # ifdef HAVE_STDLIB_H
| #  include <stdlib.h>
| # endif
| #endif
| #ifdef HAVE_STRING_H
| # if !defined STDC_HEADERS && defined HAVE_MEMORY_H
| #  include <memory.h>
| # endif
| # include <string.h>
| #endif
| #ifdef HAVE_STRINGS_H
| # include <strings.h>
| #endif
| #ifdef HAVE_INTTYPES_H
| # include <inttypes.h>
| #endif
| #ifdef HAVE_STDINT_H
| # include <stdint.h>
| #endif
| #ifdef HAVE_UNISTD_H
| # include <unistd.h>
| #endif
| int
| main ()
| {
| if (sizeof ((size_t)))
| 	    return 0;
|   ;
|   return 0;
| }
configure:12532: result: yes
configure:12543: checking for ssize_t
configure:12543: gcc -std=gnu99 -c -g -O2 -D_GNU_SOURCE -DLINUX -D_REENTRANT -D_THREAD_SAFE  -I/usr/local/include   conftest.c >&5
configure:12543: $? = 0
configure:12543: gcc -std=gnu99 -c -g -O2 -D_GNU_SOURCE -DLINUX -D_REENTRANT -D_THREAD_SAFE  -I/usr/local/include   conftest.c >&5
conftest.c: In function 'main':
conftest.c:84: error: expected expression before ')' token
configure:12543: $? = 1
configure: failed program was:
| /* confdefs.h */
| #define PACKAGE_NAME "czmq"
| #define PACKAGE_TARNAME "czmq"
| #define PACKAGE_VERSION "2.2.0"
| #define PACKAGE_STRING "czmq 2.2.0"
| #define PACKAGE_BUGREPORT "zeromq-dev@lists.zeromq.org"
| #define PACKAGE_URL ""
| #define PACKAGE "czmq"
| #define VERSION "2.2.0"
| #define PACKAGE_VERSION_MAJOR 2
| #define PACKAGE_VERSION_MINOR 2
| #define PACKAGE_VERSION_PATCH 0
| #define STDC_HEADERS 1
| #define HAVE_SYS_TYPES_H 1
| #define HAVE_SYS_STAT_H 1
| #define HAVE_STDLIB_H 1
| #define HAVE_STRING_H 1
| #define HAVE_MEMORY_H 1
| #define HAVE_STRINGS_H 1
| #define HAVE_INTTYPES_H 1
| #define HAVE_STDINT_H 1
| #define HAVE_UNISTD_H 1
| #define HAVE_DLFCN_H 1
| #define LT_OBJDIR ".libs/"
| #define HAVE_LIBPTHREAD 1
| #define HAVE_LIBUUID 1
| #define HAVE_LIBZMQ 1
| #define CZMQ_HAVE_LINUX 1
| #define HAVE_LIBSODIUM 1
| #define STDC_HEADERS 1
| #define HAVE_ERRNO_H 1
| #define HAVE_ARPA_INET_H 1
| #define HAVE_NETINET_TCP_H 1
| #define HAVE_NETINET_IN_H 1
| #define HAVE_STDDEF_H 1
| #define HAVE_STDLIB_H 1
| #define HAVE_STRING_H 1
| #define HAVE_SYS_SOCKET_H 1
| #define HAVE_SYS_TIME_H 1
| #define HAVE_UNISTD_H 1
| #define HAVE_LIMITS_H 1
| #define HAVE_IFADDRS_H 1
| #define HAVE_NET_IF_H 1
| #define HAVE_LINUX_WIRELESS_H 1
| #define HAVE__BOOL 1
| #define HAVE_STDBOOL_H 1
| /* end confdefs.h.  */
| #include <stdio.h>
| #ifdef HAVE_SYS_TYPES_H
| # include <sys/types.h>
| #endif
| #ifdef HAVE_SYS_STAT_H
| # include <sys/stat.h>
| #endif
| #ifdef STDC_HEADERS
| # include <stdlib.h>
| # include <stddef.h>
| #else
| # ifdef HAVE_STDLIB_H
| #  include <stdlib.h>
| # endif
| #endif
| #ifdef HAVE_STRING_H
| # if !defined STDC_HEADERS && defined HAVE_MEMORY_H
| #  include <memory.h>
| # endif
| # include <string.h>
| #endif
| #ifdef HAVE_STRINGS_H
| # include <strings.h>
| #endif
| #ifdef HAVE_INTTYPES_H
| # include <inttypes.h>
| #endif
| #ifdef HAVE_STDINT_H
| # include <stdint.h>
| #endif
| #ifdef HAVE_UNISTD_H
| # include <unistd.h>
| #endif
| int
| main ()
| {
| if (sizeof ((ssize_t)))
| 	    return 0;
|   ;
|   return 0;
| }
configure:12543: result: yes
configure:12554: checking whether time.h and sys/time.h may both be included
configure:12574: gcc -std=gnu99 -c -g -O2 -D_GNU_SOURCE -DLINUX -D_REENTRANT -D_THREAD_SAFE  -I/usr/local/include   conftest.c >&5
configure:12574: $? = 0
configure:12581: result: yes
configure:12589: checking for uint32_t
configure:12589: gcc -std=gnu99 -c -g -O2 -D_GNU_SOURCE -DLINUX -D_REENTRANT -D_THREAD_SAFE  -I/usr/local/include   conftest.c >&5
configure:12589: $? = 0
configure:12589: result: yes
configure:12603: checking for working volatile
configure:12622: gcc -std=gnu99 -c -g -O2 -D_GNU_SOURCE -DLINUX -D_REENTRANT -D_THREAD_SAFE  -I/usr/local/include   conftest.c >&5
configure:12622: $? = 0
configure:12629: result: yes
configure:12677: checking return type of signal handlers
configure:12695: gcc -std=gnu99 -c -g -O2 -pedantic -Werror -Wall -D_GNU_SOURCE -DLINUX -D_REENTRANT -D_THREAD_SAFE  -I/usr/local/include   conftest.c >&5
conftest.c: In function 'main':
conftest.c:55: error: void value not ignored as it ought to be
configure:12695: $? = 1
configure: failed program was:
| /* confdefs.h */
| #define PACKAGE_NAME "czmq"
| #define PACKAGE_TARNAME "czmq"
| #define PACKAGE_VERSION "2.2.0"
| #define PACKAGE_STRING "czmq 2.2.0"
| #define PACKAGE_BUGREPORT "zeromq-dev@lists.zeromq.org"
| #define PACKAGE_URL ""
| #define PACKAGE "czmq"
| #define VERSION "2.2.0"
| #define PACKAGE_VERSION_MAJOR 2
| #define PACKAGE_VERSION_MINOR 2
| #define PACKAGE_VERSION_PATCH 0
| #define STDC_HEADERS 1
| #define HAVE_SYS_TYPES_H 1
| #define HAVE_SYS_STAT_H 1
| #define HAVE_STDLIB_H 1
| #define HAVE_STRING_H 1
| #define HAVE_MEMORY_H 1
| #define HAVE_STRINGS_H 1
| #define HAVE_INTTYPES_H 1
| #define HAVE_STDINT_H 1
| #define HAVE_UNISTD_H 1
| #define HAVE_DLFCN_H 1
| #define LT_OBJDIR ".libs/"
| #define HAVE_LIBPTHREAD 1
| #define HAVE_LIBUUID 1
| #define HAVE_LIBZMQ 1
| #define CZMQ_HAVE_LINUX 1
| #define HAVE_LIBSODIUM 1
| #define STDC_HEADERS 1
| #define HAVE_ERRNO_H 1
| #define HAVE_ARPA_INET_H 1
| #define HAVE_NETINET_TCP_H 1
| #define HAVE_NETINET_IN_H 1
| #define HAVE_STDDEF_H 1
| #define HAVE_STDLIB_H 1
| #define HAVE_STRING_H 1
| #define HAVE_SYS_SOCKET_H 1
| #define HAVE_SYS_TIME_H 1
| #define HAVE_UNISTD_H 1
| #define HAVE_LIMITS_H 1
| #define HAVE_IFADDRS_H 1
| #define HAVE_NET_IF_H 1
| #define HAVE_LINUX_WIRELESS_H 1
| #define HAVE__BOOL 1
| #define HAVE_STDBOOL_H 1
| #define TIME_WITH_SYS_TIME 1
| /* end confdefs.h.  */
| #include <sys/types.h>
| #include <signal.h>
| 
| int
| main ()
| {
| return *(signal (0, 0)) (0) == 1;
|   ;
|   return 0;
| }
configure:12702: result: void
configure:12713: checking for perror
configure:12713: gcc -std=gnu99 -o conftest -g -O2 -pedantic -Werror -Wall -D_GNU_SOURCE -DLINUX -D_REENTRANT -D_THREAD_SAFE  -I/usr/local/include    -L/usr/local/lib -lzmq   conftest.c -lsodium -lzmq -luuid -lpthread  >&5
configure:12713: $? = 0
configure:12713: result: yes
configure:12713: checking for gettimeofday
configure:12713: gcc -std=gnu99 -o conftest -g -O2 -pedantic -Werror -Wall -D_GNU_SOURCE -DLINUX -D_REENTRANT -D_THREAD_SAFE  -I/usr/local/include    -L/usr/local/lib -lzmq   conftest.c -lsodium -lzmq -luuid -lpthread  >&5
configure:12713: $? = 0
configure:12713: result: yes
configure:12713: checking for memset
configure:12713: gcc -std=gnu99 -o conftest -g -O2 -pedantic -Werror -Wall -D_GNU_SOURCE -DLINUX -D_REENTRANT -D_THREAD_SAFE  -I/usr/local/include    -L/usr/local/lib -lzmq   conftest.c -lsodium -lzmq -luuid -lpthread  >&5
cc1: warnings being treated as errors
conftest.c:75: error: conflicting types for built-in function 'memset'
configure:12713: $? = 1
configure: failed program was:
| /* confdefs.h */
| #define PACKAGE_NAME "czmq"
| #define PACKAGE_TARNAME "czmq"
| #define PACKAGE_VERSION "2.2.0"
| #define PACKAGE_STRING "czmq 2.2.0"
| #define PACKAGE_BUGREPORT "zeromq-dev@lists.zeromq.org"
| #define PACKAGE_URL ""
| #define PACKAGE "czmq"
| #define VERSION "2.2.0"
| #define PACKAGE_VERSION_MAJOR 2
| #define PACKAGE_VERSION_MINOR 2
| #define PACKAGE_VERSION_PATCH 0
| #define STDC_HEADERS 1
| #define HAVE_SYS_TYPES_H 1
| #define HAVE_SYS_STAT_H 1
| #define HAVE_STDLIB_H 1
| #define HAVE_STRING_H 1
| #define HAVE_MEMORY_H 1
| #define HAVE_STRINGS_H 1
| #define HAVE_INTTYPES_H 1
| #define HAVE_STDINT_H 1
| #define HAVE_UNISTD_H 1
| #define HAVE_DLFCN_H 1
| #define LT_OBJDIR ".libs/"
| #define HAVE_LIBPTHREAD 1
| #define HAVE_LIBUUID 1
| #define HAVE_LIBZMQ 1
| #define CZMQ_HAVE_LINUX 1
| #define HAVE_LIBSODIUM 1
| #define STDC_HEADERS 1
| #define HAVE_ERRNO_H 1
| #define HAVE_ARPA_INET_H 1
| #define HAVE_NETINET_TCP_H 1
| #define HAVE_NETINET_IN_H 1
| #define HAVE_STDDEF_H 1
| #define HAVE_STDLIB_H 1
| #define HAVE_STRING_H 1
| #define HAVE_SYS_SOCKET_H 1
| #define HAVE_SYS_TIME_H 1
| #define HAVE_UNISTD_H 1
| #define HAVE_LIMITS_H 1
| #define HAVE_IFADDRS_H 1
| #define HAVE_NET_IF_H 1
| #define HAVE_LINUX_WIRELESS_H 1
| #define HAVE__BOOL 1
| #define HAVE_STDBOOL_H 1
| #define TIME_WITH_SYS_TIME 1
| #define RETSIGTYPE void
| #define HAVE_PERROR 1
| #define HAVE_GETTIMEOFDAY 1
| /* end confdefs.h.  */
| /* Define memset to an innocuous variant, in case <limits.h> declares memset.
|    For example, HP-UX 11i <limits.h> declares gettimeofday.  */
| #define memset innocuous_memset
| 
| /* System header to define __stub macros and hopefully few prototypes,
|     which can conflict with char memset (); below.
|     Prefer <limits.h> to <assert.h> if __STDC__ is defined, since
|     <limits.h> exists even on freestanding compilers.  */
| 
| #ifdef __STDC__
| # include <limits.h>
| #else
| # include <assert.h>
| #endif
| 
| #undef memset
| 
| /* Override any GCC internal prototype to avoid an error.
|    Use char because int might match the return type of a GCC
|    builtin and then its argument prototype would still apply.  */
| #ifdef __cplusplus
| extern "C"
| #endif
| char memset ();
| /* The GNU C library defines this for functions which it implements
|     to always fail with ENOSYS.  Some functions are actually named
|     something starting with __ and the normal name is an alias.  */
| #if defined __stub_memset || defined __stub___memset
| choke me
| #endif
| 
| int
| main ()
| {
| return memset ();
|   ;
|   return 0;
| }
configure:12713: result: no
configure:12713: checking for getifaddrs
configure:12713: gcc -std=gnu99 -o conftest -g -O2 -pedantic -Werror -Wall -D_GNU_SOURCE -DLINUX -D_REENTRANT -D_THREAD_SAFE  -I/usr/local/include    -L/usr/local/lib -lzmq   conftest.c -lsodium -lzmq -luuid -lpthread  >&5
configure:12713: $? = 0
configure:12713: result: yes
configure:12713: checking for freeifaddrs
configure:12713: gcc -std=gnu99 -o conftest -g -O2 -pedantic -Werror -Wall -D_GNU_SOURCE -DLINUX -D_REENTRANT -D_THREAD_SAFE  -I/usr/local/include    -L/usr/local/lib -lzmq   conftest.c -lsodium -lzmq -luuid -lpthread  >&5
configure:12713: $? = 0
configure:12713: result: yes
configure:12861: creating ./config.status

## ---------------- ##
## Cache variables. ##
## ---------------- ##

ac_cv_build=i686-pc-linux-gnu
ac_cv_c_compiler_gnu=yes
ac_cv_c_const=yes
ac_cv_c_inline=inline
ac_cv_c_uint32_t=yes
ac_cv_c_volatile=yes
ac_cv_env_CC_set=
ac_cv_env_CC_value=
ac_cv_env_CFLAGS_set=
ac_cv_env_CFLAGS_value=
ac_cv_env_CPPFLAGS_set=
ac_cv_env_CPPFLAGS_value=
ac_cv_env_CPP_set=
ac_cv_env_CPP_value=
ac_cv_env_LDFLAGS_set=
ac_cv_env_LDFLAGS_value=
ac_cv_env_LIBS_set=
ac_cv_env_LIBS_value=
ac_cv_env_PKG_CONFIG_set=
ac_cv_env_PKG_CONFIG_value=
ac_cv_env_ZeroMQ_CFLAGS_set=
ac_cv_env_ZeroMQ_CFLAGS_value=
ac_cv_env_ZeroMQ_LIBS_set=
ac_cv_env_ZeroMQ_LIBS_value=
ac_cv_env_build_alias_set=
ac_cv_env_build_alias_value=
ac_cv_env_host_alias_set=
ac_cv_env_host_alias_value=
ac_cv_env_target_alias_set=
ac_cv_env_target_alias_value=
ac_cv_func_freeifaddrs=yes
ac_cv_func_getifaddrs=yes
ac_cv_func_gettimeofday=yes
ac_cv_func_memset=no
ac_cv_func_perror=yes
ac_cv_header_arpa_inet_h=yes
ac_cv_header_dlfcn_h=yes
ac_cv_header_errno_h=yes
ac_cv_header_ifaddrs_h=yes
ac_cv_header_inttypes_h=yes
ac_cv_header_limits_h=yes
ac_cv_header_linux_wireless_h=yes
ac_cv_header_memory_h=yes
ac_cv_header_net_if_h=yes
ac_cv_header_net_if_media_h=no
ac_cv_header_netinet_in_h=yes
ac_cv_header_netinet_tcp_h=yes
ac_cv_header_stdbool_h=yes
ac_cv_header_stdc=yes
ac_cv_header_stddef_h=yes
ac_cv_header_stdint_h=yes
ac_cv_header_stdlib_h=yes
ac_cv_header_string_h=yes
ac_cv_header_strings_h=yes
ac_cv_header_sys_socket_h=yes
ac_cv_header_sys_stat_h=yes
ac_cv_header_sys_time_h=yes
ac_cv_header_sys_types_h=yes
ac_cv_header_time=yes
ac_cv_header_unistd_h=yes
ac_cv_header_zmq_h=yes
ac_cv_host=i686-pc-linux-gnu
ac_cv_lib_pthread_pthread_create=yes
ac_cv_lib_sodium_sodium_init=yes
ac_cv_lib_uuid_uuid_generate=yes
ac_cv_lib_zmq_zmq_init=yes
ac_cv_objext=o
ac_cv_path_EGREP='/bin/grep -E'
ac_cv_path_FGREP='/bin/grep -F'
ac_cv_path_GREP=/bin/grep
ac_cv_path_SED=/bin/sed
ac_cv_path_ac_pt_PKG_CONFIG=/usr/bin/pkg-config
ac_cv_path_install='/usr/bin/install -c'
ac_cv_path_mkdir=/bin/mkdir
ac_cv_prog_AWK=gawk
ac_cv_prog_CPP='gcc -std=gnu99 -E'
ac_cv_prog_ac_ct_AR=ar
ac_cv_prog_ac_ct_CC=gcc
ac_cv_prog_ac_ct_OBJDUMP=objdump
ac_cv_prog_ac_ct_RANLIB=ranlib
ac_cv_prog_ac_ct_STRIP=strip
ac_cv_prog_cc_c89=
ac_cv_prog_cc_c99=-std=gnu99
ac_cv_prog_cc_g=yes
ac_cv_prog_cc_gcc_c_o=yes
ac_cv_prog_czmq_have_asciidoc=no
ac_cv_prog_czmq_have_xmlto=no
ac_cv_prog_make_make_set=yes
ac_cv_type__Bool=yes
ac_cv_type_signal=void
ac_cv_type_size_t=yes
ac_cv_type_ssize_t=yes
am_cv_CC_dependencies_compiler_type=gcc3
am_cv_prog_tar_ustar=gnutar
lt_cv_deplibs_check_method=pass_all
lt_cv_file_magic_cmd='$MAGIC_CMD'
lt_cv_file_magic_test_file=
lt_cv_ld_reload_flag=-r
lt_cv_nm_interface='BSD nm'
lt_cv_objdir=.libs
lt_cv_path_LD=/usr/bin/ld
lt_cv_path_NM='/usr/bin/nm -B'
lt_cv_prog_compiler_c_o=yes
lt_cv_prog_compiler_pic_works=yes
lt_cv_prog_compiler_rtti_exceptions=no
lt_cv_prog_compiler_static_works=yes
lt_cv_prog_gnu_ld=yes
lt_cv_sys_global_symbol_pipe='sed -n -e '\''s/^.*[	 ]\([ABCDGIRSTW][ABCDGIRSTW]*\)[	 ][	 ]*\([_A-Za-z][_A-Za-z0-9]*\)$/\1 \2 \2/p'\'''
lt_cv_sys_global_symbol_to_c_name_address='sed -n -e '\''s/^: \([^ ]*\) $/  {\"\1\", (void *) 0},/p'\'' -e '\''s/^[ABCDGIRSTW]* \([^ ]*\) \([^ ]*\)$/  {"\2", (void *) \&\2},/p'\'''
lt_cv_sys_global_symbol_to_c_name_address_lib_prefix='sed -n -e '\''s/^: \([^ ]*\) $/  {\"\1\", (void *) 0},/p'\'' -e '\''s/^[ABCDGIRSTW]* \([^ ]*\) \(lib[^ ]*\)$/  {"\2", (void *) \&\2},/p'\'' -e '\''s/^[ABCDGIRSTW]* \([^ ]*\) \([^ ]*\)$/  {"lib\2", (void *) \&\2},/p'\'''
lt_cv_sys_global_symbol_to_cdecl='sed -n -e '\''s/^T .* \(.*\)$/extern int \1();/p'\'' -e '\''s/^[ABCDGIRSTW]* .* \(.*\)$/extern char \1;/p'\'''
lt_cv_sys_max_cmd_len=805306365
pkg_cv_ZeroMQ_CFLAGS='-I/usr/local/include  '
pkg_cv_ZeroMQ_LIBS='-L/usr/local/lib -lzmq  '

## ----------------- ##
## Output variables. ##
## ----------------- ##

ACLOCAL='${SHELL} /home/self/Repository/COAST/zeromq/czmq/config/missing --run aclocal-1.11'
AMDEPBACKSLASH='\'
AMDEP_FALSE='#'
AMDEP_TRUE=''
AMTAR='${SHELL} /home/self/Repository/COAST/zeromq/czmq/config/missing --run tar'
AM_BACKSLASH='\'
AM_DEFAULT_VERBOSITY='0'
AR='ar'
AS='as'
AUTOCONF='${SHELL} /home/self/Repository/COAST/zeromq/czmq/config/missing --run autoconf'
AUTOHEADER='${SHELL} /home/self/Repository/COAST/zeromq/czmq/config/missing --run autoheader'
AUTOMAKE='${SHELL} /home/self/Repository/COAST/zeromq/czmq/config/missing --run automake-1.11'
AWK='gawk'
BUILD_DOC_FALSE=''
BUILD_DOC_TRUE='#'
CC='gcc -std=gnu99'
CCDEPMODE='depmode=gcc3'
CFLAGS='-g -O2'
CPP='gcc -std=gnu99 -E'
CPPFLAGS='-pedantic -Werror -Wall -D_GNU_SOURCE -DLINUX -D_REENTRANT -D_THREAD_SAFE  -I/usr/local/include  '
CYGPATH_W='echo'
DEFS='-DHAVE_CONFIG_H'
DEPDIR='.deps'
DLLTOOL='dlltool'
DSYMUTIL=''
DUMPBIN=''
ECHO_C=''
ECHO_N='-n'
ECHO_T=''
EGREP='/bin/grep -E'
EXEEXT=''
FGREP='/bin/grep -F'
GREP='/bin/grep'
INSTALL_DATA='${INSTALL} -m 644'
INSTALL_MAN_FALSE=''
INSTALL_MAN_TRUE='#'
INSTALL_PROGRAM='${INSTALL}'
INSTALL_SCRIPT='${INSTALL}'
INSTALL_STRIP_PROGRAM='$(install_sh) -c -s'
LD='/usr/bin/ld'
LDFLAGS=' -L/usr/local/lib -lzmq  '
LIBOBJS=''
LIBS='-lsodium -lzmq -luuid -lpthread '
LIBTOOL='$(SHELL) $(top_builddir)/libtool'
LIPO=''
LN_S='ln -s'
LTLIBOBJS=''
LTVER='2:0:1'
MAKEINFO='${SHELL} /home/self/Repository/COAST/zeromq/czmq/config/missing --run makeinfo'
MKDIR_P='/bin/mkdir -p'
NM='/usr/bin/nm -B'
NMEDIT=''
OBJDUMP='objdump'
OBJEXT='o'
ON_ANDROID_FALSE=''
ON_ANDROID_TRUE='#'
ON_MINGW_FALSE=''
ON_MINGW_TRUE='#'
OTOOL64=''
OTOOL=''
PACKAGE='czmq'
PACKAGE_BUGREPORT='zeromq-dev@lists.zeromq.org'
PACKAGE_NAME='czmq'
PACKAGE_STRING='czmq 2.2.0'
PACKAGE_TARNAME='czmq'
PACKAGE_URL=''
PACKAGE_VERSION='2.2.0'
PATH_SEPARATOR=':'
PKG_CONFIG='/usr/bin/pkg-config'
RANLIB='ranlib'
SED='/bin/sed'
SET_MAKE=''
SHELL='/bin/bash'
STRIP='strip'
VERSION='2.2.0'
ZeroMQ_CFLAGS='-I/usr/local/include  '
ZeroMQ_LIBS='-L/usr/local/lib -lzmq  '
ac_ct_CC='gcc'
ac_ct_DUMPBIN=''
am__EXEEXT_FALSE=''
am__EXEEXT_TRUE='#'
am__fastdepCC_FALSE='#'
am__fastdepCC_TRUE=''
am__include='include'
am__isrc=''
am__leading_dot='.'
am__quote=''
am__tar='tar --format=ustar -chf - "$$tardir"'
am__untar='tar -xf -'
bindir='${exec_prefix}/bin'
build='i686-pc-linux-gnu'
build_alias=''
build_cpu='i686'
build_os='linux-gnu'
build_vendor='pc'
czmq_have_asciidoc='no'
czmq_have_xmlto='no'
datadir='${datarootdir}'
datarootdir='${prefix}/share'
docdir='${datarootdir}/doc/${PACKAGE_TARNAME}'
dvidir='${docdir}'
exec_prefix='${prefix}'
host='i686-pc-linux-gnu'
host_alias=''
host_cpu='i686'
host_os='linux-gnu'
host_vendor='pc'
htmldir='${docdir}'
includedir='${prefix}/include'
infodir='${datarootdir}/info'
install_sh='${SHELL} /home/self/Repository/COAST/zeromq/czmq/config/install-sh'
libdir='${exec_prefix}/lib'
libexecdir='${exec_prefix}/libexec'
localedir='${datarootdir}/locale'
localstatedir='${prefix}/var'
lt_ECHO='echo'
mandir='${datarootdir}/man'
mkdir_p='/bin/mkdir -p'
oldincludedir='/usr/include'
pdfdir='${docdir}'
prefix='/usr/local'
program_transform_name='s,x,x,'
psdir='${docdir}'
sbindir='${exec_prefix}/sbin'
sharedstatedir='${prefix}/com'
sysconfdir='${prefix}/etc'
target_alias=''

## ----------- ##
## confdefs.h. ##
## ----------- ##

/* confdefs.h */
#define PACKAGE_NAME "czmq"
#define PACKAGE_TARNAME "czmq"
#define PACKAGE_VERSION "2.2.0"
#define PACKAGE_STRING "czmq 2.2.0"
#define PACKAGE_BUGREPORT "zeromq-dev@lists.zeromq.org"
#define PACKAGE_URL ""
#define PACKAGE "czmq"
#define VERSION "2.2.0"
#define PACKAGE_VERSION_MAJOR 2
#define PACKAGE_VERSION_MINOR 2
#define PACKAGE_VERSION_PATCH 0
#define STDC_HEADERS 1
#define HAVE_SYS_TYPES_H 1
#define HAVE_SYS_STAT_H 1
#define HAVE_STDLIB_H 1
#define HAVE_STRING_H 1
#define HAVE_MEMORY_H 1
#define HAVE_STRINGS_H 1
#define HAVE_INTTYPES_H 1
#define HAVE_STDINT_H 1
#define HAVE_UNISTD_H 1
#define HAVE_DLFCN_H 1
#define LT_OBJDIR ".libs/"
#define HAVE_LIBPTHREAD 1
#define HAVE_LIBUUID 1
#define HAVE_LIBZMQ 1
#define CZMQ_HAVE_LINUX 1
#define HAVE_LIBSODIUM 1
#define STDC_HEADERS 1
#define HAVE_ERRNO_H 1
#define HAVE_ARPA_INET_H 1
#define HAVE_NETINET_TCP_H 1
#define HAVE_NETINET_IN_H 1
#define HAVE_STDDEF_H 1
#define HAVE_STDLIB_H 1
#define HAVE_STRING_H 1
#define HAVE_SYS_SOCKET_H 1
#define HAVE_SYS_TIME_H 1
#define HAVE_UNISTD_H 1
#define HAVE_LIMITS_H 1
#define HAVE_IFADDRS_H 1
#define HAVE_NET_IF_H 1
#define HAVE_LINUX_WIRELESS_H 1
#define HAVE__BOOL 1
#define HAVE_STDBOOL_H 1
#define TIME_WITH_SYS_TIME 1
#define RETSIGTYPE void
#define HAVE_PERROR 1
#define HAVE_GETTIMEOFDAY 1
#define HAVE_GETIFADDRS 1
#define HAVE_FREEIFADDRS 1

configure: exit 0

## ---------------------- ##
## Running config.status. ##
## ---------------------- ##

This file was extended by czmq config.status 2.2.0, which was
generated by GNU Autoconf 2.65.  Invocation command line was

  CONFIG_FILES    = 
  CONFIG_HEADERS  = 
  CONFIG_LINKS    = 
  CONFIG_COMMANDS = 
  $ ./config.status 

on ubuntu

config.status:1118: creating Makefile
config.status:1118: creating src/Makefile
config.status:1118: creating src/libczmq.pc
config.status:1118: creating doc/Makefile
config.status:1118: creating addons/Makefile
config.status:1118: creating model/Makefile
config.status:1118: creating src/platform.h
config.status:1338: executing depfiles commands
config.status:1338: executing libtool commands

## ---------------------- ##
## Running config.status. ##
## ---------------------- ##

This file was extended by czmq config.status 2.2.0, which was
generated by GNU Autoconf 2.65.  Invocation command line was

  CONFIG_FILES    = 
  CONFIG_HEADERS  = 
  CONFIG_LINKS    = 
  CONFIG_COMMANDS = 
  $ ./config.status src/platform.h

on ubuntu

config.status:1118: creating src/platform.h
